SLURM job running in:  /work-zfs/lhc/heshy/JHUGen/xsecs_78TeV/JHUGen/JHUGenerator
  ****************************************
 
       NNPDFDriver version 1.0.3
   Grid: ./pdfs/NNPDF30_lo_as_0130.LHgrid                                                                    
  ****************************************
 extending no. of histograms for vbf tests
 
  
  ***************************************************************************************
  *                                JHU Generator v7.0.2                                 *
  ***************************************************************************************
  *                                                                                     *
  *   Spin and parity determination of single-produced resonances at hadron colliders   *
  *                                                                                     *
  *          I. Anderson, S. Bolognesi, F. Caola, Y. Gao, A. Gritsan, Z. Guo,           *
  *        C. Martin, K. Melnikov, R. Rontsch, H. Roskes, U. Sarica, M. Schulze,        *
  *                   N. Tran, A. Whitbeck, M. Xiao, C. You, Y. Zhou                    *
  *              Phys.Rev. D81 (2010) 075022;  arXiv:1001.3396  [hep-ph],               *
  *              Phys.Rev. D86 (2012) 095031;  arXiv:1208.4018  [hep-ph],               *
  *              Phys.Rev. D89 (2014) 035007;  arXiv:1309.4819  [hep-ph],               *
  *              Phys.Rev. D94 (2016) 055023;  arXiv:1606.03107 [hep-ph].               *
  *                                                                                     *
  ***************************************************************************************
  
   
   Command line: ./JHUGen PDFSet=3 MPhotonCutoff=0 ColliderEnergy=7 Process=60 ghz1_prime2=0,0 VegasNc1=99999999 VegasNc0=99999999 VegasNc2=99999999 Unweighted=0 ghz2=0,0 ghz1=1,0 pTjetcut=15 deltaRcut=0 ghz4=0,0 ghzgs1_prime2=-7613.35130212,0
   
   Input Parameter:
    Collider: P-P, sqrt(s)= 7000.00
    Resonance: spin=0, mass= 125.00 width=   0.00407
    Z-boson: mass=91.188, width=2.4952
    W-boson: mass=80.399, width=2.0850
    Jet cuts:
            pT >=    15.00 GeV
        DeltaR >=     0.00
           mJJ >=     0.00 GeV
    Random seed:    69693511
    To reproduce results using this seed, JHUGen should be compiled with the same compiler:
      GNU Fortran (GCC) 4.9.3
    
    WidthScheme:   2
    PDFSet:   3
    Unweighted: F
    Intermediate off-shell photons: T
    
    spin-0-VV couplings: 
      generate_as=F
      ghg2=  0.10000000E+01  0.00000000E+00i
      ghz1=  0.10000000E+01  0.00000000E+00i
      ghzgs1_prime2= -0.76133513E+04  0.00000000E+00i,  Lambda_zgs1=  1.0000E+04
      Lambda=  1000.0
    
    LHE output: ./data/output.lhe
    Histogram output: ./data/output.dat
    Log file: ./data/output.log
    
  Running

  Input parameters for vegas:  ndim=  9   ncall= 99999999.
                              it=    0    itmx=   15
                              acc=-1.00    
                              mds=  0     nd=  50
                              (xl,xu)= (  0.00000     ,  1.00000     )
                                       (  0.00000     ,  1.00000     )
                                       (  0.00000     ,  1.00000     )
                                       (  0.00000     ,  1.00000     )
                                       (  0.00000     ,  1.00000     )
                                       (  0.00000     ,  1.00000     )
                                       (  0.00000     ,  1.00000     )
                                       (  0.00000     ,  1.00000     )
                                       (  0.00000     ,  1.00000     )

#********** Integration by Vegas (iteration       1) ************
#                                                               *
#  integral  =  689.39186       accum. integral =  689.39186    *
#  std. dev. =  74.342368       accum. std. dev =  74.342368    *
#   min/max. wt. =    0.00000             58.0006               *
#                                                               *
#*************   chi**2/iteration =  0.000       ****************


#********** Integration by Vegas (iteration       2) ************
#                                                               *
#  integral  =  731.88747       accum. integral =  727.28478    *
#  std. dev. =  27.506874       accum. std. dev =  25.231753    *
#   min/max. wt. =    0.00000             24.7744               *
#                                                               *
#*************   chi**2/iteration = 0.2737       ****************


#********** Integration by Vegas (iteration       3) ************
#                                                               *
#  integral  =  748.96404       accum. integral =  748.69775    *
#  std. dev. =  2.9641791       accum. std. dev =  2.8471283    *
#   min/max. wt. =    0.00000            0.945151               *
#                                                               *
#*************   chi**2/iteration = 0.4836       ****************


#********** Integration by Vegas (iteration       4) ************
#                                                               *
#  integral  =  745.87174       accum. integral =  746.05417    *
#  std. dev. = 0.77068178       accum. std. dev = 0.72894673    *
#   min/max. wt. =    0.00000            0.653751E-01           *
#                                                               *
#*************   chi**2/iteration = 0.6200       ****************


#********** Integration by Vegas (iteration       5) ************
#                                                               *
#  integral  =  747.12277       accum. integral =  746.82500    *
#  std. dev. = 0.46406082       accum. std. dev = 0.38668146    *
#   min/max. wt. =    0.00000            0.649597E-01           *
#                                                               *
#*************   chi**2/iteration = 0.8442       ****************


#********** Integration by Vegas (iteration       6) ************
#                                                               *
#  integral  =  746.84324       accum. integral =  746.83379    *
#  std. dev. = 0.40870824       accum. std. dev = 0.27927595    *
#   min/max. wt. =    0.00000            0.435642E-01           *
#                                                               *
#*************   chi**2/iteration = 0.6713       ****************


#********** Integration by Vegas (iteration       7) ************
#                                                               *
#  integral  =  746.49104       accum. integral =  746.71365    *
#  std. dev. = 0.38592671       accum. std. dev = 0.22556031    *
#   min/max. wt. =    0.00000            0.298890E-01           *
#                                                               *
#*************   chi**2/iteration = 0.6446       ****************


#********** Integration by Vegas (iteration       8) ************
#                                                               *
#  integral  =  746.49430       accum. integral =  746.65471    *
#  std. dev. = 0.37695566       accum. std. dev = 0.19320645    *
#   min/max. wt. =    0.00000            0.216111E-01           *
#                                                               *
#*************   chi**2/iteration = 0.5869       ****************


#********** Integration by Vegas (iteration       9) ************
#                                                               *
#  integral  =  746.26525       accum. integral =  746.57080    *
#  std. dev. = 0.37275290       accum. std. dev = 0.17134299    *
#   min/max. wt. =    0.00000            0.198512E-01           *
#                                                               *
#*************   chi**2/iteration = 0.6214       ****************


#********** Integration by Vegas (iteration      10) ************
#                                                               *
#  integral  =  746.26909       accum. integral =  746.51690    *
#  std. dev. = 0.37101014       accum. std. dev = 0.15543973    *
#   min/max. wt. =    0.00000            0.174113E-01           *
#                                                               *
#*************   chi**2/iteration = 0.6127       ****************


#********** Integration by Vegas (iteration      11) ************
#                                                               *
#  integral  =  746.66564       accum. integral =  746.53971    *
#  std. dev. = 0.36862414       accum. std. dev = 0.14314640    *
#   min/max. wt. =    0.00000            0.124306E-01           *
#                                                               *
#*************   chi**2/iteration = 0.5645       ****************


#********** Integration by Vegas (iteration      12) ************
#                                                               *
#  integral  =  746.62372       accum. integral =  746.55078    *
#  std. dev. = 0.37060798       accum. std. dev = 0.13347955    *
#   min/max. wt. =    0.00000            0.173214E-01           *
#                                                               *
#*************   chi**2/iteration = 0.5166       ****************


#********** Integration by Vegas (iteration      13) ************
#                                                               *
#  integral  =  746.20572       accum. integral =  746.51112    *
#  std. dev. = 0.37305756       accum. std. dev = 0.12564427    *
#   min/max. wt. =    0.00000            0.158690E-01           *
#                                                               *
#*************   chi**2/iteration = 0.5370       ****************


#********** Integration by Vegas (iteration      14) ************
#                                                               *
#  integral  =  746.65918       accum. integral =  746.52592    *
#  std. dev. = 0.37971363       accum. std. dev = 0.11926023    *
#   min/max. wt. =    0.00000            0.268609E-01           *
#                                                               *
#*************   chi**2/iteration = 0.5058       ****************


#********** Integration by Vegas (iteration      15) ************
#                                                               *
#  integral  =  746.93683       accum. integral =  746.56343    *
#  std. dev. = 0.37893416       accum. std. dev = 0.11374032    *
#   min/max. wt. =    0.00000            0.140698E-01           *
#                                                               *
#*************   chi**2/iteration = 0.5466       ****************

 ****************************************************
 * Writing out vegas grid to ./data/output.grid                                                      
 ****************************************************

  Input parameters for vegas:  ndim=  9   ncall= 99999999.
                              it=    0    itmx=    2
                              acc=-1.00    
                              mds=  0     nd=  50
                              (xl,xu)= (  0.00000     ,  1.00000     )
                                       (  0.00000     ,  1.00000     )
                                       (  0.00000     ,  1.00000     )
                                       (  0.00000     ,  1.00000     )
                                       (  0.00000     ,  1.00000     )
                                       (  0.00000     ,  1.00000     )
                                       (  0.00000     ,  1.00000     )
                                       (  0.00000     ,  1.00000     )
                                       (  0.00000     ,  1.00000     )

#********** Integration by Vegas (iteration       1) ************
#                                                               *
#  integral  =  746.48382       accum. integral =  746.48382    *
#  std. dev. = 0.38148664       accum. std. dev = 0.38148664    *
#   min/max. wt. =    0.00000            0.157491E-01           *
#                                                               *
#*************   chi**2/iteration = 0.7999E-06   ****************


#********** Integration by Vegas (iteration       2) ************
#                                                               *
#  integral  =  745.85634       accum. integral =  746.17368    *
#  std. dev. = 0.38556865       accum. std. dev = 0.27118226    *
#   min/max. wt. =    0.00000            0.252618E-01           *
#                                                               *
#*************   chi**2/iteration =  1.337       ****************

 Done
