SLURM job running in:  /work-zfs/lhc/heshy/JHUGen/xsecs_78TeV/JHUGen/JHUGenerator
  ****************************************
 
       NNPDFDriver version 1.0.3
   Grid: ./pdfs/NNPDF30_lo_as_0130.LHgrid                                                                    
  ****************************************
 extending no. of histograms for vbf tests
 
  
  ***************************************************************************************
  *                                JHU Generator v7.0.2                                 *
  ***************************************************************************************
  *                                                                                     *
  *   Spin and parity determination of single-produced resonances at hadron colliders   *
  *                                                                                     *
  *          I. Anderson, S. Bolognesi, F. Caola, Y. Gao, A. Gritsan, Z. Guo,           *
  *        C. Martin, K. Melnikov, R. Rontsch, H. Roskes, U. Sarica, M. Schulze,        *
  *                   N. Tran, A. Whitbeck, M. Xiao, C. You, Y. Zhou                    *
  *              Phys.Rev. D81 (2010) 075022;  arXiv:1001.3396  [hep-ph],               *
  *              Phys.Rev. D86 (2012) 095031;  arXiv:1208.4018  [hep-ph],               *
  *              Phys.Rev. D89 (2014) 035007;  arXiv:1309.4819  [hep-ph],               *
  *              Phys.Rev. D94 (2016) 055023;  arXiv:1606.03107 [hep-ph].               *
  *                                                                                     *
  ***************************************************************************************
  
   
   Command line: ./JHUGen PDFSet=3 MPhotonCutoff=0 ColliderEnergy=7 Process=60 ghz1_prime2=0,0 VegasNc1=99999999 VegasNc0=99999999 VegasNc2=99999999 Unweighted=0 ghz2=0,0 ghz1=0,0 pTjetcut=15 deltaRcut=0 ghz4=0,0 ghzgs1_prime2=1,0
   
   Input Parameter:
    Collider: P-P, sqrt(s)= 7000.00
    Resonance: spin=0, mass= 125.00 width=   0.00407
    Z-boson: mass=91.188, width=2.4952
    W-boson: mass=80.399, width=2.0850
    Jet cuts:
            pT >=    15.00 GeV
        DeltaR >=     0.00
           mJJ >=     0.00 GeV
    Random seed:   756329850
    To reproduce results using this seed, JHUGen should be compiled with the same compiler:
      GNU Fortran (GCC) 4.9.3
    
    WidthScheme:   2
    PDFSet:   3
    Unweighted: F
    Intermediate off-shell photons: T
    
    spin-0-VV couplings: 
      generate_as=F
      ghg2=  0.10000000E+01  0.00000000E+00i
      ghzgs1_prime2=  0.10000000E+01  0.00000000E+00i,  Lambda_zgs1=  1.0000E+04
      Lambda=  1000.0
    
    LHE output: ./data/output.lhe
    Histogram output: ./data/output.dat
    Log file: ./data/output.log
    
  Running

  Input parameters for vegas:  ndim=  9   ncall= 99999999.
                              it=    0    itmx=   15
                              acc=-1.00    
                              mds=  0     nd=  50
                              (xl,xu)= (  0.00000     ,  1.00000     )
                                       (  0.00000     ,  1.00000     )
                                       (  0.00000     ,  1.00000     )
                                       (  0.00000     ,  1.00000     )
                                       (  0.00000     ,  1.00000     )
                                       (  0.00000     ,  1.00000     )
                                       (  0.00000     ,  1.00000     )
                                       (  0.00000     ,  1.00000     )
                                       (  0.00000     ,  1.00000     )

#********** Integration by Vegas (iteration       1) ************
#                                                               *
#  integral  = 0.82631941E-05   accum. integral = 0.82631941E-05*
#  std. dev. = 0.39857354E-06   accum. std. dev = 0.39857354E-06*
#   min/max. wt. =    0.00000            0.279753E-06           *
#                                                               *
#*************   chi**2/iteration =  0.000       ****************


#********** Integration by Vegas (iteration       2) ************
#                                                               *
#  integral  = 0.10198659E-04   accum. integral = 0.97815529E-05*
#  std. dev. = 0.25783356E-06   accum. std. dev = 0.20783076E-06*
#   min/max. wt. =    0.00000            0.206358E-06           *
#                                                               *
#*************   chi**2/iteration =  14.65       ****************


#********** Integration by Vegas (iteration       3) ************
#                                                               *
#  integral  = 0.10871488E-04   accum. integral = 0.10825057E-04*
#  std. dev. = 0.51349838E-07   accum. std. dev = 0.45477432E-07*
#   min/max. wt. =    0.00000            0.249979E-07           *
#                                                               *
#*************   chi**2/iteration =  18.23       ****************


#********** Integration by Vegas (iteration       4) ************
#                                                               *
#  integral  = 0.10786091E-04   accum. integral = 0.10788212E-04*
#  std. dev. = 0.11958810E-07   accum. std. dev = 0.10872900E-07*
#   min/max. wt. =    0.00000            0.804112E-09           *
#                                                               *
#*************   chi**2/iteration =  11.79       ****************


#********** Integration by Vegas (iteration       5) ************
#                                                               *
#  integral  = 0.10778151E-04   accum. integral = 0.10780407E-04*
#  std. dev. = 0.62478507E-08   accum. std. dev = 0.52216462E-08*
#   min/max. wt. =    0.00000            0.761681E-09           *
#                                                               *
#*************   chi**2/iteration =  8.760       ****************


#********** Integration by Vegas (iteration       6) ************
#                                                               *
#  integral  = 0.10772653E-04   accum. integral = 0.10776414E-04*
#  std. dev. = 0.53378123E-08   accum. std. dev = 0.36696052E-08*
#   min/max. wt. =    0.00000            0.234841E-09           *
#                                                               *
#*************   chi**2/iteration =  7.106       ****************


#********** Integration by Vegas (iteration       7) ************
#                                                               *
#  integral  = 0.10786202E-04   accum. integral = 0.10779892E-04*
#  std. dev. = 0.51652401E-08   accum. std. dev = 0.29655968E-08*
#   min/max. wt. =    0.00000            0.296931E-09           *
#                                                               *
#*************   chi**2/iteration =  6.261       ****************


#********** Integration by Vegas (iteration       8) ************
#                                                               *
#  integral  = 0.10781176E-04   accum. integral = 0.10780242E-04*
#  std. dev. = 0.50297726E-08   accum. std. dev = 0.25417409E-08*
#   min/max. wt. =    0.00000            0.148639E-09           *
#                                                               *
#*************   chi**2/iteration =  5.322       ****************


#********** Integration by Vegas (iteration       9) ************
#                                                               *
#  integral  = 0.10779634E-04   accum. integral = 0.10780108E-04*
#  std. dev. = 0.49387497E-08   accum. std. dev = 0.22527021E-08*
#   min/max. wt. =    0.00000            0.152503E-09           *
#                                                               *
#*************   chi**2/iteration =  4.625       ****************


#********** Integration by Vegas (iteration      10) ************
#                                                               *
#  integral  = 0.10772346E-04   accum. integral = 0.10778691E-04*
#  std. dev. = 0.49016052E-08   accum. std. dev = 0.20425596E-08*
#   min/max. wt. =    0.00000            0.135276E-09           *
#                                                               *
#*************   chi**2/iteration =  4.327       ****************


#********** Integration by Vegas (iteration      11) ************
#                                                               *
#  integral  = 0.10776276E-04   accum. integral = 0.10778322E-04*
#  std. dev. = 0.49307141E-08   accum. std. dev = 0.18843449E-08*
#   min/max. wt. =    0.00000            0.349024E-09           *
#                                                               *
#*************   chi**2/iteration =  3.897       ****************


#********** Integration by Vegas (iteration      12) ************
#                                                               *
#  integral  = 0.10780527E-04   accum. integral = 0.10778614E-04*
#  std. dev. = 0.49300583E-08   accum. std. dev = 0.17583066E-08*
#   min/max. wt. =    0.00000            0.128580E-09           *
#                                                               *
#*************   chi**2/iteration =  3.545       ****************


#********** Integration by Vegas (iteration      13) ************
#                                                               *
#  integral  = 0.10774976E-04   accum. integral = 0.10778191E-04*
#  std. dev. = 0.49466982E-08   accum. std. dev = 0.16555172E-08*
#   min/max. wt. =    0.00000            0.212827E-09           *
#                                                               *
#*************   chi**2/iteration =  3.281       ****************


#********** Integration by Vegas (iteration      14) ************
#                                                               *
#  integral  = 0.10780495E-04   accum. integral = 0.10778428E-04*
#  std. dev. = 0.49820031E-08   accum. std. dev = 0.15701644E-08*
#   min/max. wt. =    0.00000            0.274090E-09           *
#                                                               *
#*************   chi**2/iteration =  3.035       ****************


#********** Integration by Vegas (iteration      15) ************
#                                                               *
#  integral  = 0.10781892E-04   accum. integral = 0.10778746E-04*
#  std. dev. = 0.50334779E-08   accum. std. dev = 0.14983092E-08*
#   min/max. wt. =    0.00000            0.248385E-09           *
#                                                               *
#*************   chi**2/iteration =  2.843       ****************

 ****************************************************
 * Writing out vegas grid to ./data/output.grid                                                      
 ****************************************************

  Input parameters for vegas:  ndim=  9   ncall= 99999999.
                              it=    0    itmx=    2
                              acc=-1.00    
                              mds=  0     nd=  50
                              (xl,xu)= (  0.00000     ,  1.00000     )
                                       (  0.00000     ,  1.00000     )
                                       (  0.00000     ,  1.00000     )
                                       (  0.00000     ,  1.00000     )
                                       (  0.00000     ,  1.00000     )
                                       (  0.00000     ,  1.00000     )
                                       (  0.00000     ,  1.00000     )
                                       (  0.00000     ,  1.00000     )
                                       (  0.00000     ,  1.00000     )

#********** Integration by Vegas (iteration       1) ************
#                                                               *
#  integral  = 0.10778919E-04   accum. integral = 0.10778919E-04*
#  std. dev. = 0.50226345E-08   accum. std. dev = 0.50226345E-08*
#   min/max. wt. =    0.00000            0.263846E-09           *
#                                                               *
#*************   chi**2/iteration = -.5123E-06   ****************


#********** Integration by Vegas (iteration       2) ************
#                                                               *
#  integral  = 0.10775828E-04   accum. integral = 0.10777408E-04*
#  std. dev. = 0.51365552E-08   accum. std. dev = 0.35911270E-08*
#   min/max. wt. =    0.00000            0.189897E-09           *
#                                                               *
#*************   chi**2/iteration = 0.1850       ****************

 Done
