SLURM job running in:  /work-zfs/lhc/heshy/JHUGen/xsecs_78TeV/JHUGen/JHUGenerator
  ****************************************
 
       NNPDFDriver version 1.0.3
   Grid: ./pdfs/NNPDF30_lo_as_0130.LHgrid                                                                    
  ****************************************
 extending no. of histograms for vbf tests
 
  
  ***************************************************************************************
  *                                JHU Generator v7.0.2                                 *
  ***************************************************************************************
  *                                                                                     *
  *   Spin and parity determination of single-produced resonances at hadron colliders   *
  *                                                                                     *
  *          I. Anderson, S. Bolognesi, F. Caola, Y. Gao, A. Gritsan, Z. Guo,           *
  *        C. Martin, K. Melnikov, R. Rontsch, H. Roskes, U. Sarica, M. Schulze,        *
  *                   N. Tran, A. Whitbeck, M. Xiao, C. You, Y. Zhou                    *
  *              Phys.Rev. D81 (2010) 075022;  arXiv:1001.3396  [hep-ph],               *
  *              Phys.Rev. D86 (2012) 095031;  arXiv:1208.4018  [hep-ph],               *
  *              Phys.Rev. D89 (2014) 035007;  arXiv:1309.4819  [hep-ph],               *
  *              Phys.Rev. D94 (2016) 055023;  arXiv:1606.03107 [hep-ph].               *
  *                                                                                     *
  ***************************************************************************************
  
   
   Command line: ./JHUGen PDFSet=3 MPhotonCutoff=0 ColliderEnergy=13 Process=60 ghz1_prime2=1,0 VegasNc1=99999999 VegasNc0=99999999 VegasNc2=99999999 Unweighted=0 ghz2=0,0 ghz1=0,0 pTjetcut=0 deltaRcut=0 ghz4=0,0
   
   Input Parameter:
    Collider: P-P, sqrt(s)=13000.00
    Resonance: spin=0, mass= 125.00 width=   0.00407
    Z-boson: mass=91.188, width=2.4952
    W-boson: mass=80.399, width=2.0850
    Jet cuts:
            pT >=     0.00 GeV
        DeltaR >=     0.00
           mJJ >=     0.00 GeV
    Random seed:   752550109
    To reproduce results using this seed, JHUGen should be compiled with the same compiler:
      GNU Fortran (GCC) 4.9.3
    
    WidthScheme:   2
    PDFSet:   3
    Unweighted: F
    Intermediate off-shell photons: F
    
    spin-0-VV couplings: 
      generate_as=F
      ghg2=  0.10000000E+01  0.00000000E+00i
      ghz1_prime2=  0.10000000E+01  0.00000000E+00i,    Lambda_z1=  1.0000E+04
      Lambda=  1000.0
    
    LHE output: ./data/output.lhe
    Histogram output: ./data/output.dat
    Log file: ./data/output.log
    
  Running

  Input parameters for vegas:  ndim=  9   ncall= 99999999.
                              it=    0    itmx=   15
                              acc=-1.00    
                              mds=  0     nd=  50
                              (xl,xu)= (  0.00000     ,  1.00000     )
                                       (  0.00000     ,  1.00000     )
                                       (  0.00000     ,  1.00000     )
                                       (  0.00000     ,  1.00000     )
                                       (  0.00000     ,  1.00000     )
                                       (  0.00000     ,  1.00000     )
                                       (  0.00000     ,  1.00000     )
                                       (  0.00000     ,  1.00000     )
                                       (  0.00000     ,  1.00000     )

#********** Integration by Vegas (iteration       1) ************
#                                                               *
#  integral  = 0.15324680E-03   accum. integral = 0.15324680E-03*
#  std. dev. = 0.12072418E-04   accum. std. dev = 0.12072418E-04*
#   min/max. wt. =    0.00000            0.102783E-04           *
#                                                               *
#*************   chi**2/iteration =  0.000       ****************


#********** Integration by Vegas (iteration       2) ************
#                                                               *
#  integral  = 0.24347420E-03   accum. integral = 0.17497632E-03*
#  std. dev. = 0.34054098E-04   accum. std. dev = 0.13962998E-04*
#   min/max. wt. =    0.00000            0.293249E-04           *
#                                                               *
#*************   chi**2/iteration =  7.627       ****************


#********** Integration by Vegas (iteration       3) ************
#                                                               *
#  integral  = 0.21947583E-03   accum. integral = 0.19668861E-03*
#  std. dev. = 0.15433053E-04   accum. std. dev = 0.10261380E-04*
#   min/max. wt. =    0.00000            0.152462E-04           *
#                                                               *
#*************   chi**2/iteration =  5.966       ****************


#********** Integration by Vegas (iteration       4) ************
#                                                               *
#  integral  = 0.20951456E-03   accum. integral = 0.20907364E-03*
#  std. dev. = 0.19417185E-05   accum. std. dev = 0.19039438E-05*
#   min/max. wt. =    0.00000            0.944802E-06           *
#                                                               *
#*************   chi**2/iteration =  4.474       ****************


#********** Integration by Vegas (iteration       5) ************
#                                                               *
#  integral  = 0.20832630E-03   accum. integral = 0.20833985E-03*
#  std. dev. = 0.25781804E-06   accum. std. dev = 0.25619352E-06*
#   min/max. wt. =    0.00000            0.366447E-07           *
#                                                               *
#*************   chi**2/iteration =  3.398       ****************


#********** Integration by Vegas (iteration       6) ************
#                                                               *
#  integral  = 0.20793190E-03   accum. integral = 0.20801828E-03*
#  std. dev. = 0.13215696E-06   accum. std. dev = 0.11779697E-06*
#   min/max. wt. =    0.00000            0.939886E-08           *
#                                                               *
#*************   chi**2/iteration =  3.123       ****************


#********** Integration by Vegas (iteration       7) ************
#                                                               *
#  integral  = 0.20821235E-03   accum. integral = 0.20811886E-03*
#  std. dev. = 0.11327974E-06   accum. std. dev = 0.81730798E-07*
#   min/max. wt. =    0.00000            0.701306E-08           *
#                                                               *
#*************   chi**2/iteration =  2.839       ****************


#********** Integration by Vegas (iteration       8) ************
#                                                               *
#  integral  = 0.20832590E-03   accum. integral = 0.20819406E-03*
#  std. dev. = 0.10803757E-06   accum. std. dev = 0.65206703E-07*
#   min/max. wt. =  -0.803282E-17        0.499493E-08           *
#                                                               *
#*************   chi**2/iteration =  2.768       ****************


#********** Integration by Vegas (iteration       9) ************
#                                                               *
#  integral  = 0.20825349E-03   accum. integral = 0.20821009E-03*
#  std. dev. = 0.10709953E-06   accum. std. dev = 0.55711938E-07*
#   min/max. wt. =  -0.124295E-13        0.105413E-07           *
#                                                               *
#*************   chi**2/iteration =  2.451       ****************


#********** Integration by Vegas (iteration      10) ************
#                                                               *
#  integral  = 0.20845984E-03   accum. integral = 0.20826409E-03*
#  std. dev. = 0.10599882E-06   accum. std. dev = 0.49318828E-07*
#   min/max. wt. =    0.00000            0.564635E-08           *
#                                                               *
#*************   chi**2/iteration =  2.662       ****************


#********** Integration by Vegas (iteration      11) ************
#                                                               *
#  integral  = 0.20830906E-03   accum. integral = 0.20827224E-03*
#  std. dev. = 0.10475655E-06   accum. std. dev = 0.44626232E-07*
#   min/max. wt. =    0.00000            0.288883E-08           *
#                                                               *
#*************   chi**2/iteration =  2.411       ****************


#********** Integration by Vegas (iteration      12) ************
#                                                               *
#  integral  = 0.20822073E-03   accum. integral = 0.20826437E-03*
#  std. dev. = 0.10492705E-06   accum. std. dev = 0.41070919E-07*
#   min/max. wt. =    0.00000            0.457105E-08           *
#                                                               *
#*************   chi**2/iteration =  2.211       ****************


#********** Integration by Vegas (iteration      13) ************
#                                                               *
#  integral  = 0.20841794E-03   accum. integral = 0.20828445E-03*
#  std. dev. = 0.10583936E-06   accum. std. dev = 0.38290193E-07*
#   min/max. wt. =  -0.328462E-21        0.384820E-08           *
#                                                               *
#*************   chi**2/iteration =  2.179       ****************


#********** Integration by Vegas (iteration      14) ************
#                                                               *
#  integral  = 0.20832613E-03   accum. integral = 0.20828928E-03*
#  std. dev. = 0.10563771E-06   accum. std. dev = 0.35999840E-07*
#   min/max. wt. =    0.00000            0.304708E-08           *
#                                                               *
#*************   chi**2/iteration =  2.023       ****************


#********** Integration by Vegas (iteration      15) ************
#                                                               *
#  integral  = 0.20844892E-03   accum. integral = 0.20830547E-03*
#  std. dev. = 0.10712590E-06   accum. std. dev = 0.34124825E-07*
#   min/max. wt. =    0.00000            0.736696E-08           *
#                                                               *
#*************   chi**2/iteration =  2.021       ****************

 ****************************************************
 * Writing out vegas grid to ./data/output.grid                                                      
 ****************************************************

  Input parameters for vegas:  ndim=  9   ncall= 99999999.
                              it=    0    itmx=    2
                              acc=-1.00    
                              mds=  0     nd=  50
                              (xl,xu)= (  0.00000     ,  1.00000     )
                                       (  0.00000     ,  1.00000     )
                                       (  0.00000     ,  1.00000     )
                                       (  0.00000     ,  1.00000     )
                                       (  0.00000     ,  1.00000     )
                                       (  0.00000     ,  1.00000     )
                                       (  0.00000     ,  1.00000     )
                                       (  0.00000     ,  1.00000     )
                                       (  0.00000     ,  1.00000     )

#********** Integration by Vegas (iteration       1) ************
#                                                               *
#  integral  = 0.20830894E-03   accum. integral = 0.20830894E-03*
#  std. dev. = 0.10752766E-06   accum. std. dev = 0.10752766E-06*
#   min/max. wt. =    0.00000            0.453674E-08           *
#                                                               *
#*************   chi**2/iteration =  0.000       ****************


#********** Integration by Vegas (iteration       2) ************
#                                                               *
#  integral  = 0.20820435E-03   accum. integral = 0.20825678E-03*
#  std. dev. = 0.10775975E-06   accum. std. dev = 0.76115420E-07*
#   min/max. wt. =  -0.379204E-16        0.595914E-08           *
#                                                               *
#*************   chi**2/iteration = 0.4715       ****************

 Done
