SLURM job running in:  /work-zfs/lhc/heshy/JHUGen/xsecs_78TeV/JHUGen/JHUGenerator
  ****************************************
 
       NNPDFDriver version 1.0.3
   Grid: ./pdfs/NNPDF30_lo_as_0130.LHgrid                                                                    
  ****************************************
 extending no. of histograms for vbf tests
 
  
  ***************************************************************************************
  *                                JHU Generator v7.0.2                                 *
  ***************************************************************************************
  *                                                                                     *
  *   Spin and parity determination of single-produced resonances at hadron colliders   *
  *                                                                                     *
  *          I. Anderson, S. Bolognesi, F. Caola, Y. Gao, A. Gritsan, Z. Guo,           *
  *        C. Martin, K. Melnikov, R. Rontsch, H. Roskes, U. Sarica, M. Schulze,        *
  *                   N. Tran, A. Whitbeck, M. Xiao, C. You, Y. Zhou                    *
  *              Phys.Rev. D81 (2010) 075022;  arXiv:1001.3396  [hep-ph],               *
  *              Phys.Rev. D86 (2012) 095031;  arXiv:1208.4018  [hep-ph],               *
  *              Phys.Rev. D89 (2014) 035007;  arXiv:1309.4819  [hep-ph],               *
  *              Phys.Rev. D94 (2016) 055023;  arXiv:1606.03107 [hep-ph].               *
  *                                                                                     *
  ***************************************************************************************
  
   
   Command line: ./JHUGen PDFSet=3 MPhotonCutoff=0 ColliderEnergy=13 Process=60 ghz1_prime2=0,0 VegasNc1=99999999 VegasNc0=99999999 VegasNc2=99999999 Unweighted=0 ghz2=0,0 ghz1=1,0 pTjetcut=15 deltaRcut=0 ghz4=0,0
   
   Input Parameter:
    Collider: P-P, sqrt(s)=13000.00
    Resonance: spin=0, mass= 125.00 width=   0.00407
    Z-boson: mass=91.188, width=2.4952
    W-boson: mass=80.399, width=2.0850
    Jet cuts:
            pT >=    15.00 GeV
        DeltaR >=     0.00
           mJJ >=     0.00 GeV
    Random seed:   478464851
    To reproduce results using this seed, JHUGen should be compiled with the same compiler:
      GNU Fortran (GCC) 4.9.3
    
    WidthScheme:   2
    PDFSet:   3
    Unweighted: F
    Intermediate off-shell photons: F
    
    spin-0-VV couplings: 
      generate_as=F
      ghg2=  0.10000000E+01  0.00000000E+00i
      ghz1=  0.10000000E+01  0.00000000E+00i
      Lambda=  1000.0
    
    LHE output: ./data/output.lhe
    Histogram output: ./data/output.dat
    Log file: ./data/output.log
    
  Running

  Input parameters for vegas:  ndim=  9   ncall= 99999999.
                              it=    0    itmx=   15
                              acc=-1.00    
                              mds=  0     nd=  50
                              (xl,xu)= (  0.00000     ,  1.00000     )
                                       (  0.00000     ,  1.00000     )
                                       (  0.00000     ,  1.00000     )
                                       (  0.00000     ,  1.00000     )
                                       (  0.00000     ,  1.00000     )
                                       (  0.00000     ,  1.00000     )
                                       (  0.00000     ,  1.00000     )
                                       (  0.00000     ,  1.00000     )
                                       (  0.00000     ,  1.00000     )

#********** Integration by Vegas (iteration       1) ************
#                                                               *
#  integral  =  803.20307       accum. integral =  803.20307    *
#  std. dev. =  210.58356       accum. std. dev =  210.58356    *
#   min/max. wt. =    0.00000             207.258               *
#                                                               *
#*************   chi**2/iteration = 0.2625E-11   ****************


#********** Integration by Vegas (iteration       2) ************
#                                                               *
#  integral  =  788.38081       accum. integral =  789.30070    *
#  std. dev. =  53.168984       accum. std. dev =  51.978999    *
#   min/max. wt. =    0.00000             35.5011               *
#                                                               *
#*************   chi**2/iteration = 0.4729E-02   ****************


#********** Integration by Vegas (iteration       3) ************
#                                                               *
#  integral  =  827.02358       accum. integral =  822.41815    *
#  std. dev. =  20.143459       accum. std. dev =  18.402251    *
#   min/max. wt. =    0.00000             15.5497               *
#                                                               *
#*************   chi**2/iteration = 0.2274       ****************


#********** Integration by Vegas (iteration       4) ************
#                                                               *
#  integral  =  831.56677       accum. integral =  831.16935    *
#  std. dev. =  4.0441806       accum. std. dev =  3.8657897    *
#   min/max. wt. =    0.00000             1.87858               *
#                                                               *
#*************   chi**2/iteration = 0.2268       ****************


#********** Integration by Vegas (iteration       5) ************
#                                                               *
#  integral  =  835.12421       accum. integral =  834.67281    *
#  std. dev. =  1.4258553       accum. std. dev =  1.3133129    *
#   min/max. wt. =  -0.762659E-13        0.695004               *
#                                                               *
#*************   chi**2/iteration = 0.3974       ****************


#********** Integration by Vegas (iteration       6) ************
#                                                               *
#  integral  =  833.32391       accum. integral =  833.69376    *
#  std. dev. = 0.82305271       accum. std. dev = 0.68995431    *
#   min/max. wt. =  -0.547553E-11        0.130574               *
#                                                               *
#*************   chi**2/iteration = 0.4679       ****************


#********** Integration by Vegas (iteration       7) ************
#                                                               *
#  integral  =  833.28526       accum. integral =  833.46329    *
#  std. dev. = 0.61627240       accum. std. dev = 0.45655368    *
#   min/max. wt. =    0.00000            0.838998E-01           *
#                                                               *
#*************   chi**2/iteration = 0.4210       ****************


#********** Integration by Vegas (iteration       8) ************
#                                                               *
#  integral  =  833.40129       accum. integral =  833.43923    *
#  std. dev. = 0.58127418       accum. std. dev = 0.35775606    *
#   min/max. wt. =    0.00000            0.614645E-01           *
#                                                               *
#*************   chi**2/iteration = 0.3606       ****************


#********** Integration by Vegas (iteration       9) ************
#                                                               *
#  integral  =  832.99954       accum. integral =  833.31159    *
#  std. dev. = 0.56595530       accum. std. dev = 0.30178415    *
#   min/max. wt. =    0.00000            0.521351E-01           *
#                                                               *
#*************   chi**2/iteration = 0.3693       ****************


#********** Integration by Vegas (iteration      10) ************
#                                                               *
#  integral  =  833.30574       accum. integral =  833.31026    *
#  std. dev. = 0.56165351       accum. std. dev = 0.26548316    *
#   min/max. wt. =    0.00000            0.468383E-01           *
#                                                               *
#*************   chi**2/iteration = 0.3276       ****************


#********** Integration by Vegas (iteration      11) ************
#                                                               *
#  integral  =  834.16057       accum. integral =  833.46869    *
#  std. dev. = 0.56075051       accum. std. dev = 0.23971167    *
#   min/max. wt. =  -0.411598E-10        0.401516E-01           *
#                                                               *
#*************   chi**2/iteration = 0.4850       ****************


#********** Integration by Vegas (iteration      12) ************
#                                                               *
#  integral  =  833.94632       accum. integral =  833.54133    *
#  std. dev. = 0.57137342       accum. std. dev = 0.22090709    *
#   min/max. wt. =    0.00000            0.802608E-01           *
#                                                               *
#*************   chi**2/iteration = 0.4950       ****************


#********** Integration by Vegas (iteration      13) ************
#                                                               *
#  integral  =  833.32503       accum. integral =  833.51286    *
#  std. dev. = 0.57195599       accum. std. dev = 0.20598428    *
#   min/max. wt. =    0.00000            0.794142E-01           *
#                                                               *
#*************   chi**2/iteration = 0.4637       ****************


#********** Integration by Vegas (iteration      14) ************
#                                                               *
#  integral  =  833.72813       accum. integral =  833.53842    *
#  std. dev. = 0.56552905       accum. std. dev = 0.19347639    *
#   min/max. wt. =    0.00000            0.199763E-01           *
#                                                               *
#*************   chi**2/iteration = 0.4375       ****************


#********** Integration by Vegas (iteration      15) ************
#                                                               *
#  integral  =  833.92111       accum. integral =  833.57902    *
#  std. dev. = 0.56582738       accum. std. dev = 0.18301779    *
#   min/max. wt. =  -0.967333E-10        0.400620E-01           *
#                                                               *
#*************   chi**2/iteration = 0.4355       ****************

 ****************************************************
 * Writing out vegas grid to ./data/output.grid                                                      
 ****************************************************

  Input parameters for vegas:  ndim=  9   ncall= 99999999.
                              it=    0    itmx=    2
                              acc=-1.00    
                              mds=  0     nd=  50
                              (xl,xu)= (  0.00000     ,  1.00000     )
                                       (  0.00000     ,  1.00000     )
                                       (  0.00000     ,  1.00000     )
                                       (  0.00000     ,  1.00000     )
                                       (  0.00000     ,  1.00000     )
                                       (  0.00000     ,  1.00000     )
                                       (  0.00000     ,  1.00000     )
                                       (  0.00000     ,  1.00000     )
                                       (  0.00000     ,  1.00000     )

#********** Integration by Vegas (iteration       1) ************
#                                                               *
#  integral  =  833.80236       accum. integral =  833.80236    *
#  std. dev. = 0.56916372       accum. std. dev = 0.56916372    *
#   min/max. wt. =  -0.147694E-11        0.563118E-01           *
#                                                               *
#*************   chi**2/iteration =  0.000       ****************


#********** Integration by Vegas (iteration       2) ************
#                                                               *
#  integral  =  833.74297       accum. integral =  833.77303    *
#  std. dev. = 0.57624179       accum. std. dev = 0.40493863    *
#   min/max. wt. =    0.00000            0.627849E-01           *
#                                                               *
#*************   chi**2/iteration = 0.5371E-02   ****************

 Done
