SLURM job running in:  /work-zfs/lhc/heshy/JHUGen/xsecs_78TeV/JHUGen/JHUGenerator
  ****************************************
 
       NNPDFDriver version 1.0.3
   Grid: ./pdfs/NNPDF30_lo_as_0130.LHgrid                                                                    
  ****************************************
 extending no. of histograms for vbf tests
 
  
  ***************************************************************************************
  *                                JHU Generator v7.0.2                                 *
  ***************************************************************************************
  *                                                                                     *
  *   Spin and parity determination of single-produced resonances at hadron colliders   *
  *                                                                                     *
  *          I. Anderson, S. Bolognesi, F. Caola, Y. Gao, A. Gritsan, Z. Guo,           *
  *        C. Martin, K. Melnikov, R. Rontsch, H. Roskes, U. Sarica, M. Schulze,        *
  *                   N. Tran, A. Whitbeck, M. Xiao, C. You, Y. Zhou                    *
  *              Phys.Rev. D81 (2010) 075022;  arXiv:1001.3396  [hep-ph],               *
  *              Phys.Rev. D86 (2012) 095031;  arXiv:1208.4018  [hep-ph],               *
  *              Phys.Rev. D89 (2014) 035007;  arXiv:1309.4819  [hep-ph],               *
  *              Phys.Rev. D94 (2016) 055023;  arXiv:1606.03107 [hep-ph].               *
  *                                                                                     *
  ***************************************************************************************
  
   
   Command line: ./JHUGen PDFSet=3 MPhotonCutoff=0 ColliderEnergy=13 Process=60 ghz1_prime2=0,0 VegasNc1=99999999 VegasNc0=99999999 VegasNc2=99999999 Unweighted=0 ghz2=0,0 ghz1=0,0 pTjetcut=15 deltaRcut=0 ghz4=0,0 ghzgs1_prime2=1,0
   
   Input Parameter:
    Collider: P-P, sqrt(s)=13000.00
    Resonance: spin=0, mass= 125.00 width=   0.00407
    Z-boson: mass=91.188, width=2.4952
    W-boson: mass=80.399, width=2.0850
    Jet cuts:
            pT >=    15.00 GeV
        DeltaR >=     0.00
           mJJ >=     0.00 GeV
    Random seed:   154552306
    To reproduce results using this seed, JHUGen should be compiled with the same compiler:
      GNU Fortran (GCC) 4.9.3
    
    WidthScheme:   2
    PDFSet:   3
    Unweighted: F
    Intermediate off-shell photons: T
    
    spin-0-VV couplings: 
      generate_as=F
      ghg2=  0.10000000E+01  0.00000000E+00i
      ghzgs1_prime2=  0.10000000E+01  0.00000000E+00i,  Lambda_zgs1=  1.0000E+04
      Lambda=  1000.0
    
    LHE output: ./data/output.lhe
    Histogram output: ./data/output.dat
    Log file: ./data/output.log
    
  Running

  Input parameters for vegas:  ndim=  9   ncall= 99999999.
                              it=    0    itmx=   15
                              acc=-1.00    
                              mds=  0     nd=  50
                              (xl,xu)= (  0.00000     ,  1.00000     )
                                       (  0.00000     ,  1.00000     )
                                       (  0.00000     ,  1.00000     )
                                       (  0.00000     ,  1.00000     )
                                       (  0.00000     ,  1.00000     )
                                       (  0.00000     ,  1.00000     )
                                       (  0.00000     ,  1.00000     )
                                       (  0.00000     ,  1.00000     )
                                       (  0.00000     ,  1.00000     )

#********** Integration by Vegas (iteration       1) ************
#                                                               *
#  integral  = 0.35314029E-04   accum. integral = 0.35314029E-04*
#  std. dev. = 0.20547098E-05   accum. std. dev = 0.20547098E-05*
#   min/max. wt. =    0.00000            0.129115E-05           *
#                                                               *
#*************   chi**2/iteration =  0.000       ****************


#********** Integration by Vegas (iteration       2) ************
#                                                               *
#  integral  = 0.47441700E-04   accum. integral = 0.40434300E-04*
#  std. dev. = 0.32292037E-05   accum. std. dev = 0.18495888E-05*
#   min/max. wt. =    0.00000            0.275499E-05           *
#                                                               *
#*************   chi**2/iteration =  10.48       ****************


#********** Integration by Vegas (iteration       3) ************
#                                                               *
#  integral  = 0.52555413E-04   accum. integral = 0.48582289E-04*
#  std. dev. = 0.16231225E-05   accum. std. dev = 0.11566707E-05*
#   min/max. wt. =    0.00000            0.138978E-05           *
#                                                               *
#*************   chi**2/iteration =  16.49       ****************


#********** Integration by Vegas (iteration       4) ************
#                                                               *
#  integral  = 0.50129788E-04   accum. integral = 0.50077635E-04*
#  std. dev. = 0.23705763E-06   accum. std. dev = 0.21769795E-06*
#   min/max. wt. =    0.00000            0.768616E-07           *
#                                                               *
#*************   chi**2/iteration =  11.01       ****************


#********** Integration by Vegas (iteration       5) ************
#                                                               *
#  integral  = 0.49871230E-04   accum. integral = 0.49881728E-04*
#  std. dev. = 0.53664999E-07   accum. std. dev = 0.49749669E-07*
#   min/max. wt. =    0.00000            0.500844E-08           *
#                                                               *
#*************   chi**2/iteration =  8.248       ****************


#********** Integration by Vegas (iteration       6) ************
#                                                               *
#  integral  = 0.49838307E-04   accum. integral = 0.49852525E-04*
#  std. dev. = 0.36457002E-07   accum. std. dev = 0.28711653E-07*
#   min/max. wt. =    0.00000            0.304099E-08           *
#                                                               *
#*************   chi**2/iteration =  6.588       ****************


#********** Integration by Vegas (iteration       7) ************
#                                                               *
#  integral  = 0.49847641E-04   accum. integral = 0.49850258E-04*
#  std. dev. = 0.32127713E-07   accum. std. dev = 0.21143466E-07*
#   min/max. wt. =    0.00000            0.232759E-08           *
#                                                               *
#*************   chi**2/iteration =  5.427       ****************


#********** Integration by Vegas (iteration       8) ************
#                                                               *
#  integral  = 0.49864394E-04   accum. integral = 0.49855011E-04*
#  std. dev. = 0.30766898E-07   accum. std. dev = 0.17304148E-07*
#   min/max. wt. =    0.00000            0.145611E-08           *
#                                                               *
#*************   chi**2/iteration =  4.631       ****************


#********** Integration by Vegas (iteration       9) ************
#                                                               *
#  integral  = 0.49815653E-04   accum. integral = 0.49845053E-04*
#  std. dev. = 0.30623716E-07   accum. std. dev = 0.15006193E-07*
#   min/max. wt. =    0.00000            0.170570E-08           *
#                                                               *
#*************   chi**2/iteration =  4.187       ****************


#********** Integration by Vegas (iteration      10) ************
#                                                               *
#  integral  = 0.49831966E-04   accum. integral = 0.49842370E-04*
#  std. dev. = 0.30339819E-07   accum. std. dev = 0.13415881E-07*
#   min/max. wt. =    0.00000            0.120053E-08           *
#                                                               *
#*************   chi**2/iteration =  3.719       ****************


#********** Integration by Vegas (iteration      11) ************
#                                                               *
#  integral  = 0.49830463E-04   accum. integral = 0.49840328E-04*
#  std. dev. = 0.30200719E-07   accum. std. dev = 0.12238729E-07*
#   min/max. wt. =    0.00000            0.888066E-09           *
#                                                               *
#*************   chi**2/iteration =  3.346       ****************


#********** Integration by Vegas (iteration      12) ************
#                                                               *
#  integral  = 0.49838990E-04   accum. integral = 0.49840136E-04*
#  std. dev. = 0.30542157E-07   accum. std. dev = 0.11346784E-07*
#   min/max. wt. =    0.00000            0.179049E-08           *
#                                                               *
#*************   chi**2/iteration =  3.031       ****************


#********** Integration by Vegas (iteration      13) ************
#                                                               *
#  integral  = 0.49824560E-04   accum. integral = 0.49838159E-04*
#  std. dev. = 0.30341078E-07   accum. std. dev = 0.10618243E-07*
#   min/max. wt. =    0.00000            0.931107E-09           *
#                                                               *
#*************   chi**2/iteration =  2.790       ****************


#********** Integration by Vegas (iteration      14) ************
#                                                               *
#  integral  = 0.49910879E-04   accum. integral = 0.49846180E-04*
#  std. dev. = 0.30757376E-07   accum. std. dev = 0.10029902E-07*
#   min/max. wt. =    0.00000            0.152586E-08           *
#                                                               *
#*************   chi**2/iteration =  2.965       ****************


#********** Integration by Vegas (iteration      15) ************
#                                                               *
#  integral  = 0.49853108E-04   accum. integral = 0.49846853E-04*
#  std. dev. = 0.31106600E-07   accum. std. dev = 0.95413753E-08*
#   min/max. wt. =    0.00000            0.176734E-08           *
#                                                               *
#*************   chi**2/iteration =  2.750       ****************

 ****************************************************
 * Writing out vegas grid to ./data/output.grid                                                      
 ****************************************************

  Input parameters for vegas:  ndim=  9   ncall= 99999999.
                              it=    0    itmx=    2
                              acc=-1.00    
                              mds=  0     nd=  50
                              (xl,xu)= (  0.00000     ,  1.00000     )
                                       (  0.00000     ,  1.00000     )
                                       (  0.00000     ,  1.00000     )
                                       (  0.00000     ,  1.00000     )
                                       (  0.00000     ,  1.00000     )
                                       (  0.00000     ,  1.00000     )
                                       (  0.00000     ,  1.00000     )
                                       (  0.00000     ,  1.00000     )
                                       (  0.00000     ,  1.00000     )

#********** Integration by Vegas (iteration       1) ************
#                                                               *
#  integral  = 0.49853756E-04   accum. integral = 0.49853756E-04*
#  std. dev. = 0.31315774E-07   accum. std. dev = 0.31315774E-07*
#   min/max. wt. =    0.00000            0.242643E-08           *
#                                                               *
#*************   chi**2/iteration =  0.000       ****************


#********** Integration by Vegas (iteration       2) ************
#                                                               *
#  integral  = 0.49873272E-04   accum. integral = 0.49863346E-04*
#  std. dev. = 0.31870380E-07   accum. std. dev = 0.22337174E-07*
#   min/max. wt. =    0.00000            0.285420E-08           *
#                                                               *
#*************   chi**2/iteration = 0.1906       ****************

 Done
