SLURM job running in:  /work-zfs/lhc/heshy/JHUGen/xsecs_78TeV/JHUGen/JHUGenerator
  ****************************************
 
       NNPDFDriver version 1.0.3
   Grid: ./pdfs/NNPDF30_lo_as_0130.LHgrid                                                                    
  ****************************************
 extending no. of histograms for vbf tests
 
  
  ***************************************************************************************
  *                                JHU Generator v7.0.2                                 *
  ***************************************************************************************
  *                                                                                     *
  *   Spin and parity determination of single-produced resonances at hadron colliders   *
  *                                                                                     *
  *          I. Anderson, S. Bolognesi, F. Caola, Y. Gao, A. Gritsan, Z. Guo,           *
  *        C. Martin, K. Melnikov, R. Rontsch, H. Roskes, U. Sarica, M. Schulze,        *
  *                   N. Tran, A. Whitbeck, M. Xiao, C. You, Y. Zhou                    *
  *              Phys.Rev. D81 (2010) 075022;  arXiv:1001.3396  [hep-ph],               *
  *              Phys.Rev. D86 (2012) 095031;  arXiv:1208.4018  [hep-ph],               *
  *              Phys.Rev. D89 (2014) 035007;  arXiv:1309.4819  [hep-ph],               *
  *              Phys.Rev. D94 (2016) 055023;  arXiv:1606.03107 [hep-ph].               *
  *                                                                                     *
  ***************************************************************************************
  
   
   Command line: ./JHUGen PDFSet=3 MPhotonCutoff=0 ColliderEnergy=7 Process=60 ghz1_prime2=0,0 VegasNc1=99999999 VegasNc0=99999999 VegasNc2=99999999 Unweighted=0 ghz2=1,0 ghz1=0,0 pTjetcut=0 deltaRcut=0 ghz4=0,0
   
   Input Parameter:
    Collider: P-P, sqrt(s)= 7000.00
    Resonance: spin=0, mass= 125.00 width=   0.00407
    Z-boson: mass=91.188, width=2.4952
    W-boson: mass=80.399, width=2.0850
    Jet cuts:
            pT >=     0.00 GeV
        DeltaR >=     0.00
           mJJ >=     0.00 GeV
    Random seed:   246471066
    To reproduce results using this seed, JHUGen should be compiled with the same compiler:
      GNU Fortran (GCC) 4.9.3
    
    WidthScheme:   2
    PDFSet:   3
    Unweighted: F
    Intermediate off-shell photons: F
    
    spin-0-VV couplings: 
      generate_as=F
      ghg2=  0.10000000E+01  0.00000000E+00i
      ghz2=  0.10000000E+01  0.00000000E+00i
      Lambda=  1000.0
    
    LHE output: ./data/output.lhe
    Histogram output: ./data/output.dat
    Log file: ./data/output.log
    
  Running

  Input parameters for vegas:  ndim=  9   ncall= 99999999.
                              it=    0    itmx=   15
                              acc=-1.00    
                              mds=  0     nd=  50
                              (xl,xu)= (  0.00000     ,  1.00000     )
                                       (  0.00000     ,  1.00000     )
                                       (  0.00000     ,  1.00000     )
                                       (  0.00000     ,  1.00000     )
                                       (  0.00000     ,  1.00000     )
                                       (  0.00000     ,  1.00000     )
                                       (  0.00000     ,  1.00000     )
                                       (  0.00000     ,  1.00000     )
                                       (  0.00000     ,  1.00000     )

#********** Integration by Vegas (iteration       1) ************
#                                                               *
#  integral  =  3506.2912       accum. integral =  3506.2912    *
#  std. dev. =  249.28452       accum. std. dev =  249.28452    *
#   min/max. wt. =    0.00000             163.609               *
#                                                               *
#*************   chi**2/iteration =  0.000       ****************


#********** Integration by Vegas (iteration       2) ************
#                                                               *
#  integral  =  3624.2762       accum. integral =  3621.3625    *
#  std. dev. =  41.002162       accum. std. dev =  39.839065    *
#   min/max. wt. =    0.00000             19.5070               *
#                                                               *
#*************   chi**2/iteration = 0.2110       ****************


#********** Integration by Vegas (iteration       3) ************
#                                                               *
#  integral  =  3638.3407       accum. integral =  3638.0783    *
#  std. dev. =  5.0932831       accum. std. dev =  4.9867935    *
#   min/max. wt. =    0.00000             1.87182               *
#                                                               *
#*************   chi**2/iteration = 0.1923       ****************


#********** Integration by Vegas (iteration       4) ************
#                                                               *
#  integral  =  3645.2458       accum. integral =  3644.3949    *
#  std. dev. =  1.8583513       accum. std. dev =  1.7248156    *
#   min/max. wt. =    0.00000            0.119234               *
#                                                               *
#*************   chi**2/iteration = 0.7292       ****************


#********** Integration by Vegas (iteration       5) ************
#                                                               *
#  integral  =  3640.4309       accum. integral =  3641.7245    *
#  std. dev. =  1.2125920       accum. std. dev = 0.98730270    *
#   min/max. wt. =    0.00000            0.864311E-01           *
#                                                               *
#*************   chi**2/iteration =  1.430       ****************


#********** Integration by Vegas (iteration       6) ************
#                                                               *
#  integral  =  3641.1678       accum. integral =  3641.4780    *
#  std. dev. =  1.1167274       accum. std. dev = 0.73801334    *
#   min/max. wt. =    0.00000            0.487352E-01           *
#                                                               *
#*************   chi**2/iteration =  1.169       ****************


#********** Integration by Vegas (iteration       7) ************
#                                                               *
#  integral  =  3641.6278       accum. integral =  3641.5255    *
#  std. dev. =  1.0908329       accum. std. dev = 0.61052644    *
#   min/max. wt. =  -0.684777E-11        0.461516E-01           *
#                                                               *
#*************   chi**2/iteration = 0.9747       ****************


#********** Integration by Vegas (iteration       8) ************
#                                                               *
#  integral  =  3642.0566       accum. integral =  3641.6548    *
#  std. dev. =  1.0827648       accum. std. dev = 0.53143277    *
#   min/max. wt. =    0.00000            0.474406E-01           *
#                                                               *
#*************   chi**2/iteration = 0.8605       ****************


#********** Integration by Vegas (iteration       9) ************
#                                                               *
#  integral  =  3642.5087       accum. integral =  3641.8246    *
#  std. dev. =  1.0724289       accum. std. dev = 0.47594995    *
#   min/max. wt. =    0.00000            0.513415E-01           *
#                                                               *
#*************   chi**2/iteration = 0.8161       ****************


#********** Integration by Vegas (iteration      10) ************
#                                                               *
#  integral  =  3639.6192       accum. integral =  3641.4574    *
#  std. dev. =  1.0692181       accum. std. dev = 0.43470104    *
#   min/max. wt. =    0.00000            0.525285E-01           *
#                                                               *
#*************   chi**2/iteration =  1.122       ****************


#********** Integration by Vegas (iteration      11) ************
#                                                               *
#  integral  =  3643.6753       accum. integral =  3641.7706    *
#  std. dev. =  1.0771980       accum. std. dev = 0.40302014    *
#   min/max. wt. =    0.00000            0.315270E-01           *
#                                                               *
#*************   chi**2/iteration =  1.376       ****************


#********** Integration by Vegas (iteration      12) ************
#                                                               *
#  integral  =  3640.1012       accum. integral =  3641.5668    *
#  std. dev. =  1.0844170       accum. std. dev = 0.37772622    *
#   min/max. wt. =    0.00000            0.402483E-01           *
#                                                               *
#*************   chi**2/iteration =  1.440       ****************


#********** Integration by Vegas (iteration      13) ************
#                                                               *
#  integral  =  3640.8158       accum. integral =  3641.4867    *
#  std. dev. =  1.0972711       accum. std. dev = 0.35712275    *
#   min/max. wt. =    0.00000            0.412300E-01           *
#                                                               *
#*************   chi**2/iteration =  1.355       ****************


#********** Integration by Vegas (iteration      14) ************
#                                                               *
#  integral  =  3642.7411       accum. integral =  3641.6047    *
#  std. dev. =  1.1126319       accum. std. dev = 0.34000985    *
#   min/max. wt. =  -0.915905E-09        0.432907E-01           *
#                                                               *
#*************   chi**2/iteration =  1.339       ****************


#********** Integration by Vegas (iteration      15) ************
#                                                               *
#  integral  =  3642.0046       accum. integral =  3641.6381    *
#  std. dev. =  1.1292931       accum. std. dev = 0.32555671    *
#   min/max. wt. =  -0.244761E-08        0.115744               *
#                                                               *
#*************   chi**2/iteration =  1.251       ****************

 ****************************************************
 * Writing out vegas grid to ./data/output.grid                                                      
 ****************************************************

  Input parameters for vegas:  ndim=  9   ncall= 99999999.
                              it=    0    itmx=    2
                              acc=-1.00    
                              mds=  0     nd=  50
                              (xl,xu)= (  0.00000     ,  1.00000     )
                                       (  0.00000     ,  1.00000     )
                                       (  0.00000     ,  1.00000     )
                                       (  0.00000     ,  1.00000     )
                                       (  0.00000     ,  1.00000     )
                                       (  0.00000     ,  1.00000     )
                                       (  0.00000     ,  1.00000     )
                                       (  0.00000     ,  1.00000     )
                                       (  0.00000     ,  1.00000     )

#********** Integration by Vegas (iteration       1) ************
#                                                               *
#  integral  =  3642.7228       accum. integral =  3642.7228    *
#  std. dev. =  1.1379235       accum. std. dev =  1.1379235    *
#   min/max. wt. =  -0.438998E-05        0.553949E-01           *
#                                                               *
#*************   chi**2/iteration = -.2877E-05   ****************


#********** Integration by Vegas (iteration       2) ************
#                                                               *
#  integral  =  3643.8730       accum. integral =  3643.2935    *
#  std. dev. =  1.1469990       accum. std. dev = 0.80782396    *
#   min/max. wt. =    0.00000            0.427474E-01           *
#                                                               *
#*************   chi**2/iteration = 0.5064       ****************

 Done
