SLURM job running in:  /work-zfs/lhc/heshy/JHUGen/xsecs_78TeV/JHUGen/JHUGenerator
  ****************************************
 
       NNPDFDriver version 1.0.3
   Grid: ./pdfs/NNPDF30_lo_as_0130.LHgrid                                                                    
  ****************************************
 extending no. of histograms for vbf tests
 
  
  ***************************************************************************************
  *                                JHU Generator v7.0.2                                 *
  ***************************************************************************************
  *                                                                                     *
  *   Spin and parity determination of single-produced resonances at hadron colliders   *
  *                                                                                     *
  *          I. Anderson, S. Bolognesi, F. Caola, Y. Gao, A. Gritsan, Z. Guo,           *
  *        C. Martin, K. Melnikov, R. Rontsch, H. Roskes, U. Sarica, M. Schulze,        *
  *                   N. Tran, A. Whitbeck, M. Xiao, C. You, Y. Zhou                    *
  *              Phys.Rev. D81 (2010) 075022;  arXiv:1001.3396  [hep-ph],               *
  *              Phys.Rev. D86 (2012) 095031;  arXiv:1208.4018  [hep-ph],               *
  *              Phys.Rev. D89 (2014) 035007;  arXiv:1309.4819  [hep-ph],               *
  *              Phys.Rev. D94 (2016) 055023;  arXiv:1606.03107 [hep-ph].               *
  *                                                                                     *
  ***************************************************************************************
  
   
   Command line: ./JHUGen PDFSet=3 MPhotonCutoff=0 ColliderEnergy=7 Process=60 ghz1_prime2=-12110.2,0 VegasNc1=99999999 VegasNc0=99999999 VegasNc2=99999999 Unweighted=0 ghz2=0,0 ghz1=1,0 pTjetcut=0 deltaRcut=0 ghz4=0,0
   
   Input Parameter:
    Collider: P-P, sqrt(s)= 7000.00
    Resonance: spin=0, mass= 125.00 width=   0.00407
    Z-boson: mass=91.188, width=2.4952
    W-boson: mass=80.399, width=2.0850
    Jet cuts:
            pT >=     0.00 GeV
        DeltaR >=     0.00
           mJJ >=     0.00 GeV
    Random seed:   198198165
    To reproduce results using this seed, JHUGen should be compiled with the same compiler:
      GNU Fortran (GCC) 4.9.3
    
    WidthScheme:   2
    PDFSet:   3
    Unweighted: F
    Intermediate off-shell photons: F
    
    spin-0-VV couplings: 
      generate_as=F
      ghg2=  0.10000000E+01  0.00000000E+00i
      ghz1=  0.10000000E+01  0.00000000E+00i
      ghz1_prime2= -0.12110200E+05  0.00000000E+00i,    Lambda_z1=  1.0000E+04
      Lambda=  1000.0
    
    LHE output: ./data/output.lhe
    Histogram output: ./data/output.dat
    Log file: ./data/output.log
    
  Running

  Input parameters for vegas:  ndim=  9   ncall= 99999999.
                              it=    0    itmx=   15
                              acc=-1.00    
                              mds=  0     nd=  50
                              (xl,xu)= (  0.00000     ,  1.00000     )
                                       (  0.00000     ,  1.00000     )
                                       (  0.00000     ,  1.00000     )
                                       (  0.00000     ,  1.00000     )
                                       (  0.00000     ,  1.00000     )
                                       (  0.00000     ,  1.00000     )
                                       (  0.00000     ,  1.00000     )
                                       (  0.00000     ,  1.00000     )
                                       (  0.00000     ,  1.00000     )

#********** Integration by Vegas (iteration       1) ************
#                                                               *
#  integral  =  7789.1550       accum. integral =  7789.1550    *
#  std. dev. =  892.16741       accum. std. dev =  892.16741    *
#   min/max. wt. =    0.00000             624.916               *
#                                                               *
#*************   chi**2/iteration =  0.000       ****************


#********** Integration by Vegas (iteration       2) ************
#                                                               *
#  integral  =  7733.4775       accum. integral =  7734.3964    *
#  std. dev. =  114.74938       accum. std. dev =  114.20886    *
#   min/max. wt. =  -0.353193E-06         64.9615               *
#                                                               *
#*************   chi**2/iteration = 0.3854E-02   ****************


#********** Integration by Vegas (iteration       3) ************
#                                                               *
#  integral  =  7879.5050       accum. integral =  7876.7080    *
#  std. dev. =  16.255249       accum. std. dev =  15.937321    *
#   min/max. wt. =    0.00000             6.43495               *
#                                                               *
#*************   chi**2/iteration = 0.7851       ****************


#********** Integration by Vegas (iteration       4) ************
#                                                               *
#  integral  =  7878.4381       accum. integral =  7878.2553    *
#  std. dev. =  5.5331752       accum. std. dev =  5.1940660    *
#   min/max. wt. =  -0.352525E-07        0.307769               *
#                                                               *
#*************   chi**2/iteration = 0.5244       ****************


#********** Integration by Vegas (iteration       5) ************
#                                                               *
#  integral  =  7873.2987       accum. integral =  7874.9583    *
#  std. dev. =  3.7099978       accum. std. dev =  3.0095611    *
#   min/max. wt. =  -0.710846E-06        0.281668               *
#                                                               *
#*************   chi**2/iteration = 0.5432       ****************


#********** Integration by Vegas (iteration       6) ************
#                                                               *
#  integral  =  7882.3814       accum. integral =  7878.3326    *
#  std. dev. =  3.3183206       accum. std. dev =  2.2251090    *
#   min/max. wt. =    0.00000            0.154516               *
#                                                               *
#*************   chi**2/iteration = 0.9854       ****************


#********** Integration by Vegas (iteration       7) ************
#                                                               *
#  integral  =  7882.4218       accum. integral =  7879.6943    *
#  std. dev. =  3.1662483       accum. std. dev =  1.8186508    *
#   min/max. wt. =  -0.244705E-06        0.121347               *
#                                                               *
#*************   chi**2/iteration =  1.007       ****************


#********** Integration by Vegas (iteration       8) ************
#                                                               *
#  integral  =  7873.7415       accum. integral =  7878.1689    *
#  std. dev. =  3.1094304       accum. std. dev =  1.5691244    *
#   min/max. wt. =    0.00000            0.101700               *
#                                                               *
#*************   chi**2/iteration =  1.254       ****************


#********** Integration by Vegas (iteration       9) ************
#                                                               *
#  integral  =  7870.8601       accum. integral =  7876.6539    *
#  std. dev. =  3.0769366       accum. std. dev =  1.3974853    *
#   min/max. wt. =    0.00000            0.156309               *
#                                                               *
#*************   chi**2/iteration =  1.659       ****************


#********** Integration by Vegas (iteration      10) ************
#                                                               *
#  integral  =  7878.8328       accum. integral =  7877.0289    *
#  std. dev. =  3.0754690       accum. std. dev =  1.2719810    *
#   min/max. wt. =    0.00000            0.145007               *
#                                                               *
#*************   chi**2/iteration =  1.520       ****************


#********** Integration by Vegas (iteration      11) ************
#                                                               *
#  integral  =  7877.5633       accum. integral =  7877.1073    *
#  std. dev. =  3.0761841       accum. std. dev =  1.1752649    *
#   min/max. wt. =    0.00000            0.659607E-01           *
#                                                               *
#*************   chi**2/iteration =  1.370       ****************


#********** Integration by Vegas (iteration      12) ************
#                                                               *
#  integral  =  7872.0187       accum. integral =  7876.4715    *
#  std. dev. =  3.1164060       accum. std. dev =  1.0995761    *
#   min/max. wt. =    0.00000            0.100441               *
#                                                               *
#*************   chi**2/iteration =  1.458       ****************


#********** Integration by Vegas (iteration      13) ************
#                                                               *
#  integral  =  7876.7957       accum. integral =  7876.5072    *
#  std. dev. =  3.1338391       accum. std. dev =  1.0374795    *
#   min/max. wt. =  -0.417601E-06        0.119636               *
#                                                               *
#*************   chi**2/iteration =  1.336       ****************


#********** Integration by Vegas (iteration      14) ************
#                                                               *
#  integral  =  7874.2517       accum. integral =  7876.2842    *
#  std. dev. =  3.1376840       accum. std. dev = 0.98497807    *
#   min/max. wt. =    0.00000            0.133371               *
#                                                               *
#*************   chi**2/iteration =  1.269       ****************


#********** Integration by Vegas (iteration      15) ************
#                                                               *
#  integral  =  7875.1584       accum. integral =  7876.1844    *
#  std. dev. =  3.1651123       accum. std. dev = 0.94045123    *
#   min/max. wt. =  -0.366590E-05        0.137627               *
#                                                               *
#*************   chi**2/iteration =  1.187       ****************

 ****************************************************
 * Writing out vegas grid to ./data/output.grid                                                      
 ****************************************************

  Input parameters for vegas:  ndim=  9   ncall= 99999999.
                              it=    0    itmx=    2
                              acc=-1.00    
                              mds=  0     nd=  50
                              (xl,xu)= (  0.00000     ,  1.00000     )
                                       (  0.00000     ,  1.00000     )
                                       (  0.00000     ,  1.00000     )
                                       (  0.00000     ,  1.00000     )
                                       (  0.00000     ,  1.00000     )
                                       (  0.00000     ,  1.00000     )
                                       (  0.00000     ,  1.00000     )
                                       (  0.00000     ,  1.00000     )
                                       (  0.00000     ,  1.00000     )

#********** Integration by Vegas (iteration       1) ************
#                                                               *
#  integral  =  7874.3696       accum. integral =  7874.3696    *
#  std. dev. =  3.2156402       accum. std. dev =  3.2156402    *
#   min/max. wt. =  -0.149685E-06        0.846097E-01           *
#                                                               *
#*************   chi**2/iteration = 0.1441E-05   ****************


#********** Integration by Vegas (iteration       2) ************
#                                                               *
#  integral  =  7871.9280       accum. integral =  7873.1636    *
#  std. dev. =  3.2540091       accum. std. dev =  2.2872416    *
#   min/max. wt. =  -0.117522E-10        0.170566               *
#                                                               *
#*************   chi**2/iteration = 0.2846       ****************

 Done
