SLURM job running in:  /work-zfs/lhc/heshy/JHUGen/xsecs_78TeV/JHUGen/JHUGenerator
  ****************************************
 
       NNPDFDriver version 1.0.3
   Grid: ./pdfs/NNPDF30_lo_as_0130.LHgrid                                                                    
  ****************************************
 extending no. of histograms for vbf tests
 
  
  ***************************************************************************************
  *                                JHU Generator v7.0.2                                 *
  ***************************************************************************************
  *                                                                                     *
  *   Spin and parity determination of single-produced resonances at hadron colliders   *
  *                                                                                     *
  *          I. Anderson, S. Bolognesi, F. Caola, Y. Gao, A. Gritsan, Z. Guo,           *
  *        C. Martin, K. Melnikov, R. Rontsch, H. Roskes, U. Sarica, M. Schulze,        *
  *                   N. Tran, A. Whitbeck, M. Xiao, C. You, Y. Zhou                    *
  *              Phys.Rev. D81 (2010) 075022;  arXiv:1001.3396  [hep-ph],               *
  *              Phys.Rev. D86 (2012) 095031;  arXiv:1208.4018  [hep-ph],               *
  *              Phys.Rev. D89 (2014) 035007;  arXiv:1309.4819  [hep-ph],               *
  *              Phys.Rev. D94 (2016) 055023;  arXiv:1606.03107 [hep-ph].               *
  *                                                                                     *
  ***************************************************************************************
  
   
   Command line: ./JHUGen PDFSet=3 MPhotonCutoff=0 ColliderEnergy=13 Process=60 ghz1_prime2=0,0 VegasNc1=99999999 VegasNc0=99999999 VegasNc2=99999999 Unweighted=0 ghz2=1.663195,0 ghz1=1,0 pTjetcut=0 deltaRcut=0 ghz4=0,0
   
   Input Parameter:
    Collider: P-P, sqrt(s)=13000.00
    Resonance: spin=0, mass= 125.00 width=   0.00407
    Z-boson: mass=91.188, width=2.4952
    W-boson: mass=80.399, width=2.0850
    Jet cuts:
            pT >=     0.00 GeV
        DeltaR >=     0.00
           mJJ >=     0.00 GeV
    Random seed:   154552308
    To reproduce results using this seed, JHUGen should be compiled with the same compiler:
      GNU Fortran (GCC) 4.9.3
    
    WidthScheme:   2
    PDFSet:   3
    Unweighted: F
    Intermediate off-shell photons: F
    
    spin-0-VV couplings: 
      generate_as=F
      ghg2=  0.10000000E+01  0.00000000E+00i
      ghz1=  0.10000000E+01  0.00000000E+00i
      ghz2=  0.16631950E+01  0.00000000E+00i
      Lambda=  1000.0
    
    LHE output: ./data/output.lhe
    Histogram output: ./data/output.dat
    Log file: ./data/output.log
    
  Running

  Input parameters for vegas:  ndim=  9   ncall= 99999999.
                              it=    0    itmx=   15
                              acc=-1.00    
                              mds=  0     nd=  50
                              (xl,xu)= (  0.00000     ,  1.00000     )
                                       (  0.00000     ,  1.00000     )
                                       (  0.00000     ,  1.00000     )
                                       (  0.00000     ,  1.00000     )
                                       (  0.00000     ,  1.00000     )
                                       (  0.00000     ,  1.00000     )
                                       (  0.00000     ,  1.00000     )
                                       (  0.00000     ,  1.00000     )
                                       (  0.00000     ,  1.00000     )

#********** Integration by Vegas (iteration       1) ************
#                                                               *
#  integral  =  31209.797       accum. integral =  31209.797    *
#  std. dev. =  1776.2317       accum. std. dev =  1776.2317    *
#   min/max. wt. =    0.00000             1266.24               *
#                                                               *
#*************   chi**2/iteration = 0.7557E-10   ****************


#********** Integration by Vegas (iteration       2) ************
#                                                               *
#  integral  =  47378.762       accum. integral =  32503.501    *
#  std. dev. =  9143.3868       accum. std. dev =  2189.9376    *
#   min/max. wt. =  -0.113615E-09         9094.09               *
#                                                               *
#*************   chi**2/iteration =  4.009       ****************


#********** Integration by Vegas (iteration       3) ************
#                                                               *
#  integral  =  37123.329       accum. integral =  37003.697    *
#  std. dev. =  330.41154       accum. std. dev =  343.86255    *
#   min/max. wt. =    0.00000             65.0414               *
#                                                               *
#*************   chi**2/iteration =  4.382       ****************


#********** Integration by Vegas (iteration       4) ************
#                                                               *
#  integral  =  38894.621       accum. integral =  38777.910    *
#  std. dev. =  87.629907       accum. std. dev =  85.292294    *
#   min/max. wt. =    0.00000             62.9643               *
#                                                               *
#*************   chi**2/iteration =  12.42       ****************


#********** Integration by Vegas (iteration       5) ************
#                                                               *
#  integral  =  38863.580       accum. integral =  38849.170    *
#  std. dev. =  38.139169       accum. std. dev =  34.940903    *
#   min/max. wt. =    0.00000             2.06856               *
#                                                               *
#*************   chi**2/iteration =  9.544       ****************


#********** Integration by Vegas (iteration       6) ************
#                                                               *
#  integral  =  38876.900       accum. integral =  38871.470    *
#  std. dev. =  17.170473       accum. std. dev =  15.451235    *
#   min/max. wt. =    0.00000             1.71746               *
#                                                               *
#*************   chi**2/iteration =  7.747       ****************


#********** Integration by Vegas (iteration       7) ************
#                                                               *
#  integral  =  38871.500       accum. integral =  38871.485    *
#  std. dev. =  14.984263       accum. std. dev =  10.771202    *
#   min/max. wt. =    0.00000            0.772729               *
#                                                               *
#*************   chi**2/iteration =  6.463       ****************


#********** Integration by Vegas (iteration       8) ************
#                                                               *
#  integral  =  38875.790       accum. integral =  38872.951    *
#  std. dev. =  14.948342       accum. std. dev =  8.7445088    *
#   min/max. wt. =    0.00000             3.46984               *
#                                                               *
#*************   chi**2/iteration =  5.552       ****************


#********** Integration by Vegas (iteration       9) ************
#                                                               *
#  integral  =  38880.035       accum. integral =  38874.834    *
#  std. dev. =  14.494588       accum. std. dev =  7.4903586    *
#   min/max. wt. =    0.00000            0.794085               *
#                                                               *
#*************   chi**2/iteration =  4.882       ****************


#********** Integration by Vegas (iteration      10) ************
#                                                               *
#  integral  =  38860.211       accum. integral =  38871.625    *
#  std. dev. =  14.087118       accum. std. dev =  6.6157453    *
#   min/max. wt. =  -0.141269E-07        0.716536               *
#                                                               *
#*************   chi**2/iteration =  4.435       ****************


#********** Integration by Vegas (iteration      11) ************
#                                                               *
#  integral  =  38861.642       accum. integral =  38869.811    *
#  std. dev. =  14.007563       accum. std. dev =  5.9834269    *
#   min/max. wt. =  -0.136825E-06        0.480880               *
#                                                               *
#*************   chi**2/iteration =  4.035       ****************


#********** Integration by Vegas (iteration      12) ************
#                                                               *
#  integral  =  38867.327       accum. integral =  38869.431    *
#  std. dev. =  14.048768       accum. std. dev =  5.5057333    *
#   min/max. wt. =    0.00000            0.574860               *
#                                                               *
#*************   chi**2/iteration =  3.672       ****************


#********** Integration by Vegas (iteration      13) ************
#                                                               *
#  integral  =  38882.873       accum. integral =  38871.177    *
#  std. dev. =  14.229219       accum. std. dev =  5.1351629    *
#   min/max. wt. =    0.00000             1.55720               *
#                                                               *
#*************   chi**2/iteration =  3.431       ****************


#********** Integration by Vegas (iteration      14) ************
#                                                               *
#  integral  =  38856.733       accum. integral =  38869.510    *
#  std. dev. =  14.189504       accum. std. dev =  4.8291187    *
#   min/max. wt. =    0.00000            0.843194               *
#                                                               *
#*************   chi**2/iteration =  3.238       ****************


#********** Integration by Vegas (iteration      15) ************
#                                                               *
#  integral  =  38868.610       accum. integral =  38869.417    *
#  std. dev. =  14.149842       accum. std. dev =  4.5705598    *
#   min/max. wt. =    0.00000            0.377447               *
#                                                               *
#*************   chi**2/iteration =  3.008       ****************

 ****************************************************
 * Writing out vegas grid to ./data/output.grid                                                      
 ****************************************************

  Input parameters for vegas:  ndim=  9   ncall= 99999999.
                              it=    0    itmx=    2
                              acc=-1.00    
                              mds=  0     nd=  50
                              (xl,xu)= (  0.00000     ,  1.00000     )
                                       (  0.00000     ,  1.00000     )
                                       (  0.00000     ,  1.00000     )
                                       (  0.00000     ,  1.00000     )
                                       (  0.00000     ,  1.00000     )
                                       (  0.00000     ,  1.00000     )
                                       (  0.00000     ,  1.00000     )
                                       (  0.00000     ,  1.00000     )
                                       (  0.00000     ,  1.00000     )

#********** Integration by Vegas (iteration       1) ************
#                                                               *
#  integral  =  38870.637       accum. integral =  38870.637    *
#  std. dev. =  14.341135       accum. std. dev =  14.341135    *
#   min/max. wt. =    0.00000             1.14597               *
#                                                               *
#*************   chi**2/iteration =  0.000       ****************


#********** Integration by Vegas (iteration       2) ************
#                                                               *
#  integral  =  38860.485       accum. integral =  38865.557    *
#  std. dev. =  14.325222       accum. std. dev =  10.135085    *
#   min/max. wt. =    0.00000            0.474736               *
#                                                               *
#*************   chi**2/iteration = 0.2506       ****************

 Done
