SLURM job running in:  /work-zfs/lhc/heshy/JHUGen/xsecs_78TeV/JHUGen/JHUGenerator
  ****************************************
 
       NNPDFDriver version 1.0.3
   Grid: ./pdfs/NNPDF30_lo_as_0130.LHgrid                                                                    
  ****************************************
 extending no. of histograms for vbf tests
 
  
  ***************************************************************************************
  *                                JHU Generator v7.0.2                                 *
  ***************************************************************************************
  *                                                                                     *
  *   Spin and parity determination of single-produced resonances at hadron colliders   *
  *                                                                                     *
  *          I. Anderson, S. Bolognesi, F. Caola, Y. Gao, A. Gritsan, Z. Guo,           *
  *        C. Martin, K. Melnikov, R. Rontsch, H. Roskes, U. Sarica, M. Schulze,        *
  *                   N. Tran, A. Whitbeck, M. Xiao, C. You, Y. Zhou                    *
  *              Phys.Rev. D81 (2010) 075022;  arXiv:1001.3396  [hep-ph],               *
  *              Phys.Rev. D86 (2012) 095031;  arXiv:1208.4018  [hep-ph],               *
  *              Phys.Rev. D89 (2014) 035007;  arXiv:1309.4819  [hep-ph],               *
  *              Phys.Rev. D94 (2016) 055023;  arXiv:1606.03107 [hep-ph].               *
  *                                                                                     *
  ***************************************************************************************
  
   
   Command line: ./JHUGen PDFSet=3 MPhotonCutoff=0 ColliderEnergy=13 Process=60 ghz1_prime2=0,0 VegasNc1=99999999 VegasNc0=99999999 VegasNc2=99999999 Unweighted=0 ghz2=0,0 ghz1=1,0 pTjetcut=15 deltaRcut=0 ghz4=0,0 ghzgs1_prime2=-7613.35130212,0
   
   Input Parameter:
    Collider: P-P, sqrt(s)=13000.00
    Resonance: spin=0, mass= 125.00 width=   0.00407
    Z-boson: mass=91.188, width=2.4952
    W-boson: mass=80.399, width=2.0850
    Jet cuts:
            pT >=    15.00 GeV
        DeltaR >=     0.00
           mJJ >=     0.00 GeV
    Random seed:   841253348
    To reproduce results using this seed, JHUGen should be compiled with the same compiler:
      GNU Fortran (GCC) 4.9.3
    
    WidthScheme:   2
    PDFSet:   3
    Unweighted: F
    Intermediate off-shell photons: T
    
    spin-0-VV couplings: 
      generate_as=F
      ghg2=  0.10000000E+01  0.00000000E+00i
      ghz1=  0.10000000E+01  0.00000000E+00i
      ghzgs1_prime2= -0.76133513E+04  0.00000000E+00i,  Lambda_zgs1=  1.0000E+04
      Lambda=  1000.0
    
    LHE output: ./data/output.lhe
    Histogram output: ./data/output.dat
    Log file: ./data/output.log
    
  Running

  Input parameters for vegas:  ndim=  9   ncall= 99999999.
                              it=    0    itmx=   15
                              acc=-1.00    
                              mds=  0     nd=  50
                              (xl,xu)= (  0.00000     ,  1.00000     )
                                       (  0.00000     ,  1.00000     )
                                       (  0.00000     ,  1.00000     )
                                       (  0.00000     ,  1.00000     )
                                       (  0.00000     ,  1.00000     )
                                       (  0.00000     ,  1.00000     )
                                       (  0.00000     ,  1.00000     )
                                       (  0.00000     ,  1.00000     )
                                       (  0.00000     ,  1.00000     )

#********** Integration by Vegas (iteration       1) ************
#                                                               *
#  integral  =  2230.5272       accum. integral =  2230.5272    *
#  std. dev. =  147.00540       accum. std. dev =  147.00540    *
#   min/max. wt. =    0.00000             134.882               *
#                                                               *
#*************   chi**2/iteration =  0.000       ****************


#********** Integration by Vegas (iteration       2) ************
#                                                               *
#  integral  =  3170.0285       accum. integral =  2571.6993    *
#  std. dev. =  276.67649       accum. std. dev =  144.15501    *
#   min/max. wt. =    0.00000             200.987               *
#                                                               *
#*************   chi**2/iteration =  9.813       ****************


#********** Integration by Vegas (iteration       3) ************
#                                                               *
#  integral  =  3171.0037       accum. integral =  3147.9561    *
#  std. dev. =  33.354057       accum. std. dev =  29.821938    *
#   min/max. wt. =    0.00000             16.7352               *
#                                                               *
#*************   chi**2/iteration =  11.87       ****************


#********** Integration by Vegas (iteration       4) ************
#                                                               *
#  integral  =  3239.3497       accum. integral =  3233.1893    *
#  std. dev. =  8.9824583       accum. std. dev =  7.9857178    *
#   min/max. wt. =    0.00000             4.56257               *
#                                                               *
#*************   chi**2/iteration =  10.19       ****************


#********** Integration by Vegas (iteration       5) ************
#                                                               *
#  integral  =  3241.4128       accum. integral =  3240.1337    *
#  std. dev. =  3.7251430       accum. std. dev =  3.2060420    *
#   min/max. wt. =    0.00000             1.02098               *
#                                                               *
#*************   chi**2/iteration =  7.589       ****************


#********** Integration by Vegas (iteration       6) ************
#                                                               *
#  integral  =  3239.0863       accum. integral =  3239.4375    *
#  std. dev. =  2.4294869       accum. std. dev =  1.8777230    *
#   min/max. wt. =    0.00000            0.164260               *
#                                                               *
#*************   chi**2/iteration =  5.948       ****************


#********** Integration by Vegas (iteration       7) ************
#                                                               *
#  integral  =  3244.5446       accum. integral =  3241.7703    *
#  std. dev. =  2.1636707       accum. std. dev =  1.3954083    *
#   min/max. wt. =    0.00000            0.394498               *
#                                                               *
#*************   chi**2/iteration =  5.430       ****************


#********** Integration by Vegas (iteration       8) ************
#                                                               *
#  integral  =  3244.9368       accum. integral =  3242.8340    *
#  std. dev. =  2.0564390       accum. std. dev =  1.1441330    *
#   min/max. wt. =    0.00000            0.133071               *
#                                                               *
#*************   chi**2/iteration =  4.842       ****************


#********** Integration by Vegas (iteration       9) ************
#                                                               *
#  integral  =  3243.3247       accum. integral =  3242.9616    *
#  std. dev. =  2.0089988       accum. std. dev = 0.98871586    *
#   min/max. wt. =    0.00000            0.958749E-01           *
#                                                               *
#*************   chi**2/iteration =  4.203       ****************


#********** Integration by Vegas (iteration      10) ************
#                                                               *
#  integral  =  3246.0603       accum. integral =  3243.6091    *
#  std. dev. =  1.9952649       accum. std. dev = 0.88269121    *
#   min/max. wt. =    0.00000            0.120439               *
#                                                               *
#*************   chi**2/iteration =  3.935       ****************


#********** Integration by Vegas (iteration      11) ************
#                                                               *
#  integral  =  3242.9190       accum. integral =  3243.4882    *
#  std. dev. =  1.9770345       accum. std. dev = 0.80403185    *
#   min/max. wt. =    0.00000            0.892757E-01           *
#                                                               *
#*************   chi**2/iteration =  3.531       ****************


#********** Integration by Vegas (iteration      12) ************
#                                                               *
#  integral  =  3239.9091       accum. integral =  3242.9587    *
#  std. dev. =  1.9842251       accum. std. dev = 0.74395316    *
#   min/max. wt. =    0.00000            0.809431E-01           *
#                                                               *
#*************   chi**2/iteration =  3.460       ****************


#********** Integration by Vegas (iteration      13) ************
#                                                               *
#  integral  =  3245.3036       accum. integral =  3243.2589    *
#  std. dev. =  1.9950136       accum. std. dev = 0.69618990    *
#   min/max. wt. =    0.00000            0.177008               *
#                                                               *
#*************   chi**2/iteration =  3.263       ****************


#********** Integration by Vegas (iteration      14) ************
#                                                               *
#  integral  =  3244.4618       accum. integral =  3243.3961    *
#  std. dev. =  1.9894067       accum. std. dev = 0.65648960    *
#   min/max. wt. =  -0.192950E-12        0.119823               *
#                                                               *
#*************   chi**2/iteration =  3.028       ****************


#********** Integration by Vegas (iteration      15) ************
#                                                               *
#  integral  =  3241.2439       accum. integral =  3243.1742    *
#  std. dev. =  1.9792818       accum. std. dev = 0.62265676    *
#   min/max. wt. =    0.00000            0.969429E-01           *
#                                                               *
#*************   chi**2/iteration =  2.882       ****************

 ****************************************************
 * Writing out vegas grid to ./data/output.grid                                                      
 ****************************************************

  Input parameters for vegas:  ndim=  9   ncall= 99999999.
                              it=    0    itmx=    2
                              acc=-1.00    
                              mds=  0     nd=  50
                              (xl,xu)= (  0.00000     ,  1.00000     )
                                       (  0.00000     ,  1.00000     )
                                       (  0.00000     ,  1.00000     )
                                       (  0.00000     ,  1.00000     )
                                       (  0.00000     ,  1.00000     )
                                       (  0.00000     ,  1.00000     )
                                       (  0.00000     ,  1.00000     )
                                       (  0.00000     ,  1.00000     )
                                       (  0.00000     ,  1.00000     )

#********** Integration by Vegas (iteration       1) ************
#                                                               *
#  integral  =  3246.9395       accum. integral =  3246.9395    *
#  std. dev. =  2.0188334       accum. std. dev =  2.0188334    *
#   min/max. wt. =    0.00000            0.118917               *
#                                                               *
#*************   chi**2/iteration =  0.000       ****************


#********** Integration by Vegas (iteration       2) ************
#                                                               *
#  integral  =  3244.6922       accum. integral =  3245.8060    *
#  std. dev. =  1.9997944       accum. std. dev =  1.4207563    *
#   min/max. wt. =    0.00000            0.162204               *
#                                                               *
#*************   chi**2/iteration = 0.6248       ****************

 Done
