SLURM job running in:  /work-zfs/lhc/heshy/JHUGen/xsecs_78TeV/JHUGen/JHUGenerator
  ****************************************
 
       NNPDFDriver version 1.0.3
   Grid: ./pdfs/NNPDF30_lo_as_0130.LHgrid                                                                    
  ****************************************
 extending no. of histograms for vbf tests
 
  
  ***************************************************************************************
  *                                JHU Generator v7.0.2                                 *
  ***************************************************************************************
  *                                                                                     *
  *   Spin and parity determination of single-produced resonances at hadron colliders   *
  *                                                                                     *
  *          I. Anderson, S. Bolognesi, F. Caola, Y. Gao, A. Gritsan, Z. Guo,           *
  *        C. Martin, K. Melnikov, R. Rontsch, H. Roskes, U. Sarica, M. Schulze,        *
  *                   N. Tran, A. Whitbeck, M. Xiao, C. You, Y. Zhou                    *
  *              Phys.Rev. D81 (2010) 075022;  arXiv:1001.3396  [hep-ph],               *
  *              Phys.Rev. D86 (2012) 095031;  arXiv:1208.4018  [hep-ph],               *
  *              Phys.Rev. D89 (2014) 035007;  arXiv:1309.4819  [hep-ph],               *
  *              Phys.Rev. D94 (2016) 055023;  arXiv:1606.03107 [hep-ph].               *
  *                                                                                     *
  ***************************************************************************************
  
   
   Command line: ./JHUGen PDFSet=3 MPhotonCutoff=0 ColliderEnergy=13 Process=60 ghz1_prime2=-12110.2,0 VegasNc1=99999999 VegasNc0=99999999 VegasNc2=99999999 Unweighted=0 ghz2=0,0 ghz1=1,0 pTjetcut=0 deltaRcut=0 ghz4=0,0
   
   Input Parameter:
    Collider: P-P, sqrt(s)=13000.00
    Resonance: spin=0, mass= 125.00 width=   0.00407
    Z-boson: mass=91.188, width=2.4952
    W-boson: mass=80.399, width=2.0850
    Jet cuts:
            pT >=     0.00 GeV
        DeltaR >=     0.00
           mJJ >=     0.00 GeV
    Random seed:   933032294
    To reproduce results using this seed, JHUGen should be compiled with the same compiler:
      GNU Fortran (GCC) 4.9.3
    
    WidthScheme:   2
    PDFSet:   3
    Unweighted: F
    Intermediate off-shell photons: F
    
    spin-0-VV couplings: 
      generate_as=F
      ghg2=  0.10000000E+01  0.00000000E+00i
      ghz1=  0.10000000E+01  0.00000000E+00i
      ghz1_prime2= -0.12110200E+05  0.00000000E+00i,    Lambda_z1=  1.0000E+04
      Lambda=  1000.0
    
    LHE output: ./data/output.lhe
    Histogram output: ./data/output.dat
    Log file: ./data/output.log
    
  Running

  Input parameters for vegas:  ndim=  9   ncall= 99999999.
                              it=    0    itmx=   15
                              acc=-1.00    
                              mds=  0     nd=  50
                              (xl,xu)= (  0.00000     ,  1.00000     )
                                       (  0.00000     ,  1.00000     )
                                       (  0.00000     ,  1.00000     )
                                       (  0.00000     ,  1.00000     )
                                       (  0.00000     ,  1.00000     )
                                       (  0.00000     ,  1.00000     )
                                       (  0.00000     ,  1.00000     )
                                       (  0.00000     ,  1.00000     )
                                       (  0.00000     ,  1.00000     )

#********** Integration by Vegas (iteration       1) ************
#                                                               *
#  integral  =  29434.404       accum. integral =  29434.404    *
#  std. dev. =  4725.5316       accum. std. dev =  4725.5316    *
#   min/max. wt. =    0.00000             4640.73               *
#                                                               *
#*************   chi**2/iteration = 0.1068E-10   ****************


#********** Integration by Vegas (iteration       2) ************
#                                                               *
#  integral  =  35705.716       accum. integral =  35320.245    *
#  std. dev. =  1466.9815       accum. std. dev =  1302.3686    *
#   min/max. wt. =    0.00000             1023.23               *
#                                                               *
#*************   chi**2/iteration =  1.336       ****************


#********** Integration by Vegas (iteration       3) ************
#                                                               *
#  integral  =  36273.328       accum. integral =  36250.146    *
#  std. dev. =  227.95826       accum. std. dev =  210.72318    *
#   min/max. wt. =    0.00000             84.7035               *
#                                                               *
#*************   chi**2/iteration = 0.8637       ****************


#********** Integration by Vegas (iteration       4) ************
#                                                               *
#  integral  =  36685.709       accum. integral =  36660.773    *
#  std. dev. =  56.118594       accum. std. dev =  51.467011    *
#   min/max. wt. =  -0.384191E-06         13.3311               *
#                                                               *
#*************   chi**2/iteration =  1.841       ****************


#********** Integration by Vegas (iteration       5) ************
#                                                               *
#  integral  =  36692.166       accum. integral =  36685.533    *
#  std. dev. =  28.209100       accum. std. dev =  23.943791    *
#   min/max. wt. =  -0.133468E-07         3.38387               *
#                                                               *
#*************   chi**2/iteration =  1.420       ****************


#********** Integration by Vegas (iteration       6) ************
#                                                               *
#  integral  =  36682.072       accum. integral =  36683.481    *
#  std. dev. =  20.754225       accum. std. dev =  15.397035    *
#   min/max. wt. =    0.00000            0.908265               *
#                                                               *
#*************   chi**2/iteration =  1.121       ****************


#********** Integration by Vegas (iteration       7) ************
#                                                               *
#  integral  =  36686.041       accum. integral =  36684.531    *
#  std. dev. =  19.160215       accum. std. dev =  11.888917    *
#   min/max. wt. =    0.00000            0.813411               *
#                                                               *
#*************   chi**2/iteration = 0.9256       ****************


#********** Integration by Vegas (iteration       8) ************
#                                                               *
#  integral  =  36693.439       accum. integral =  36687.265    *
#  std. dev. =  18.447582       accum. std. dev =  9.9386457    *
#   min/max. wt. =  -0.390564E-08        0.669483               *
#                                                               *
#*************   chi**2/iteration = 0.8113       ****************


#********** Integration by Vegas (iteration       9) ************
#                                                               *
#  integral  =  36722.742       accum. integral =  36695.710    *
#  std. dev. =  18.299064       accum. std. dev =  8.7039059    *
#   min/max. wt. =  -0.983160E-08        0.871763               *
#                                                               *
#*************   chi**2/iteration =  1.082       ****************


#********** Integration by Vegas (iteration      10) ************
#                                                               *
#  integral  =  36675.271       accum. integral =  36691.710    *
#  std. dev. =  18.077114       accum. std. dev =  7.8252630    *
#   min/max. wt. =    0.00000            0.625666               *
#                                                               *
#*************   chi**2/iteration =  1.076       ****************


#********** Integration by Vegas (iteration      11) ************
#                                                               *
#  integral  =  36728.952       accum. integral =  36697.762    *
#  std. dev. =  18.180619       accum. std. dev =  7.1766903    *
#   min/max. wt. =    0.00000            0.993833               *
#                                                               *
#*************   chi**2/iteration =  1.331       ****************


#********** Integration by Vegas (iteration      12) ************
#                                                               *
#  integral  =  36723.072       accum. integral =  36701.287    *
#  std. dev. =  18.217038       accum. std. dev =  6.6700166    *
#   min/max. wt. =    0.00000             1.13457               *
#                                                               *
#*************   chi**2/iteration =  1.363       ****************


#********** Integration by Vegas (iteration      13) ************
#                                                               *
#  integral  =  36686.546       accum. integral =  36699.487    *
#  std. dev. =  18.213412       accum. std. dev =  6.2584971    *
#   min/max. wt. =    0.00000            0.712552               *
#                                                               *
#*************   chi**2/iteration =  1.295       ****************


#********** Integration by Vegas (iteration      14) ************
#                                                               *
#  integral  =  36687.382       accum. integral =  36698.190    *
#  std. dev. =  18.366612       accum. std. dev =  5.9207505    *
#   min/max. wt. =    0.00000            0.676999               *
#                                                               *
#*************   chi**2/iteration =  1.223       ****************


#********** Integration by Vegas (iteration      15) ************
#                                                               *
#  integral  =  36706.686       accum. integral =  36699.002    *
#  std. dev. =  18.502123       accum. std. dev =  5.6366656    *
#   min/max. wt. =    0.00000            0.588183               *
#                                                               *
#*************   chi**2/iteration =  1.147       ****************

 ****************************************************
 * Writing out vegas grid to ./data/output.grid                                                      
 ****************************************************

  Input parameters for vegas:  ndim=  9   ncall= 99999999.
                              it=    0    itmx=    2
                              acc=-1.00    
                              mds=  0     nd=  50
                              (xl,xu)= (  0.00000     ,  1.00000     )
                                       (  0.00000     ,  1.00000     )
                                       (  0.00000     ,  1.00000     )
                                       (  0.00000     ,  1.00000     )
                                       (  0.00000     ,  1.00000     )
                                       (  0.00000     ,  1.00000     )
                                       (  0.00000     ,  1.00000     )
                                       (  0.00000     ,  1.00000     )
                                       (  0.00000     ,  1.00000     )

#********** Integration by Vegas (iteration       1) ************
#                                                               *
#  integral  =  36710.800       accum. integral =  36710.800    *
#  std. dev. =  18.635369       accum. std. dev =  18.635369    *
#   min/max. wt. =    0.00000            0.798646               *
#                                                               *
#*************   chi**2/iteration =  0.000       ****************


#********** Integration by Vegas (iteration       2) ************
#                                                               *
#  integral  =  36718.457       accum. integral =  36714.593    *
#  std. dev. =  18.813105       accum. std. dev =  13.239600    *
#   min/max. wt. =    0.00000            0.977545               *
#                                                               *
#*************   chi**2/iteration = 0.8352E-01   ****************

 Done
