SLURM job running in:  /work-zfs/lhc/heshy/JHUGen/xsecs_78TeV/JHUGen/JHUGenerator
  ****************************************
 
       NNPDFDriver version 1.0.3
   Grid: ./pdfs/NNPDF30_lo_as_0130.LHgrid                                                                    
  ****************************************
 extending no. of histograms for vbf tests
 
  
  ***************************************************************************************
  *                                JHU Generator v7.0.2                                 *
  ***************************************************************************************
  *                                                                                     *
  *   Spin and parity determination of single-produced resonances at hadron colliders   *
  *                                                                                     *
  *          I. Anderson, S. Bolognesi, F. Caola, Y. Gao, A. Gritsan, Z. Guo,           *
  *        C. Martin, K. Melnikov, R. Rontsch, H. Roskes, U. Sarica, M. Schulze,        *
  *                   N. Tran, A. Whitbeck, M. Xiao, C. You, Y. Zhou                    *
  *              Phys.Rev. D81 (2010) 075022;  arXiv:1001.3396  [hep-ph],               *
  *              Phys.Rev. D86 (2012) 095031;  arXiv:1208.4018  [hep-ph],               *
  *              Phys.Rev. D89 (2014) 035007;  arXiv:1309.4819  [hep-ph],               *
  *              Phys.Rev. D94 (2016) 055023;  arXiv:1606.03107 [hep-ph].               *
  *                                                                                     *
  ***************************************************************************************
  
   
   Command line: ./JHUGen PDFSet=3 MPhotonCutoff=0 ColliderEnergy=8 Process=60 ghz1_prime2=0,0 VegasNc1=99999999 VegasNc0=99999999 VegasNc2=99999999 Unweighted=0 ghz2=1.663195,0 ghz1=1,0 pTjetcut=0 deltaRcut=0 ghz4=0,0
   
   Input Parameter:
    Collider: P-P, sqrt(s)= 8000.00
    Resonance: spin=0, mass= 125.00 width=   0.00407
    Z-boson: mass=91.188, width=2.4952
    W-boson: mass=80.399, width=2.0850
    Jet cuts:
            pT >=     0.00 GeV
        DeltaR >=     0.00
           mJJ >=     0.00 GeV
    Random seed:   600680928
    To reproduce results using this seed, JHUGen should be compiled with the same compiler:
      GNU Fortran (GCC) 4.9.3
    
    WidthScheme:   2
    PDFSet:   3
    Unweighted: F
    Intermediate off-shell photons: F
    
    spin-0-VV couplings: 
      generate_as=F
      ghg2=  0.10000000E+01  0.00000000E+00i
      ghz1=  0.10000000E+01  0.00000000E+00i
      ghz2=  0.16631950E+01  0.00000000E+00i
      Lambda=  1000.0
    
    LHE output: ./data/output.lhe
    Histogram output: ./data/output.dat
    Log file: ./data/output.log
    
  Running

  Input parameters for vegas:  ndim=  9   ncall= 99999999.
                              it=    0    itmx=   15
                              acc=-1.00    
                              mds=  0     nd=  50
                              (xl,xu)= (  0.00000     ,  1.00000     )
                                       (  0.00000     ,  1.00000     )
                                       (  0.00000     ,  1.00000     )
                                       (  0.00000     ,  1.00000     )
                                       (  0.00000     ,  1.00000     )
                                       (  0.00000     ,  1.00000     )
                                       (  0.00000     ,  1.00000     )
                                       (  0.00000     ,  1.00000     )
                                       (  0.00000     ,  1.00000     )

#********** Integration by Vegas (iteration       1) ************
#                                                               *
#  integral  =  14322.232       accum. integral =  14322.232    *
#  std. dev. =  1335.6598       accum. std. dev =  1335.6598    *
#   min/max. wt. =    0.00000             1167.02               *
#                                                               *
#*************   chi**2/iteration =  0.000       ****************


#********** Integration by Vegas (iteration       2) ************
#                                                               *
#  integral  =  14774.759       accum. integral =  14761.241    *
#  std. dev. =  241.77465       accum. std. dev =  234.51782    *
#   min/max. wt. =    0.00000             173.525               *
#                                                               *
#*************   chi**2/iteration = 0.1078       ****************


#********** Integration by Vegas (iteration       3) ************
#                                                               *
#  integral  =  14585.044       accum. integral =  14588.126    *
#  std. dev. =  31.365164       accum. std. dev =  31.040237    *
#   min/max. wt. =    0.00000             8.80030               *
#                                                               *
#*************   chi**2/iteration = 0.3306       ****************


#********** Integration by Vegas (iteration       4) ************
#                                                               *
#  integral  =  14600.285       accum. integral =  14599.504    *
#  std. dev. =  8.1533449       accum. std. dev =  7.8716133    *
#   min/max. wt. =  -0.103760E-07         1.69844               *
#                                                               *
#*************   chi**2/iteration = 0.2679       ****************


#********** Integration by Vegas (iteration       5) ************
#                                                               *
#  integral  =  14586.479       accum. integral =  14590.782    *
#  std. dev. =  5.5348664       accum. std. dev =  4.5254589    *
#   min/max. wt. =  -0.493390E-06        0.231339               *
#                                                               *
#*************   chi**2/iteration = 0.6589       ****************


#********** Integration by Vegas (iteration       6) ************
#                                                               *
#  integral  =  14592.193       accum. integral =  14591.429    *
#  std. dev. =  4.9263524       accum. std. dev =  3.3315334    *
#   min/max. wt. =    0.00000            0.769626               *
#                                                               *
#*************   chi**2/iteration = 0.5358       ****************


#********** Integration by Vegas (iteration       7) ************
#                                                               *
#  integral  =  14590.673       accum. integral =  14591.176    *
#  std. dev. =  4.7098586       accum. std. dev =  2.7193988    *
#   min/max. wt. =    0.00000            0.325750               *
#                                                               *
#*************   chi**2/iteration = 0.4493       ****************


#********** Integration by Vegas (iteration       8) ************
#                                                               *
#  integral  =  14593.526       accum. integral =  14591.764    *
#  std. dev. =  4.7167442       accum. std. dev =  2.3556074    *
#   min/max. wt. =    0.00000            0.184137               *
#                                                               *
#*************   chi**2/iteration = 0.4116       ****************


#********** Integration by Vegas (iteration       9) ************
#                                                               *
#  integral  =  14592.631       accum. integral =  14591.940    *
#  std. dev. =  4.6617951       accum. std. dev =  2.1022894    *
#   min/max. wt. =    0.00000            0.179834               *
#                                                               *
#*************   chi**2/iteration = 0.3636       ****************


#********** Integration by Vegas (iteration      10) ************
#                                                               *
#  integral  =  14591.253       accum. integral =  14591.824    *
#  std. dev. =  4.6564889       accum. std. dev =  1.9159829    *
#   min/max. wt. =    0.00000            0.290772               *
#                                                               *
#*************   chi**2/iteration = 0.3252       ****************


#********** Integration by Vegas (iteration      11) ************
#                                                               *
#  integral  =  14586.494       accum. integral =  14591.045    *
#  std. dev. =  4.6317511       accum. std. dev =  1.7704603    *
#   min/max. wt. =    0.00000            0.141168               *
#                                                               *
#*************   chi**2/iteration = 0.4057       ****************


#********** Integration by Vegas (iteration      12) ************
#                                                               *
#  integral  =  14593.665       accum. integral =  14591.375    *
#  std. dev. =  4.6663669       accum. std. dev =  1.6552733    *
#   min/max. wt. =    0.00000            0.238755               *
#                                                               *
#*************   chi**2/iteration = 0.3939       ****************


#********** Integration by Vegas (iteration      13) ************
#                                                               *
#  integral  =  14585.479       accum. integral =  14590.719    *
#  std. dev. =  4.6773251       accum. std. dev =  1.5604360    *
#   min/max. wt. =    0.00000            0.143272               *
#                                                               *
#*************   chi**2/iteration = 0.4788       ****************


#********** Integration by Vegas (iteration      14) ************
#                                                               *
#  integral  =  14583.640       accum. integral =  14590.026    *
#  std. dev. =  4.7378558       accum. std. dev =  1.4821213    *
#   min/max. wt. =  -0.523459E-08        0.269880               *
#                                                               *
#*************   chi**2/iteration = 0.5968       ****************


#********** Integration by Vegas (iteration      15) ************
#                                                               *
#  integral  =  14596.346       accum. integral =  14590.580    *
#  std. dev. =  4.7827986       accum. std. dev =  1.4156805    *
#   min/max. wt. =    0.00000            0.200594               *
#                                                               *
#*************   chi**2/iteration = 0.6681       ****************

 ****************************************************
 * Writing out vegas grid to ./data/output.grid                                                      
 ****************************************************

  Input parameters for vegas:  ndim=  9   ncall= 99999999.
                              it=    0    itmx=    2
                              acc=-1.00    
                              mds=  0     nd=  50
                              (xl,xu)= (  0.00000     ,  1.00000     )
                                       (  0.00000     ,  1.00000     )
                                       (  0.00000     ,  1.00000     )
                                       (  0.00000     ,  1.00000     )
                                       (  0.00000     ,  1.00000     )
                                       (  0.00000     ,  1.00000     )
                                       (  0.00000     ,  1.00000     )
                                       (  0.00000     ,  1.00000     )
                                       (  0.00000     ,  1.00000     )

#********** Integration by Vegas (iteration       1) ************
#                                                               *
#  integral  =  14587.202       accum. integral =  14587.202    *
#  std. dev. =  4.8532919       accum. std. dev =  4.8532919    *
#   min/max. wt. =    0.00000            0.231817               *
#                                                               *
#*************   chi**2/iteration =  0.000       ****************


#********** Integration by Vegas (iteration       2) ************
#                                                               *
#  integral  =  14590.700       accum. integral =  14588.929    *
#  std. dev. =  4.9148271       accum. std. dev =  3.4533512    *
#   min/max. wt. =  -0.380704E-07        0.251549               *
#                                                               *
#*************   chi**2/iteration = 0.2562       ****************

 Done
