SLURM job running in:  /work-zfs/lhc/heshy/JHUGen/xsecs_78TeV/JHUGen/JHUGenerator
  ****************************************
 
       NNPDFDriver version 1.0.3
   Grid: ./pdfs/NNPDF30_lo_as_0130.LHgrid                                                                    
  ****************************************
 extending no. of histograms for vbf tests
 
  
  ***************************************************************************************
  *                                JHU Generator v7.0.2                                 *
  ***************************************************************************************
  *                                                                                     *
  *   Spin and parity determination of single-produced resonances at hadron colliders   *
  *                                                                                     *
  *          I. Anderson, S. Bolognesi, F. Caola, Y. Gao, A. Gritsan, Z. Guo,           *
  *        C. Martin, K. Melnikov, R. Rontsch, H. Roskes, U. Sarica, M. Schulze,        *
  *                   N. Tran, A. Whitbeck, M. Xiao, C. You, Y. Zhou                    *
  *              Phys.Rev. D81 (2010) 075022;  arXiv:1001.3396  [hep-ph],               *
  *              Phys.Rev. D86 (2012) 095031;  arXiv:1208.4018  [hep-ph],               *
  *              Phys.Rev. D89 (2014) 035007;  arXiv:1309.4819  [hep-ph],               *
  *              Phys.Rev. D94 (2016) 055023;  arXiv:1606.03107 [hep-ph].               *
  *                                                                                     *
  ***************************************************************************************
  
   
   Command line: ./JHUGen PDFSet=3 MPhotonCutoff=0 ColliderEnergy=8 Process=60 ghz1_prime2=0,0 VegasNc1=99999999 VegasNc0=99999999 VegasNc2=99999999 Unweighted=0 ghz2=0,0 ghz1=1,0 pTjetcut=0 deltaRcut=0 ghz4=2.55502,0
   
   Input Parameter:
    Collider: P-P, sqrt(s)= 8000.00
    Resonance: spin=0, mass= 125.00 width=   0.00407
    Z-boson: mass=91.188, width=2.4952
    W-boson: mass=80.399, width=2.0850
    Jet cuts:
            pT >=     0.00 GeV
        DeltaR >=     0.00
           mJJ >=     0.00 GeV
    Random seed:   648525145
    To reproduce results using this seed, JHUGen should be compiled with the same compiler:
      GNU Fortran (GCC) 4.9.3
    
    WidthScheme:   2
    PDFSet:   3
    Unweighted: F
    Intermediate off-shell photons: F
    
    spin-0-VV couplings: 
      generate_as=F
      ghg2=  0.10000000E+01  0.00000000E+00i
      ghz1=  0.10000000E+01  0.00000000E+00i
      ghz4=  0.25550200E+01  0.00000000E+00i
      Lambda=  1000.0
    
    LHE output: ./data/output.lhe
    Histogram output: ./data/output.dat
    Log file: ./data/output.log
    
  Running

  Input parameters for vegas:  ndim=  9   ncall= 99999999.
                              it=    0    itmx=   15
                              acc=-1.00    
                              mds=  0     nd=  50
                              (xl,xu)= (  0.00000     ,  1.00000     )
                                       (  0.00000     ,  1.00000     )
                                       (  0.00000     ,  1.00000     )
                                       (  0.00000     ,  1.00000     )
                                       (  0.00000     ,  1.00000     )
                                       (  0.00000     ,  1.00000     )
                                       (  0.00000     ,  1.00000     )
                                       (  0.00000     ,  1.00000     )
                                       (  0.00000     ,  1.00000     )

#********** Integration by Vegas (iteration       1) ************
#                                                               *
#  integral  =  24347.111       accum. integral =  24347.111    *
#  std. dev. =  1693.8726       accum. std. dev =  1693.8726    *
#   min/max. wt. =    0.00000             1489.65               *
#                                                               *
#*************   chi**2/iteration =  0.000       ****************


#********** Integration by Vegas (iteration       2) ************
#                                                               *
#  integral  =  26164.265       accum. integral =  26099.632    *
#  std. dev. =  349.57304       accum. std. dev =  331.59287    *
#   min/max. wt. =    0.00000             218.650               *
#                                                               *
#*************   chi**2/iteration =  1.029       ****************


#********** Integration by Vegas (iteration       3) ************
#                                                               *
#  integral  =  26549.584       accum. integral =  26537.887    *
#  std. dev. =  56.911017       accum. std. dev =  54.379534    *
#   min/max. wt. =    0.00000             19.9035               *
#                                                               *
#*************   chi**2/iteration =  1.364       ****************


#********** Integration by Vegas (iteration       4) ************
#                                                               *
#  integral  =  26535.742       accum. integral =  26535.914    *
#  std. dev. =  16.548711       accum. std. dev =  15.502126    *
#   min/max. wt. =    0.00000             2.35644               *
#                                                               *
#*************   chi**2/iteration = 0.8952       ****************


#********** Integration by Vegas (iteration       5) ************
#                                                               *
#  integral  =  26549.401       accum. integral =  26545.063    *
#  std. dev. =  10.935678       accum. std. dev =  8.8352001    *
#   min/max. wt. =    0.00000             1.07212               *
#                                                               *
#*************   chi**2/iteration = 0.7920       ****************


#********** Integration by Vegas (iteration       6) ************
#                                                               *
#  integral  =  26524.173       accum. integral =  26535.506    *
#  std. dev. =  9.7984348       accum. std. dev =  6.5276378    *
#   min/max. wt. =    0.00000            0.325221               *
#                                                               *
#*************   chi**2/iteration =  1.138       ****************


#********** Integration by Vegas (iteration       7) ************
#                                                               *
#  integral  =  26529.824       accum. integral =  26533.631    *
#  std. dev. =  9.4451276       accum. std. dev =  5.3549430    *
#   min/max. wt. =    0.00000            0.626512               *
#                                                               *
#*************   chi**2/iteration = 0.9856       ****************


#********** Integration by Vegas (iteration       8) ************
#                                                               *
#  integral  =  26522.237       accum. integral =  26530.769    *
#  std. dev. =  9.3655097       accum. std. dev =  4.6413724    *
#   min/max. wt. =    0.00000            0.775861               *
#                                                               *
#*************   chi**2/iteration =  1.004       ****************


#********** Integration by Vegas (iteration       9) ************
#                                                               *
#  integral  =  26520.831       accum. integral =  26528.769    *
#  std. dev. =  9.3523479       accum. std. dev =  4.1534768    *
#   min/max. wt. =    0.00000            0.595393               *
#                                                               *
#*************   chi**2/iteration = 0.9913       ****************


#********** Integration by Vegas (iteration      10) ************
#                                                               *
#  integral  =  26522.213       accum. integral =  26527.678    *
#  std. dev. =  9.3902610       accum. std. dev =  3.7960516    *
#   min/max. wt. =    0.00000            0.392813               *
#                                                               *
#*************   chi**2/iteration = 0.9253       ****************


#********** Integration by Vegas (iteration      11) ************
#                                                               *
#  integral  =  26515.266       accum. integral =  26525.911    *
#  std. dev. =  9.3982022       accum. std. dev =  3.5182493    *
#   min/max. wt. =    0.00000            0.584968               *
#                                                               *
#*************   chi**2/iteration = 0.9835       ****************


#********** Integration by Vegas (iteration      12) ************
#                                                               *
#  integral  =  26529.085       accum. integral =  26526.303    *
#  std. dev. =  9.4500851       accum. std. dev =  3.2960813    *
#   min/max. wt. =    0.00000            0.525151               *
#                                                               *
#*************   chi**2/iteration = 0.9019       ****************


#********** Integration by Vegas (iteration      13) ************
#                                                               *
#  integral  =  26507.028       accum. integral =  26524.208    *
#  std. dev. =  9.5041857       accum. std. dev =  3.1134663    *
#   min/max. wt. =  -0.668333E-05        0.423332               *
#                                                               *
#*************   chi**2/iteration =  1.135       ****************


#********** Integration by Vegas (iteration      14) ************
#                                                               *
#  integral  =  26517.048       accum. integral =  26523.521    *
#  std. dev. =  9.6230449       accum. std. dev =  2.9618093    *
#   min/max. wt. =    0.00000            0.317295               *
#                                                               *
#*************   chi**2/iteration =  1.086       ****************


#********** Integration by Vegas (iteration      15) ************
#                                                               *
#  integral  =  26513.246       accum. integral =  26522.640    *
#  std. dev. =  9.7310311       accum. std. dev =  2.8331539    *
#   min/max. wt. =    0.00000            0.481443               *
#                                                               *
#*************   chi**2/iteration =  1.081       ****************

 ****************************************************
 * Writing out vegas grid to ./data/output.grid                                                      
 ****************************************************

  Input parameters for vegas:  ndim=  9   ncall= 99999999.
                              it=    0    itmx=    2
                              acc=-1.00    
                              mds=  0     nd=  50
                              (xl,xu)= (  0.00000     ,  1.00000     )
                                       (  0.00000     ,  1.00000     )
                                       (  0.00000     ,  1.00000     )
                                       (  0.00000     ,  1.00000     )
                                       (  0.00000     ,  1.00000     )
                                       (  0.00000     ,  1.00000     )
                                       (  0.00000     ,  1.00000     )
                                       (  0.00000     ,  1.00000     )
                                       (  0.00000     ,  1.00000     )

#********** Integration by Vegas (iteration       1) ************
#                                                               *
#  integral  =  26518.328       accum. integral =  26518.328    *
#  std. dev. =  9.8679579       accum. std. dev =  9.8679579    *
#   min/max. wt. =    0.00000            0.443166               *
#                                                               *
#*************   chi**2/iteration = -.1224E-05   ****************


#********** Integration by Vegas (iteration       2) ************
#                                                               *
#  integral  =  26524.599       accum. integral =  26521.466    *
#  std. dev. =  9.8625330       accum. std. dev =  6.9757807    *
#   min/max. wt. =    0.00000            0.383242               *
#                                                               *
#*************   chi**2/iteration = 0.2018       ****************

 Done
