SLURM job running in:  /work-zfs/lhc/heshy/JHUGen/xsecs_78TeV/JHUGen/JHUGenerator
  ****************************************
 
       NNPDFDriver version 1.0.3
   Grid: ./pdfs/NNPDF30_lo_as_0130.LHgrid                                                                    
  ****************************************
 extending no. of histograms for vbf tests
 
  
  ***************************************************************************************
  *                                JHU Generator v7.0.2                                 *
  ***************************************************************************************
  *                                                                                     *
  *   Spin and parity determination of single-produced resonances at hadron colliders   *
  *                                                                                     *
  *          I. Anderson, S. Bolognesi, F. Caola, Y. Gao, A. Gritsan, Z. Guo,           *
  *        C. Martin, K. Melnikov, R. Rontsch, H. Roskes, U. Sarica, M. Schulze,        *
  *                   N. Tran, A. Whitbeck, M. Xiao, C. You, Y. Zhou                    *
  *              Phys.Rev. D81 (2010) 075022;  arXiv:1001.3396  [hep-ph],               *
  *              Phys.Rev. D86 (2012) 095031;  arXiv:1208.4018  [hep-ph],               *
  *              Phys.Rev. D89 (2014) 035007;  arXiv:1309.4819  [hep-ph],               *
  *              Phys.Rev. D94 (2016) 055023;  arXiv:1606.03107 [hep-ph].               *
  *                                                                                     *
  ***************************************************************************************
  
   
   Command line: ./JHUGen PDFSet=3 MPhotonCutoff=0 ColliderEnergy=8 Process=60 ghz1_prime2=-12110.2,0 VegasNc1=99999999 VegasNc0=99999999 VegasNc2=99999999 Unweighted=0 ghz2=0,0 ghz1=1,0 pTjetcut=0 deltaRcut=0 ghz4=0,0
   
   Input Parameter:
    Collider: P-P, sqrt(s)= 8000.00
    Resonance: spin=0, mass= 125.00 width=   0.00407
    Z-boson: mass=91.188, width=2.4952
    W-boson: mass=80.399, width=2.0850
    Jet cuts:
            pT >=     0.00 GeV
        DeltaR >=     0.00
           mJJ >=     0.00 GeV
    Random seed:   125819083
    To reproduce results using this seed, JHUGen should be compiled with the same compiler:
      GNU Fortran (GCC) 4.9.3
    
    WidthScheme:   2
    PDFSet:   3
    Unweighted: F
    Intermediate off-shell photons: F
    
    spin-0-VV couplings: 
      generate_as=F
      ghg2=  0.10000000E+01  0.00000000E+00i
      ghz1=  0.10000000E+01  0.00000000E+00i
      ghz1_prime2= -0.12110200E+05  0.00000000E+00i,    Lambda_z1=  1.0000E+04
      Lambda=  1000.0
    
    LHE output: ./data/output.lhe
    Histogram output: ./data/output.dat
    Log file: ./data/output.log
    
  Running

  Input parameters for vegas:  ndim=  9   ncall= 99999999.
                              it=    0    itmx=   15
                              acc=-1.00    
                              mds=  0     nd=  50
                              (xl,xu)= (  0.00000     ,  1.00000     )
                                       (  0.00000     ,  1.00000     )
                                       (  0.00000     ,  1.00000     )
                                       (  0.00000     ,  1.00000     )
                                       (  0.00000     ,  1.00000     )
                                       (  0.00000     ,  1.00000     )
                                       (  0.00000     ,  1.00000     )
                                       (  0.00000     ,  1.00000     )
                                       (  0.00000     ,  1.00000     )

#********** Integration by Vegas (iteration       1) ************
#                                                               *
#  integral  =  8126.2357       accum. integral =  8126.2357    *
#  std. dev. =  287.93166       accum. std. dev =  287.93166    *
#   min/max. wt. =    0.00000             110.917               *
#                                                               *
#*************   chi**2/iteration =  0.000       ****************


#********** Integration by Vegas (iteration       2) ************
#                                                               *
#  integral  =  10839.770       accum. integral =  10124.495    *
#  std. dev. =  229.78977       accum. std. dev =  174.26690    *
#   min/max. wt. =    0.00000             187.896               *
#                                                               *
#*************   chi**2/iteration =  47.02       ****************


#********** Integration by Vegas (iteration       3) ************
#                                                               *
#  integral  =  11205.716       accum. integral =  11125.999    *
#  std. dev. =  57.511902       accum. std. dev =  50.139405    *
#   min/max. wt. =    0.00000             39.5885               *
#                                                               *
#*************   chi**2/iteration =  36.82       ****************


#********** Integration by Vegas (iteration       4) ************
#                                                               *
#  integral  =  11120.046       accum. integral =  11120.414    *
#  std. dev. =  14.094297       accum. std. dev =  12.769798    *
#   min/max. wt. =    0.00000             2.20357               *
#                                                               *
#*************   chi**2/iteration =  23.38       ****************


#********** Integration by Vegas (iteration       5) ************
#                                                               *
#  integral  =  11132.848       accum. integral =  11130.665    *
#  std. dev. =  6.3083463       accum. std. dev =  5.4287447    *
#   min/max. wt. =  -0.205477E-06         1.13531               *
#                                                               *
#*************   chi**2/iteration =  17.23       ****************


#********** Integration by Vegas (iteration       6) ************
#                                                               *
#  integral  =  11131.250       accum. integral =  11130.986    *
#  std. dev. =  5.1851022       accum. std. dev =  3.6777306    *
#   min/max. wt. =  -0.559393E-07        0.136377               *
#                                                               *
#*************   chi**2/iteration =  13.53       ****************


#********** Integration by Vegas (iteration       7) ************
#                                                               *
#  integral  =  11126.615       accum. integral =  11129.237    *
#  std. dev. =  4.7039881       accum. std. dev =  2.8668976    *
#   min/max. wt. =    0.00000            0.244682               *
#                                                               *
#*************   chi**2/iteration =  11.23       ****************


#********** Integration by Vegas (iteration       8) ************
#                                                               *
#  integral  =  11127.804       accum. integral =  11128.817    *
#  std. dev. =  4.6204454       accum. std. dev =  2.4218712    *
#   min/max. wt. =    0.00000            0.239019               *
#                                                               *
#*************   chi**2/iteration =  9.541       ****************


#********** Integration by Vegas (iteration       9) ************
#                                                               *
#  integral  =  11132.252       accum. integral =  11129.602    *
#  std. dev. =  4.5970279       accum. std. dev =  2.1350589    *
#   min/max. wt. =    0.00000            0.413124               *
#                                                               *
#*************   chi**2/iteration =  8.343       ****************


#********** Integration by Vegas (iteration      10) ************
#                                                               *
#  integral  =  11131.002       accum. integral =  11129.864    *
#  std. dev. =  4.5800601       accum. std. dev =  1.9306260    *
#   min/max. wt. =    0.00000            0.222313               *
#                                                               *
#*************   chi**2/iteration =  7.381       ****************


#********** Integration by Vegas (iteration      11) ************
#                                                               *
#  integral  =  11128.418       accum. integral =  11129.636    *
#  std. dev. =  4.5694619       accum. std. dev =  1.7755725    *
#   min/max. wt. =    0.00000            0.210303               *
#                                                               *
#*************   chi**2/iteration =  6.620       ****************


#********** Integration by Vegas (iteration      12) ************
#                                                               *
#  integral  =  11127.806       accum. integral =  11129.389    *
#  std. dev. =  4.6026418       accum. std. dev =  1.6547584    *
#   min/max. wt. =    0.00000            0.293972               *
#                                                               *
#*************   chi**2/iteration =  6.007       ****************


#********** Integration by Vegas (iteration      13) ************
#                                                               *
#  integral  =  11127.896       accum. integral =  11129.213    *
#  std. dev. =  4.6243736       accum. std. dev =  1.5567738    *
#   min/max. wt. =    0.00000            0.234062               *
#                                                               *
#*************   chi**2/iteration =  5.496       ****************


#********** Integration by Vegas (iteration      14) ************
#                                                               *
#  integral  =  11128.828       accum. integral =  11129.173    *
#  std. dev. =  4.6727798       accum. std. dev =  1.4761168    *
#   min/max. wt. =    0.00000            0.267834               *
#                                                               *
#*************   chi**2/iteration =  5.059       ****************


#********** Integration by Vegas (iteration      15) ************
#                                                               *
#  integral  =  11127.702       accum. integral =  11129.037    *
#  std. dev. =  4.7123889       accum. std. dev =  1.4080339    *
#   min/max. wt. =    0.00000            0.201354               *
#                                                               *
#*************   chi**2/iteration =  4.693       ****************

 ****************************************************
 * Writing out vegas grid to ./data/output.grid                                                      
 ****************************************************

  Input parameters for vegas:  ndim=  9   ncall= 99999999.
                              it=    0    itmx=    2
                              acc=-1.00    
                              mds=  0     nd=  50
                              (xl,xu)= (  0.00000     ,  1.00000     )
                                       (  0.00000     ,  1.00000     )
                                       (  0.00000     ,  1.00000     )
                                       (  0.00000     ,  1.00000     )
                                       (  0.00000     ,  1.00000     )
                                       (  0.00000     ,  1.00000     )
                                       (  0.00000     ,  1.00000     )
                                       (  0.00000     ,  1.00000     )
                                       (  0.00000     ,  1.00000     )

#********** Integration by Vegas (iteration       1) ************
#                                                               *
#  integral  =  11127.876       accum. integral =  11127.876    *
#  std. dev. =  4.7546881       accum. std. dev =  4.7546881    *
#   min/max. wt. =    0.00000            0.240389               *
#                                                               *
#*************   chi**2/iteration = -.6591E-06   ****************


#********** Integration by Vegas (iteration       2) ************
#                                                               *
#  integral  =  11117.867       accum. integral =  11122.940    *
#  std. dev. =  4.8160462       accum. std. dev =  3.3835374    *
#   min/max. wt. =    0.00000            0.276101               *
#                                                               *
#*************   chi**2/iteration =  2.185       ****************

 Done
