SLURM job running in:  /work-zfs/lhc/heshy/JHUGen/xsecs_78TeV/JHUGen/JHUGenerator
  ****************************************
 
       NNPDFDriver version 1.0.3
   Grid: ./pdfs/NNPDF30_lo_as_0130.LHgrid                                                                    
  ****************************************
 extending no. of histograms for vbf tests
 
  
  ***************************************************************************************
  *                                JHU Generator v7.0.2                                 *
  ***************************************************************************************
  *                                                                                     *
  *   Spin and parity determination of single-produced resonances at hadron colliders   *
  *                                                                                     *
  *          I. Anderson, S. Bolognesi, F. Caola, Y. Gao, A. Gritsan, Z. Guo,           *
  *        C. Martin, K. Melnikov, R. Rontsch, H. Roskes, U. Sarica, M. Schulze,        *
  *                   N. Tran, A. Whitbeck, M. Xiao, C. You, Y. Zhou                    *
  *              Phys.Rev. D81 (2010) 075022;  arXiv:1001.3396  [hep-ph],               *
  *              Phys.Rev. D86 (2012) 095031;  arXiv:1208.4018  [hep-ph],               *
  *              Phys.Rev. D89 (2014) 035007;  arXiv:1309.4819  [hep-ph],               *
  *              Phys.Rev. D94 (2016) 055023;  arXiv:1606.03107 [hep-ph].               *
  *                                                                                     *
  ***************************************************************************************
  
   
   Command line: ./JHUGen PDFSet=3 MPhotonCutoff=0 ColliderEnergy=13 Process=60 ghz1_prime2=0,0 VegasNc1=99999999 VegasNc0=99999999 VegasNc2=99999999 Unweighted=0 ghz2=0,0 ghz1=1,0 pTjetcut=0 deltaRcut=0 ghz4=2.55502,0
   
   Input Parameter:
    Collider: P-P, sqrt(s)=13000.00
    Resonance: spin=0, mass= 125.00 width=   0.00407
    Z-boson: mass=91.188, width=2.4952
    W-boson: mass=80.399, width=2.0850
    Jet cuts:
            pT >=     0.00 GeV
        DeltaR >=     0.00
           mJJ >=     0.00 GeV
    Random seed:   396104949
    To reproduce results using this seed, JHUGen should be compiled with the same compiler:
      GNU Fortran (GCC) 4.9.3
    
    WidthScheme:   2
    PDFSet:   3
    Unweighted: F
    Intermediate off-shell photons: F
    
    spin-0-VV couplings: 
      generate_as=F
      ghg2=  0.10000000E+01  0.00000000E+00i
      ghz1=  0.10000000E+01  0.00000000E+00i
      ghz4=  0.25550200E+01  0.00000000E+00i
      Lambda=  1000.0
    
    LHE output: ./data/output.lhe
    Histogram output: ./data/output.dat
    Log file: ./data/output.log
    
  Running

  Input parameters for vegas:  ndim=  9   ncall= 99999999.
                              it=    0    itmx=   15
                              acc=-1.00    
                              mds=  0     nd=  50
                              (xl,xu)= (  0.00000     ,  1.00000     )
                                       (  0.00000     ,  1.00000     )
                                       (  0.00000     ,  1.00000     )
                                       (  0.00000     ,  1.00000     )
                                       (  0.00000     ,  1.00000     )
                                       (  0.00000     ,  1.00000     )
                                       (  0.00000     ,  1.00000     )
                                       (  0.00000     ,  1.00000     )
                                       (  0.00000     ,  1.00000     )

#********** Integration by Vegas (iteration       1) ************
#                                                               *
#  integral  =  64755.638       accum. integral =  64755.638    *
#  std. dev. =  4692.6325       accum. std. dev =  4692.6325    *
#   min/max. wt. =    0.00000             3128.86               *
#                                                               *
#*************   chi**2/iteration =  0.000       ****************


#********** Integration by Vegas (iteration       2) ************
#                                                               *
#  integral  =  75021.244       accum. integral =  70822.345    *
#  std. dev. =  4522.8739       accum. std. dev =  3247.7895    *
#   min/max. wt. =    0.00000             4194.77               *
#                                                               *
#*************   chi**2/iteration =  2.413       ****************


#********** Integration by Vegas (iteration       3) ************
#                                                               *
#  integral  =  73221.399       accum. integral =  73004.559    *
#  std. dev. =  1069.7295       accum. std. dev =  991.24413    *
#   min/max. wt. =    0.00000             991.635               *
#                                                               *
#*************   chi**2/iteration =  1.412       ****************


#********** Integration by Vegas (iteration       4) ************
#                                                               *
#  integral  =  72310.687       accum. integral =  72340.119    *
#  std. dev. =  212.05795       accum. std. dev =  204.99795    *
#   min/max. wt. =    0.00000             38.1335               *
#                                                               *
#*************   chi**2/iteration =  1.089       ****************


#********** Integration by Vegas (iteration       5) ************
#                                                               *
#  integral  =  72248.369       accum. integral =  72252.698    *
#  std. dev. =  46.134070       accum. std. dev =  44.627467    *
#   min/max. wt. =    0.00000             4.99224               *
#                                                               *
#*************   chi**2/iteration = 0.8603       ****************


#********** Integration by Vegas (iteration       6) ************
#                                                               *
#  integral  =  72173.721       accum. integral =  72202.685    *
#  std. dev. =  34.234685       accum. std. dev =  27.062265    *
#   min/max. wt. =    0.00000             2.09753               *
#                                                               *
#*************   chi**2/iteration =  1.082       ****************


#********** Integration by Vegas (iteration       7) ************
#                                                               *
#  integral  =  72134.531       accum. integral =  72172.997    *
#  std. dev. =  30.992903       accum. std. dev =  20.348637    *
#   min/max. wt. =  -0.706655E-06         2.02359               *
#                                                               *
#*************   chi**2/iteration =  1.360       ****************


#********** Integration by Vegas (iteration       8) ************
#                                                               *
#  integral  =  72246.725       accum. integral =  72195.641    *
#  std. dev. =  30.771699       accum. std. dev =  16.952447    *
#   min/max. wt. =    0.00000             5.20083               *
#                                                               *
#*************   chi**2/iteration =  1.738       ****************


#********** Integration by Vegas (iteration       9) ************
#                                                               *
#  integral  =  72200.983       accum. integral =  72196.957    *
#  std. dev. =  29.813294       accum. std. dev =  14.726189    *
#   min/max. wt. =    0.00000             1.10938               *
#                                                               *
#*************   chi**2/iteration =  1.522       ****************


#********** Integration by Vegas (iteration      10) ************
#                                                               *
#  integral  =  72182.631       accum. integral =  72194.075    *
#  std. dev. =  29.476390       accum. std. dev =  13.167771    *
#   min/max. wt. =    0.00000             1.76622               *
#                                                               *
#*************   chi**2/iteration =  1.373       ****************


#********** Integration by Vegas (iteration      11) ************
#                                                               *
#  integral  =  72193.766       accum. integral =  72194.026    *
#  std. dev. =  30.499521       accum. std. dev =  12.085848    *
#   min/max. wt. =    0.00000             7.92505               *
#                                                               *
#*************   chi**2/iteration =  1.235       ****************


#********** Integration by Vegas (iteration      12) ************
#                                                               *
#  integral  =  72149.382       accum. integral =  72187.845    *
#  std. dev. =  30.244662       accum. std. dev =  11.221025    *
#   min/max. wt. =    0.00000             1.23577               *
#                                                               *
#*************   chi**2/iteration =  1.294       ****************


#********** Integration by Vegas (iteration      13) ************
#                                                               *
#  integral  =  72227.943       accum. integral =  72192.854    *
#  std. dev. =  29.818240       accum. std. dev =  10.500046    *
#   min/max. wt. =    0.00000             2.41401               *
#                                                               *
#*************   chi**2/iteration =  1.318       ****************


#********** Integration by Vegas (iteration      14) ************
#                                                               *
#  integral  =  72205.807       accum. integral =  72194.309    *
#  std. dev. =  29.613803       accum. std. dev =  9.8950351    *
#   min/max. wt. =    0.00000            0.993357               *
#                                                               *
#*************   chi**2/iteration =  1.229       ****************


#********** Integration by Vegas (iteration      15) ************
#                                                               *
#  integral  =  72210.305       accum. integral =  72195.930    *
#  std. dev. =  29.566261       accum. std. dev =  9.3824506    *
#   min/max. wt. =  -0.257573E-05         1.34256               *
#                                                               *
#*************   chi**2/iteration =  1.160       ****************

 ****************************************************
 * Writing out vegas grid to ./data/output.grid                                                      
 ****************************************************

  Input parameters for vegas:  ndim=  9   ncall= 99999999.
                              it=    0    itmx=    2
                              acc=-1.00    
                              mds=  0     nd=  50
                              (xl,xu)= (  0.00000     ,  1.00000     )
                                       (  0.00000     ,  1.00000     )
                                       (  0.00000     ,  1.00000     )
                                       (  0.00000     ,  1.00000     )
                                       (  0.00000     ,  1.00000     )
                                       (  0.00000     ,  1.00000     )
                                       (  0.00000     ,  1.00000     )
                                       (  0.00000     ,  1.00000     )
                                       (  0.00000     ,  1.00000     )

#********** Integration by Vegas (iteration       1) ************
#                                                               *
#  integral  =  72215.689       accum. integral =  72215.689    *
#  std. dev. =  29.655419       accum. std. dev =  29.655419    *
#   min/max. wt. =    0.00000             1.38754               *
#                                                               *
#*************   chi**2/iteration =  0.000       ****************


#********** Integration by Vegas (iteration       2) ************
#                                                               *
#  integral  =  72175.911       accum. integral =  72195.931    *
#  std. dev. =  29.835071       accum. std. dev =  21.032742    *
#   min/max. wt. =    0.00000             1.48194               *
#                                                               *
#*************   chi**2/iteration = 0.8933       ****************

 Done
