SLURM job running in:  /work-zfs/lhc/heshy/JHUGen/xsecs_78TeV/JHUGen/JHUGenerator
  ****************************************
 
       NNPDFDriver version 1.0.3
   Grid: ./pdfs/NNPDF30_lo_as_0130.LHgrid                                                                    
  ****************************************
 extending no. of histograms for vbf tests
 
  
  ***************************************************************************************
  *                                JHU Generator v7.0.2                                 *
  ***************************************************************************************
  *                                                                                     *
  *   Spin and parity determination of single-produced resonances at hadron colliders   *
  *                                                                                     *
  *          I. Anderson, S. Bolognesi, F. Caola, Y. Gao, A. Gritsan, Z. Guo,           *
  *        C. Martin, K. Melnikov, R. Rontsch, H. Roskes, U. Sarica, M. Schulze,        *
  *                   N. Tran, A. Whitbeck, M. Xiao, C. You, Y. Zhou                    *
  *              Phys.Rev. D81 (2010) 075022;  arXiv:1001.3396  [hep-ph],               *
  *              Phys.Rev. D86 (2012) 095031;  arXiv:1208.4018  [hep-ph],               *
  *              Phys.Rev. D89 (2014) 035007;  arXiv:1309.4819  [hep-ph],               *
  *              Phys.Rev. D94 (2016) 055023;  arXiv:1606.03107 [hep-ph].               *
  *                                                                                     *
  ***************************************************************************************
  
   
   Command line: ./JHUGen PDFSet=3 MPhotonCutoff=0 ColliderEnergy=7 Process=60 ghz1_prime2=0,0 VegasNc1=99999999 VegasNc0=99999999 VegasNc2=99999999 Unweighted=0 ghz2=1.663195,0 ghz1=1,0 pTjetcut=0 deltaRcut=0 ghz4=0,0
   
   Input Parameter:
    Collider: P-P, sqrt(s)= 7000.00
    Resonance: spin=0, mass= 125.00 width=   0.00407
    Z-boson: mass=91.188, width=2.4952
    W-boson: mass=80.399, width=2.0850
    Jet cuts:
            pT >=     0.00 GeV
        DeltaR >=     0.00
           mJJ >=     0.00 GeV
    Random seed:   417023026
    To reproduce results using this seed, JHUGen should be compiled with the same compiler:
      GNU Fortran (GCC) 4.9.3
    
    WidthScheme:   2
    PDFSet:   3
    Unweighted: F
    Intermediate off-shell photons: F
    
    spin-0-VV couplings: 
      generate_as=F
      ghg2=  0.10000000E+01  0.00000000E+00i
      ghz1=  0.10000000E+01  0.00000000E+00i
      ghz2=  0.16631950E+01  0.00000000E+00i
      Lambda=  1000.0
    
    LHE output: ./data/output.lhe
    Histogram output: ./data/output.dat
    Log file: ./data/output.log
    
  Running

  Input parameters for vegas:  ndim=  9   ncall= 99999999.
                              it=    0    itmx=   15
                              acc=-1.00    
                              mds=  0     nd=  50
                              (xl,xu)= (  0.00000     ,  1.00000     )
                                       (  0.00000     ,  1.00000     )
                                       (  0.00000     ,  1.00000     )
                                       (  0.00000     ,  1.00000     )
                                       (  0.00000     ,  1.00000     )
                                       (  0.00000     ,  1.00000     )
                                       (  0.00000     ,  1.00000     )
                                       (  0.00000     ,  1.00000     )
                                       (  0.00000     ,  1.00000     )

#********** Integration by Vegas (iteration       1) ************
#                                                               *
#  integral  =  9720.8748       accum. integral =  9720.8748    *
#  std. dev. =  508.26701       accum. std. dev =  508.26701    *
#   min/max. wt. =    0.00000             435.131               *
#                                                               *
#*************   chi**2/iteration =  0.000       ****************


#********** Integration by Vegas (iteration       2) ************
#                                                               *
#  integral  =  10928.596       accum. integral =  10873.917    *
#  std. dev. =  124.43440       accum. std. dev =  115.06301    *
#   min/max. wt. =    0.00000             78.5879               *
#                                                               *
#*************   chi**2/iteration =  4.757       ****************


#********** Integration by Vegas (iteration       3) ************
#                                                               *
#  integral  =  10931.338       accum. integral =  10930.322    *
#  std. dev. =  16.321038       accum. std. dev =  15.600411    *
#   min/max. wt. =  -0.191901E-06         6.96116               *
#                                                               *
#*************   chi**2/iteration =  2.408       ****************


#********** Integration by Vegas (iteration       4) ************
#                                                               *
#  integral  =  10939.123       accum. integral =  10938.313    *
#  std. dev. =  5.1537319       accum. std. dev =  4.7778811    *
#   min/max. wt. =    0.00000            0.239240               *
#                                                               *
#*************   chi**2/iteration =  1.670       ****************


#********** Integration by Vegas (iteration       5) ************
#                                                               *
#  integral  =  10938.059       accum. integral =  10938.153    *
#  std. dev. =  3.7704108       accum. std. dev =  2.9261446    *
#   min/max. wt. =    0.00000            0.395222               *
#                                                               *
#*************   chi**2/iteration =  1.239       ****************


#********** Integration by Vegas (iteration       6) ************
#                                                               *
#  integral  =  10940.851       accum. integral =  10939.304    *
#  std. dev. =  3.4681744       accum. std. dev =  2.2241216    *
#   min/max. wt. =    0.00000            0.235429               *
#                                                               *
#*************   chi**2/iteration =  1.056       ****************


#********** Integration by Vegas (iteration       7) ************
#                                                               *
#  integral  =  10938.296       accum. integral =  10938.991    *
#  std. dev. =  3.3771079       accum. std. dev =  1.8520806    *
#   min/max. wt. =  -0.908773E-07        0.238508               *
#                                                               *
#*************   chi**2/iteration = 0.8859       ****************


#********** Integration by Vegas (iteration       8) ************
#                                                               *
#  integral  =  10933.881       accum. integral =  10937.756    *
#  std. dev. =  3.3302027       accum. std. dev =  1.6158750    *
#   min/max. wt. =    0.00000            0.839866E-01           *
#                                                               *
#*************   chi**2/iteration =  1.018       ****************


#********** Integration by Vegas (iteration       9) ************
#                                                               *
#  integral  =  10931.755       accum. integral =  10936.603    *
#  std. dev. =  3.3565370       accum. std. dev =  1.4544837    *
#   min/max. wt. =    0.00000            0.417896               *
#                                                               *
#*************   chi**2/iteration =  1.219       ****************


#********** Integration by Vegas (iteration      10) ************
#                                                               *
#  integral  =  10935.550       accum. integral =  10936.431    *
#  std. dev. =  3.3277832       accum. std. dev =  1.3317855    *
#   min/max. wt. =    0.00000            0.174995               *
#                                                               *
#*************   chi**2/iteration =  1.090       ****************


#********** Integration by Vegas (iteration      11) ************
#                                                               *
#  integral  =  10934.675       accum. integral =  10936.185    *
#  std. dev. =  3.3359686       accum. std. dev =  1.2362520    *
#   min/max. wt. =    0.00000            0.209204               *
#                                                               *
#*************   chi**2/iteration =  1.004       ****************


#********** Integration by Vegas (iteration      12) ************
#                                                               *
#  integral  =  10937.361       accum. integral =  10936.328    *
#  std. dev. =  3.3619498       accum. std. dev =  1.1598818    *
#   min/max. wt. =    0.00000            0.797997E-01           *
#                                                               *
#*************   chi**2/iteration = 0.9208       ****************


#********** Integration by Vegas (iteration      13) ************
#                                                               *
#  integral  =  10929.291       accum. integral =  10935.581    *
#  std. dev. =  3.3954047       accum. std. dev =  1.0973553    *
#   min/max. wt. =    0.00000            0.119320               *
#                                                               *
#*************   chi**2/iteration =  1.168       ****************


#********** Integration by Vegas (iteration      14) ************
#                                                               *
#  integral  =  10939.333       accum. integral =  10935.932    *
#  std. dev. =  3.4448834       accum. std. dev =  1.0454019    *
#   min/max. wt. =    0.00000            0.162788               *
#                                                               *
#*************   chi**2/iteration =  1.161       ****************


#********** Integration by Vegas (iteration      15) ************
#                                                               *
#  integral  =  10937.151       accum. integral =  10936.034    *
#  std. dev. =  3.4861214       accum. std. dev =  1.0012245    *
#   min/max. wt. =    0.00000            0.923528E-01           *
#                                                               *
#*************   chi**2/iteration =  1.085       ****************

 ****************************************************
 * Writing out vegas grid to ./data/output.grid                                                      
 ****************************************************

  Input parameters for vegas:  ndim=  9   ncall= 99999999.
                              it=    0    itmx=    2
                              acc=-1.00    
                              mds=  0     nd=  50
                              (xl,xu)= (  0.00000     ,  1.00000     )
                                       (  0.00000     ,  1.00000     )
                                       (  0.00000     ,  1.00000     )
                                       (  0.00000     ,  1.00000     )
                                       (  0.00000     ,  1.00000     )
                                       (  0.00000     ,  1.00000     )
                                       (  0.00000     ,  1.00000     )
                                       (  0.00000     ,  1.00000     )
                                       (  0.00000     ,  1.00000     )

#********** Integration by Vegas (iteration       1) ************
#                                                               *
#  integral  =  10938.759       accum. integral =  10938.759    *
#  std. dev. =  3.5326100       accum. std. dev =  3.5326100    *
#   min/max. wt. =    0.00000            0.914551E-01           *
#                                                               *
#*************   chi**2/iteration = -.1194E-05   ****************


#********** Integration by Vegas (iteration       2) ************
#                                                               *
#  integral  =  10931.600       accum. integral =  10935.234    *
#  std. dev. =  3.5838335       accum. std. dev =  2.5158354    *
#   min/max. wt. =    0.00000            0.930998E-01           *
#                                                               *
#*************   chi**2/iteration =  2.022       ****************

 Done
