SLURM job running in:  /work-zfs/lhc/heshy/JHUGen/xsecs_78TeV/JHUGen/JHUGenerator
  ****************************************
 
       NNPDFDriver version 1.0.3
   Grid: ./pdfs/NNPDF30_lo_as_0130.LHgrid                                                                    
  ****************************************
 extending no. of histograms for vbf tests
 
  
  ***************************************************************************************
  *                                JHU Generator v7.0.2                                 *
  ***************************************************************************************
  *                                                                                     *
  *   Spin and parity determination of single-produced resonances at hadron colliders   *
  *                                                                                     *
  *          I. Anderson, S. Bolognesi, F. Caola, Y. Gao, A. Gritsan, Z. Guo,           *
  *        C. Martin, K. Melnikov, R. Rontsch, H. Roskes, U. Sarica, M. Schulze,        *
  *                   N. Tran, A. Whitbeck, M. Xiao, C. You, Y. Zhou                    *
  *              Phys.Rev. D81 (2010) 075022;  arXiv:1001.3396  [hep-ph],               *
  *              Phys.Rev. D86 (2012) 095031;  arXiv:1208.4018  [hep-ph],               *
  *              Phys.Rev. D89 (2014) 035007;  arXiv:1309.4819  [hep-ph],               *
  *              Phys.Rev. D94 (2016) 055023;  arXiv:1606.03107 [hep-ph].               *
  *                                                                                     *
  ***************************************************************************************
  
   
   Command line: ./JHUGen PDFSet=3 MPhotonCutoff=0 ColliderEnergy=8 Process=60 ghz1_prime2=0,0 VegasNc1=99999999 VegasNc0=99999999 VegasNc2=99999999 Unweighted=0 ghz2=0,0 ghz1=1,0 pTjetcut=15 deltaRcut=0 ghz4=0,0 ghzgs1_prime2=-7613.35130212,0
   
   Input Parameter:
    Collider: P-P, sqrt(s)= 8000.00
    Resonance: spin=0, mass= 125.00 width=   0.00407
    Z-boson: mass=91.188, width=2.4952
    W-boson: mass=80.399, width=2.0850
    Jet cuts:
            pT >=    15.00 GeV
        DeltaR >=     0.00
           mJJ >=     0.00 GeV
    Random seed:   568025024
    To reproduce results using this seed, JHUGen should be compiled with the same compiler:
      GNU Fortran (GCC) 4.9.3
    
    WidthScheme:   2
    PDFSet:   3
    Unweighted: F
    Intermediate off-shell photons: T
    
    spin-0-VV couplings: 
      generate_as=F
      ghg2=  0.10000000E+01  0.00000000E+00i
      ghz1=  0.10000000E+01  0.00000000E+00i
      ghzgs1_prime2= -0.76133513E+04  0.00000000E+00i,  Lambda_zgs1=  1.0000E+04
      Lambda=  1000.0
    
    LHE output: ./data/output.lhe
    Histogram output: ./data/output.dat
    Log file: ./data/output.log
    
  Running

  Input parameters for vegas:  ndim=  9   ncall= 99999999.
                              it=    0    itmx=   15
                              acc=-1.00    
                              mds=  0     nd=  50
                              (xl,xu)= (  0.00000     ,  1.00000     )
                                       (  0.00000     ,  1.00000     )
                                       (  0.00000     ,  1.00000     )
                                       (  0.00000     ,  1.00000     )
                                       (  0.00000     ,  1.00000     )
                                       (  0.00000     ,  1.00000     )
                                       (  0.00000     ,  1.00000     )
                                       (  0.00000     ,  1.00000     )
                                       (  0.00000     ,  1.00000     )

#********** Integration by Vegas (iteration       1) ************
#                                                               *
#  integral  =  921.77197       accum. integral =  921.77197    *
#  std. dev. =  95.216955       accum. std. dev =  95.216955    *
#   min/max. wt. =    0.00000             64.0187               *
#                                                               *
#*************   chi**2/iteration =  0.000       ****************


#********** Integration by Vegas (iteration       2) ************
#                                                               *
#  integral  =  1065.0500       accum. integral =  994.84295    *
#  std. dev. =  107.83973       accum. std. dev =  72.018936    *
#   min/max. wt. =    0.00000             106.815               *
#                                                               *
#*************   chi**2/iteration = 0.9881       ****************


#********** Integration by Vegas (iteration       3) ************
#                                                               *
#  integral  =  1053.7332       accum. integral =  1049.2527    *
#  std. dev. =  21.865035       accum. std. dev =  20.256291    *
#   min/max. wt. =    0.00000             20.4269               *
#                                                               *
#*************   chi**2/iteration = 0.7723       ****************


#********** Integration by Vegas (iteration       4) ************
#                                                               *
#  integral  =  1035.8643       accum. integral =  1036.2191    *
#  std. dev. =  3.4085442       accum. std. dev =  3.3138695    *
#   min/max. wt. =    0.00000             1.03148               *
#                                                               *
#*************   chi**2/iteration = 0.6501       ****************


#********** Integration by Vegas (iteration       5) ************
#                                                               *
#  integral  =  1036.4541       accum. integral =  1036.4353    *
#  std. dev. = 0.99300714       accum. std. dev = 0.94084446    *
#   min/max. wt. =    0.00000            0.429239               *
#                                                               *
#*************   chi**2/iteration = 0.4858       ****************


#********** Integration by Vegas (iteration       6) ************
#                                                               *
#  integral  =  1036.4534       accum. integral =  1036.4470    *
#  std. dev. = 0.70846087       accum. std. dev = 0.56269483    *
#   min/max. wt. =    0.00000            0.632966E-01           *
#                                                               *
#*************   chi**2/iteration = 0.3871       ****************


#********** Integration by Vegas (iteration       7) ************
#                                                               *
#  integral  =  1036.3049       accum. integral =  1036.3782    *
#  std. dev. = 0.58645742       accum. std. dev = 0.40465563    *
#   min/max. wt. =    0.00000            0.351327E-01           *
#                                                               *
#*************   chi**2/iteration = 0.3268       ****************


#********** Integration by Vegas (iteration       8) ************
#                                                               *
#  integral  =  1036.9655       accum. integral =  1036.5826    *
#  std. dev. = 0.55895593       accum. std. dev = 0.32711404    *
#   min/max. wt. =    0.00000            0.220461E-01           *
#                                                               *
#*************   chi**2/iteration = 0.3839       ****************


#********** Integration by Vegas (iteration       9) ************
#                                                               *
#  integral  =  1035.2664       accum. integral =  1036.2313    *
#  std. dev. = 0.54561550       accum. std. dev = 0.28027941    *
#   min/max. wt. =    0.00000            0.233902E-01           *
#                                                               *
#*************   chi**2/iteration = 0.8748       ****************


#********** Integration by Vegas (iteration      10) ************
#                                                               *
#  integral  =  1035.7894       accum. integral =  1036.1366    *
#  std. dev. = 0.53986644       accum. std. dev = 0.24857988    *
#   min/max. wt. =    0.00000            0.185667E-01           *
#                                                               *
#*************   chi**2/iteration = 0.8358       ****************


#********** Integration by Vegas (iteration      11) ************
#                                                               *
#  integral  =  1035.9100       accum. integral =  1036.0966    *
#  std. dev. = 0.54051719       accum. std. dev = 0.22573374    *
#   min/max. wt. =    0.00000            0.188748E-01           *
#                                                               *
#*************   chi**2/iteration = 0.7660       ****************


#********** Integration by Vegas (iteration      12) ************
#                                                               *
#  integral  =  1036.2558       accum. integral =  1036.1203    *
#  std. dev. = 0.54345646       accum. std. dev = 0.20839219    *
#   min/max. wt. =    0.00000            0.282865E-01           *
#                                                               *
#*************   chi**2/iteration = 0.7025       ****************


#********** Integration by Vegas (iteration      13) ************
#                                                               *
#  integral  =  1036.5967       accum. integral =  1036.1812    *
#  std. dev. = 0.54699580       accum. std. dev = 0.19468610    *
#   min/max. wt. =    0.00000            0.219947E-01           *
#                                                               *
#*************   chi**2/iteration = 0.6991       ****************


#********** Integration by Vegas (iteration      14) ************
#                                                               *
#  integral  =  1035.8271       accum. integral =  1036.1405    *
#  std. dev. = 0.54218614       accum. std. dev = 0.18319846    *
#   min/max. wt. =    0.00000            0.366729E-01           *
#                                                               *
#*************   chi**2/iteration = 0.6742       ****************


#********** Integration by Vegas (iteration      15) ************
#                                                               *
#  integral  =  1035.0808       accum. integral =  1036.0334    *
#  std. dev. = 0.54805296       accum. std. dev = 0.17372955    *
#   min/max. wt. =    0.00000            0.328289E-01           *
#                                                               *
#*************   chi**2/iteration = 0.8672       ****************

 ****************************************************
 * Writing out vegas grid to ./data/output.grid                                                      
 ****************************************************

  Input parameters for vegas:  ndim=  9   ncall= 99999999.
                              it=    0    itmx=    2
                              acc=-1.00    
                              mds=  0     nd=  50
                              (xl,xu)= (  0.00000     ,  1.00000     )
                                       (  0.00000     ,  1.00000     )
                                       (  0.00000     ,  1.00000     )
                                       (  0.00000     ,  1.00000     )
                                       (  0.00000     ,  1.00000     )
                                       (  0.00000     ,  1.00000     )
                                       (  0.00000     ,  1.00000     )
                                       (  0.00000     ,  1.00000     )
                                       (  0.00000     ,  1.00000     )

#********** Integration by Vegas (iteration       1) ************
#                                                               *
#  integral  =  1035.8487       accum. integral =  1035.8487    *
#  std. dev. = 0.55800014       accum. std. dev = 0.55800014    *
#   min/max. wt. =    0.00000            0.736775E-01           *
#                                                               *
#*************   chi**2/iteration =  0.000       ****************


#********** Integration by Vegas (iteration       2) ************
#                                                               *
#  integral  =  1035.8248       accum. integral =  1035.8367    *
#  std. dev. = 0.55540627       accum. std. dev = 0.39364543    *
#   min/max. wt. =    0.00000            0.244390E-01           *
#                                                               *
#*************   chi**2/iteration = 0.9232E-03   ****************

 Done
