SLURM job running in:  /work-zfs/lhc/heshy/JHUGen/xsecs_78TeV/JHUGen/JHUGenerator
  ****************************************
 
       NNPDFDriver version 1.0.3
   Grid: ./pdfs/NNPDF30_lo_as_0130.LHgrid                                                                    
  ****************************************
 extending no. of histograms for vbf tests
 
  
  ***************************************************************************************
  *                                JHU Generator v7.0.2                                 *
  ***************************************************************************************
  *                                                                                     *
  *   Spin and parity determination of single-produced resonances at hadron colliders   *
  *                                                                                     *
  *          I. Anderson, S. Bolognesi, F. Caola, Y. Gao, A. Gritsan, Z. Guo,           *
  *        C. Martin, K. Melnikov, R. Rontsch, H. Roskes, U. Sarica, M. Schulze,        *
  *                   N. Tran, A. Whitbeck, M. Xiao, C. You, Y. Zhou                    *
  *              Phys.Rev. D81 (2010) 075022;  arXiv:1001.3396  [hep-ph],               *
  *              Phys.Rev. D86 (2012) 095031;  arXiv:1208.4018  [hep-ph],               *
  *              Phys.Rev. D89 (2014) 035007;  arXiv:1309.4819  [hep-ph],               *
  *              Phys.Rev. D94 (2016) 055023;  arXiv:1606.03107 [hep-ph].               *
  *                                                                                     *
  ***************************************************************************************
  
   
   Command line: ./JHUGen PDFSet=3 MPhotonCutoff=0 ColliderEnergy=8 Process=60 ghz1_prime2=0,0 VegasNc1=99999999 VegasNc0=99999999 VegasNc2=99999999 Unweighted=0 ghz2=0,0 ghz1=0,0 pTjetcut=0 deltaRcut=0 ghz4=1,0
   
   Input Parameter:
    Collider: P-P, sqrt(s)= 8000.00
    Resonance: spin=0, mass= 125.00 width=   0.00407
    Z-boson: mass=91.188, width=2.4952
    W-boson: mass=80.399, width=2.0850
    Jet cuts:
            pT >=     0.00 GeV
        DeltaR >=     0.00
           mJJ >=     0.00 GeV
    Random seed:   912426619
    To reproduce results using this seed, JHUGen should be compiled with the same compiler:
      GNU Fortran (GCC) 4.9.3
    
    WidthScheme:   2
    PDFSet:   3
    Unweighted: F
    Intermediate off-shell photons: F
    
    spin-0-VV couplings: 
      generate_as=F
      ghg2=  0.10000000E+01  0.00000000E+00i
      ghz4=  0.10000000E+01  0.00000000E+00i
      Lambda=  1000.0
    
    LHE output: ./data/output.lhe
    Histogram output: ./data/output.dat
    Log file: ./data/output.log
    
  Running

  Input parameters for vegas:  ndim=  9   ncall= 99999999.
                              it=    0    itmx=   15
                              acc=-1.00    
                              mds=  0     nd=  50
                              (xl,xu)= (  0.00000     ,  1.00000     )
                                       (  0.00000     ,  1.00000     )
                                       (  0.00000     ,  1.00000     )
                                       (  0.00000     ,  1.00000     )
                                       (  0.00000     ,  1.00000     )
                                       (  0.00000     ,  1.00000     )
                                       (  0.00000     ,  1.00000     )
                                       (  0.00000     ,  1.00000     )
                                       (  0.00000     ,  1.00000     )

#********** Integration by Vegas (iteration       1) ************
#                                                               *
#  integral  =  3463.2489       accum. integral =  3463.2489    *
#  std. dev. =  163.22910       accum. std. dev =  163.22910    *
#   min/max. wt. =    0.00000             77.5597               *
#                                                               *
#*************   chi**2/iteration =  0.000       ****************


#********** Integration by Vegas (iteration       2) ************
#                                                               *
#  integral  =  3882.6067       accum. integral =  3871.9265    *
#  std. dev. =  29.582622       accum. std. dev =  27.671343    *
#   min/max. wt. =    0.00000             16.5131               *
#                                                               *
#*************   chi**2/iteration =  5.695       ****************


#********** Integration by Vegas (iteration       3) ************
#                                                               *
#  integral  =  4004.6028       accum. integral =  3996.3687    *
#  std. dev. =  7.7480990       accum. std. dev =  7.1027895    *
#   min/max. wt. =    0.00000             4.94526               *
#                                                               *
#*************   chi**2/iteration =  12.83       ****************


#********** Integration by Vegas (iteration       4) ************
#                                                               *
#  integral  =  4005.4015       accum. integral =  4004.1090    *
#  std. dev. =  3.0669305       accum. std. dev =  2.7256419    *
#   min/max. wt. =    0.00000            0.166531               *
#                                                               *
#*************   chi**2/iteration =  8.764       ****************


#********** Integration by Vegas (iteration       5) ************
#                                                               *
#  integral  =  4002.2283       accum. integral =  4002.7063    *
#  std. dev. =  1.6562116       accum. std. dev =  1.3856380    *
#   min/max. wt. =    0.00000            0.751605E-01           *
#                                                               *
#*************   chi**2/iteration =  6.553       ****************


#********** Integration by Vegas (iteration       6) ************
#                                                               *
#  integral  =  4001.0109       accum. integral =  4001.8820    *
#  std. dev. =  1.4697773       accum. std. dev = 0.99854191    *
#   min/max. wt. =    0.00000            0.794162E-01           *
#                                                               *
#*************   chi**2/iteration =  5.331       ****************


#********** Integration by Vegas (iteration       7) ************
#                                                               *
#  integral  =  4002.9590       accum. integral =  4002.2566    *
#  std. dev. =  1.4041491       accum. std. dev = 0.80954474    *
#   min/max. wt. =    0.00000            0.590129E-01           *
#                                                               *
#*************   chi**2/iteration =  4.475       ****************


#********** Integration by Vegas (iteration       8) ************
#                                                               *
#  integral  =  4000.4093       accum. integral =  4001.7750    *
#  std. dev. =  1.3937238       accum. std. dev = 0.69803784    *
#   min/max. wt. =    0.00000            0.541976E-01           *
#                                                               *
#*************   chi**2/iteration =  4.007       ****************


#********** Integration by Vegas (iteration       9) ************
#                                                               *
#  integral  =  4002.1700       accum. integral =  4001.8565    *
#  std. dev. =  1.3962121       accum. std. dev = 0.62325244    *
#   min/max. wt. =    0.00000            0.529036E-01           *
#                                                               *
#*************   chi**2/iteration =  3.499       ****************


#********** Integration by Vegas (iteration      10) ************
#                                                               *
#  integral  =  4001.3350       accum. integral =  4001.7678    *
#  std. dev. =  1.4004687       accum. std. dev = 0.56876317    *
#   min/max. wt. =  -0.450068E-06        0.476004E-01           *
#                                                               *
#*************   chi**2/iteration =  3.112       ****************


#********** Integration by Vegas (iteration      11) ************
#                                                               *
#  integral  =  4001.9279       accum. integral =  4001.7908    *
#  std. dev. =  1.4086630       accum. std. dev = 0.52698615    *
#   min/max. wt. =    0.00000            0.903855E-01           *
#                                                               *
#*************   chi**2/iteration =  2.794       ****************


#********** Integration by Vegas (iteration      12) ************
#                                                               *
#  integral  =  4003.9679       accum. integral =  4002.0625    *
#  std. dev. =  1.4164634       accum. std. dev = 0.49363027    *
#   min/max. wt. =    0.00000            0.539475E-01           *
#                                                               *
#*************   chi**2/iteration =  2.727       ****************


#********** Integration by Vegas (iteration      13) ************
#                                                               *
#  integral  =  4002.0396       accum. integral =  4002.0600    *
#  std. dev. =  1.4298060       accum. std. dev = 0.46642421    *
#   min/max. wt. =    0.00000            0.375040E-01           *
#                                                               *
#*************   chi**2/iteration =  2.495       ****************


#********** Integration by Vegas (iteration      14) ************
#                                                               *
#  integral  =  4001.1804       accum. integral =  4001.9748    *
#  std. dev. =  1.4410340       accum. std. dev = 0.44363497    *
#   min/max. wt. =    0.00000            0.806767E-01           *
#                                                               *
#*************   chi**2/iteration =  2.326       ****************


#********** Integration by Vegas (iteration      15) ************
#                                                               *
#  integral  =  4000.5879       accum. integral =  4001.8544    *
#  std. dev. =  1.4545900       accum. std. dev = 0.42425324    *
#   min/max. wt. =    0.00000            0.629675E-01           *
#                                                               *
#*************   chi**2/iteration =  2.217       ****************

 ****************************************************
 * Writing out vegas grid to ./data/output.grid                                                      
 ****************************************************

  Input parameters for vegas:  ndim=  9   ncall= 99999999.
                              it=    0    itmx=    2
                              acc=-1.00    
                              mds=  0     nd=  50
                              (xl,xu)= (  0.00000     ,  1.00000     )
                                       (  0.00000     ,  1.00000     )
                                       (  0.00000     ,  1.00000     )
                                       (  0.00000     ,  1.00000     )
                                       (  0.00000     ,  1.00000     )
                                       (  0.00000     ,  1.00000     )
                                       (  0.00000     ,  1.00000     )
                                       (  0.00000     ,  1.00000     )
                                       (  0.00000     ,  1.00000     )

#********** Integration by Vegas (iteration       1) ************
#                                                               *
#  integral  =  4000.8447       accum. integral =  4000.8447    *
#  std. dev. =  1.4670298       accum. std. dev =  1.4670298    *
#   min/max. wt. =    0.00000            0.843546E-01           *
#                                                               *
#*************   chi**2/iteration =  0.000       ****************


#********** Integration by Vegas (iteration       2) ************
#                                                               *
#  integral  =  4000.8058       accum. integral =  4000.8255    *
#  std. dev. =  1.4849426       accum. std. dev =  1.0436221    *
#   min/max. wt. =    0.00000            0.433635E-01           *
#                                                               *
#*************   chi**2/iteration = 0.3474E-03   ****************

 Done
