SLURM job running in:  /work-zfs/lhc/heshy/JHUGen/xsecs_78TeV/JHUGen/JHUGenerator
  ****************************************
 
       NNPDFDriver version 1.0.3
   Grid: ./pdfs/NNPDF30_lo_as_0130.LHgrid                                                                    
  ****************************************
 extending no. of histograms for vbf tests
 
  
  ***************************************************************************************
  *                                JHU Generator v7.0.2                                 *
  ***************************************************************************************
  *                                                                                     *
  *   Spin and parity determination of single-produced resonances at hadron colliders   *
  *                                                                                     *
  *          I. Anderson, S. Bolognesi, F. Caola, Y. Gao, A. Gritsan, Z. Guo,           *
  *        C. Martin, K. Melnikov, R. Rontsch, H. Roskes, U. Sarica, M. Schulze,        *
  *                   N. Tran, A. Whitbeck, M. Xiao, C. You, Y. Zhou                    *
  *              Phys.Rev. D81 (2010) 075022;  arXiv:1001.3396  [hep-ph],               *
  *              Phys.Rev. D86 (2012) 095031;  arXiv:1208.4018  [hep-ph],               *
  *              Phys.Rev. D89 (2014) 035007;  arXiv:1309.4819  [hep-ph],               *
  *              Phys.Rev. D94 (2016) 055023;  arXiv:1606.03107 [hep-ph].               *
  *                                                                                     *
  ***************************************************************************************
  
   
   Command line: ./JHUGen PDFSet=3 MPhotonCutoff=0 ColliderEnergy=7 Process=60 ghz1_prime2=0,0 VegasNc1=99999999 VegasNc0=99999999 VegasNc2=99999999 Unweighted=0 ghz2=0,0 ghz1=1,0 pTjetcut=15 deltaRcut=0 ghz4=0,0
   
   Input Parameter:
    Collider: P-P, sqrt(s)= 7000.00
    Resonance: spin=0, mass= 125.00 width=   0.00407
    Z-boson: mass=91.188, width=2.4952
    W-boson: mass=80.399, width=2.0850
    Jet cuts:
            pT >=    15.00 GeV
        DeltaR >=     0.00
           mJJ >=     0.00 GeV
    Random seed:   154770122
    To reproduce results using this seed, JHUGen should be compiled with the same compiler:
      GNU Fortran (GCC) 4.9.3
    
    WidthScheme:   2
    PDFSet:   3
    Unweighted: F
    Intermediate off-shell photons: F
    
    spin-0-VV couplings: 
      generate_as=F
      ghg2=  0.10000000E+01  0.00000000E+00i
      ghz1=  0.10000000E+01  0.00000000E+00i
      Lambda=  1000.0
    
    LHE output: ./data/output.lhe
    Histogram output: ./data/output.dat
    Log file: ./data/output.log
    
  Running

  Input parameters for vegas:  ndim=  9   ncall= 99999999.
                              it=    0    itmx=   15
                              acc=-1.00    
                              mds=  0     nd=  50
                              (xl,xu)= (  0.00000     ,  1.00000     )
                                       (  0.00000     ,  1.00000     )
                                       (  0.00000     ,  1.00000     )
                                       (  0.00000     ,  1.00000     )
                                       (  0.00000     ,  1.00000     )
                                       (  0.00000     ,  1.00000     )
                                       (  0.00000     ,  1.00000     )
                                       (  0.00000     ,  1.00000     )
                                       (  0.00000     ,  1.00000     )

#********** Integration by Vegas (iteration       1) ************
#                                                               *
#  integral  =  245.69888       accum. integral =  245.69888    *
#  std. dev. =  33.995414       accum. std. dev =  33.995414    *
#   min/max. wt. =    0.00000             22.9578               *
#                                                               *
#*************   chi**2/iteration = -.1259E-10   ****************


#********** Integration by Vegas (iteration       2) ************
#                                                               *
#  integral  =  252.72466       accum. integral =  252.38724    *
#  std. dev. =  7.8539550       accum. std. dev =  7.5572732    *
#   min/max. wt. =    0.00000             5.29916               *
#                                                               *
#*************   chi**2/iteration = 0.3948E-01   ****************


#********** Integration by Vegas (iteration       3) ************
#                                                               *
#  integral  =  259.81700       accum. integral =  259.59356    *
#  std. dev. =  1.3872198       accum. std. dev =  1.3293695    *
#   min/max. wt. =    0.00000            0.593658               *
#                                                               *
#*************   chi**2/iteration = 0.4745       ****************


#********** Integration by Vegas (iteration       4) ************
#                                                               *
#  integral  =  259.79617       accum. integral =  259.77961    *
#  std. dev. = 0.40747064       accum. std. dev = 0.38262578    *
#   min/max. wt. =    0.00000            0.792861E-01           *
#                                                               *
#*************   chi**2/iteration = 0.3190       ****************


#********** Integration by Vegas (iteration       5) ************
#                                                               *
#  integral  =  258.92178       accum. integral =  259.09592    *
#  std. dev. = 0.19639979       accum. std. dev = 0.17298578    *
#   min/max. wt. =  -0.122742E-10        0.150183E-01           *
#                                                               *
#*************   chi**2/iteration =  1.232       ****************


#********** Integration by Vegas (iteration       6) ************
#                                                               *
#  integral  =  259.48943       accum. integral =  259.30313    *
#  std. dev. = 0.16661735       accum. std. dev = 0.11934047    *
#   min/max. wt. =    0.00000            0.106637E-01           *
#                                                               *
#*************   chi**2/iteration =  1.522       ****************


#********** Integration by Vegas (iteration       7) ************
#                                                               *
#  integral  =  259.30501       accum. integral =  259.30384    *
#  std. dev. = 0.15534005       accum. std. dev = 0.94369331E-01*
#   min/max. wt. =    0.00000            0.905527E-02           *
#                                                               *
#*************   chi**2/iteration =  1.264       ****************


#********** Integration by Vegas (iteration       8) ************
#                                                               *
#  integral  =  259.47693       accum. integral =  259.35317    *
#  std. dev. = 0.15115468       accum. std. dev = 0.79909098E-01*
#   min/max. wt. =    0.00000            0.565882E-02           *
#                                                               *
#*************   chi**2/iteration =  1.217       ****************


#********** Integration by Vegas (iteration       9) ************
#                                                               *
#  integral  =  259.64576       accum. integral =  259.41820    *
#  std. dev. = 0.15105333       accum. std. dev = 0.70554507E-01*
#   min/max. wt. =    0.00000            0.135350E-01           *
#                                                               *
#*************   chi**2/iteration =  1.434       ****************


#********** Integration by Vegas (iteration      10) ************
#                                                               *
#  integral  =  259.49171       accum. integral =  259.43175    *
#  std. dev. = 0.14968041       accum. std. dev = 0.63774288E-01*
#   min/max. wt. =    0.00000            0.110513E-01           *
#                                                               *
#*************   chi**2/iteration =  1.295       ****************


#********** Integration by Vegas (iteration      11) ************
#                                                               *
#  integral  =  259.70013       accum. integral =  259.47276    *
#  std. dev. = 0.15145497       accum. std. dev = 0.58745728E-01*
#   min/max. wt. =    0.00000            0.174375E-01           *
#                                                               *
#*************   chi**2/iteration =  1.434       ****************


#********** Integration by Vegas (iteration      12) ************
#                                                               *
#  integral  =  259.66135       accum. integral =  259.49780    *
#  std. dev. = 0.15129018       accum. std. dev = 0.54742065E-01*
#   min/max. wt. =    0.00000            0.615697E-02           *
#                                                               *
#*************   chi**2/iteration =  1.426       ****************


#********** Integration by Vegas (iteration      13) ************
#                                                               *
#  integral  =  259.50551       accum. integral =  259.49870    *
#  std. dev. = 0.15227933       accum. std. dev = 0.51502096E-01*
#   min/max. wt. =  -0.957851E-09        0.134460E-01           *
#                                                               *
#*************   chi**2/iteration =  1.306       ****************


#********** Integration by Vegas (iteration      14) ************
#                                                               *
#  integral  =  259.43033       accum. integral =  259.49160    *
#  std. dev. = 0.15217442       accum. std. dev = 0.48775249E-01*
#   min/max. wt. =  -0.275527E-07        0.121302E-01           *
#                                                               *
#*************   chi**2/iteration =  1.219       ****************


#********** Integration by Vegas (iteration      15) ************
#                                                               *
#  integral  =  259.24097       accum. integral =  259.46827    *
#  std. dev. = 0.15291637       accum. std. dev = 0.46463247E-01*
#   min/max. wt. =    0.00000            0.955385E-02           *
#                                                               *
#*************   chi**2/iteration =  1.306       ****************

 ****************************************************
 * Writing out vegas grid to ./data/output.grid                                                      
 ****************************************************

  Input parameters for vegas:  ndim=  9   ncall= 99999999.
                              it=    0    itmx=    2
                              acc=-1.00    
                              mds=  0     nd=  50
                              (xl,xu)= (  0.00000     ,  1.00000     )
                                       (  0.00000     ,  1.00000     )
                                       (  0.00000     ,  1.00000     )
                                       (  0.00000     ,  1.00000     )
                                       (  0.00000     ,  1.00000     )
                                       (  0.00000     ,  1.00000     )
                                       (  0.00000     ,  1.00000     )
                                       (  0.00000     ,  1.00000     )
                                       (  0.00000     ,  1.00000     )

#********** Integration by Vegas (iteration       1) ************
#                                                               *
#  integral  =  259.57457       accum. integral =  259.57457    *
#  std. dev. = 0.15395281       accum. std. dev = 0.15395281    *
#   min/max. wt. =  -0.113003E-09        0.108207E-01           *
#                                                               *
#*************   chi**2/iteration =  0.000       ****************


#********** Integration by Vegas (iteration       2) ************
#                                                               *
#  integral  =  259.38068       accum. integral =  259.47823    *
#  std. dev. = 0.15479909       accum. std. dev = 0.10915883    *
#   min/max. wt. =    0.00000            0.773723E-02           *
#                                                               *
#*************   chi**2/iteration = 0.7879       ****************

 Done
