SLURM job running in:  /work-zfs/lhc/heshy/JHUGen/xsecs_78TeV/JHUGen/JHUGenerator
  ****************************************
 
       NNPDFDriver version 1.0.3
   Grid: ./pdfs/NNPDF30_lo_as_0130.LHgrid                                                                    
  ****************************************
 extending no. of histograms for vbf tests
 
  
  ***************************************************************************************
  *                                JHU Generator v7.0.2                                 *
  ***************************************************************************************
  *                                                                                     *
  *   Spin and parity determination of single-produced resonances at hadron colliders   *
  *                                                                                     *
  *          I. Anderson, S. Bolognesi, F. Caola, Y. Gao, A. Gritsan, Z. Guo,           *
  *        C. Martin, K. Melnikov, R. Rontsch, H. Roskes, U. Sarica, M. Schulze,        *
  *                   N. Tran, A. Whitbeck, M. Xiao, C. You, Y. Zhou                    *
  *              Phys.Rev. D81 (2010) 075022;  arXiv:1001.3396  [hep-ph],               *
  *              Phys.Rev. D86 (2012) 095031;  arXiv:1208.4018  [hep-ph],               *
  *              Phys.Rev. D89 (2014) 035007;  arXiv:1309.4819  [hep-ph],               *
  *              Phys.Rev. D94 (2016) 055023;  arXiv:1606.03107 [hep-ph].               *
  *                                                                                     *
  ***************************************************************************************
  
   
   Command line: ./JHUGen PDFSet=3 MPhotonCutoff=0 ColliderEnergy=13 Process=60 ghz1_prime2=0,0 VegasNc1=99999999 VegasNc0=99999999 VegasNc2=99999999 Unweighted=0 ghz2=0,0 ghz1=1,0 pTjetcut=0 deltaRcut=0 ghz4=0,0
   
   Input Parameter:
    Collider: P-P, sqrt(s)=13000.00
    Resonance: spin=0, mass= 125.00 width=   0.00407
    Z-boson: mass=91.188, width=2.4952
    W-boson: mass=80.399, width=2.0850
    Jet cuts:
            pT >=     0.00 GeV
        DeltaR >=     0.00
           mJJ >=     0.00 GeV
    Random seed:   841454520
    To reproduce results using this seed, JHUGen should be compiled with the same compiler:
      GNU Fortran (GCC) 4.9.3
    
    WidthScheme:   2
    PDFSet:   3
    Unweighted: F
    Intermediate off-shell photons: F
    
    spin-0-VV couplings: 
      generate_as=F
      ghg2=  0.10000000E+01  0.00000000E+00i
      ghz1=  0.10000000E+01  0.00000000E+00i
      Lambda=  1000.0
    
    LHE output: ./data/output.lhe
    Histogram output: ./data/output.dat
    Log file: ./data/output.log
    
  Running

  Input parameters for vegas:  ndim=  9   ncall= 99999999.
                              it=    0    itmx=   15
                              acc=-1.00    
                              mds=  0     nd=  50
                              (xl,xu)= (  0.00000     ,  1.00000     )
                                       (  0.00000     ,  1.00000     )
                                       (  0.00000     ,  1.00000     )
                                       (  0.00000     ,  1.00000     )
                                       (  0.00000     ,  1.00000     )
                                       (  0.00000     ,  1.00000     )
                                       (  0.00000     ,  1.00000     )
                                       (  0.00000     ,  1.00000     )
                                       (  0.00000     ,  1.00000     )

#********** Integration by Vegas (iteration       1) ************
#                                                               *
#  integral  =  4560.7504       accum. integral =  4560.7504    *
#  std. dev. =  2674.4956       accum. std. dev =  2674.4956    *
#   min/max. wt. =    0.00000             2216.02               *
#                                                               *
#*************   chi**2/iteration =  0.000       ****************


#********** Integration by Vegas (iteration       2) ************
#                                                               *
#  integral  =  843.06941       accum. integral =  857.42318    *
#  std. dev. =  30.779090       accum. std. dev =  119.50054    *
#   min/max. wt. =    0.00000             25.2874               *
#                                                               *
#*************   chi**2/iteration =  3.719       ****************


#********** Integration by Vegas (iteration       3) ************
#                                                               *
#  integral  =  897.96045       accum. integral =  895.27747    *
#  std. dev. =  8.7108602       accum. std. dev =  25.567996    *
#   min/max. wt. =    0.00000             4.32504               *
#                                                               *
#*************   chi**2/iteration =  2.767       ****************


#********** Integration by Vegas (iteration       4) ************
#                                                               *
#  integral  =  961.84872       accum. integral =  946.84567    *
#  std. dev. =  4.8633971       accum. std. dev =  10.727384    *
#   min/max. wt. =  -0.126105E-09         2.74287               *
#                                                               *
#*************   chi**2/iteration =  4.603       ****************


#********** Integration by Vegas (iteration       5) ************
#                                                               *
#  integral  =  966.22666       accum. integral =  963.22375    *
#  std. dev. =  1.8411932       accum. std. dev =  3.8518882    *
#   min/max. wt. =    0.00000            0.323294               *
#                                                               *
#*************   chi**2/iteration =  4.977       ****************


#********** Integration by Vegas (iteration       6) ************
#                                                               *
#  integral  =  968.28004       accum. integral =  967.30589    *
#  std. dev. = 0.82857756       accum. std. dev =  1.5730457    *
#   min/max. wt. =    0.00000            0.140820               *
#                                                               *
#*************   chi**2/iteration =  4.921       ****************


#********** Integration by Vegas (iteration       7) ************
#                                                               *
#  integral  =  968.26033       accum. integral =  967.82824    *
#  std. dev. = 0.67711352       accum. std. dev = 0.99802395    *
#   min/max. wt. =    0.00000            0.631781E-01           *
#                                                               *
#*************   chi**2/iteration =  4.650       ****************


#********** Integration by Vegas (iteration       8) ************
#                                                               *
#  integral  =  968.19394       accum. integral =  967.97246    *
#  std. dev. = 0.62073128       accum. std. dev = 0.73948748    *
#   min/max. wt. =    0.00000            0.637371E-01           *
#                                                               *
#*************   chi**2/iteration =  4.406       ****************


#********** Integration by Vegas (iteration       9) ************
#                                                               *
#  integral  =  968.30735       accum. integral =  968.06859    *
#  std. dev. = 0.61437121       accum. std. dev = 0.59881819    *
#   min/max. wt. =    0.00000            0.133085               *
#                                                               *
#*************   chi**2/iteration =  4.199       ****************


#********** Integration by Vegas (iteration      10) ************
#                                                               *
#  integral  =  969.01299       accum. integral =  968.28541    *
#  std. dev. = 0.60344445       accum. std. dev = 0.50694603    *
#   min/max. wt. =  -0.386795E-11        0.346730E-01           *
#                                                               *
#*************   chi**2/iteration =  4.081       ****************


#********** Integration by Vegas (iteration      11) ************
#                                                               *
#  integral  =  968.70761       accum. integral =  968.36555    *
#  std. dev. = 0.59715364       accum. std. dev = 0.44208242    *
#   min/max. wt. =    0.00000            0.372075E-01           *
#                                                               *
#*************   chi**2/iteration =  3.927       ****************


#********** Integration by Vegas (iteration      12) ************
#                                                               *
#  integral  =  968.39187       accum. integral =  968.36969    *
#  std. dev. = 0.60204267       accum. std. dev = 0.39461998    *
#   min/max. wt. =    0.00000            0.882125E-01           *
#                                                               *
#*************   chi**2/iteration =  3.776       ****************


#********** Integration by Vegas (iteration      13) ************
#                                                               *
#  integral  =  968.13201       accum. integral =  968.33706    *
#  std. dev. = 0.59834961       accum. std. dev = 0.35748039    *
#   min/max. wt. =    0.00000            0.440593E-01           *
#                                                               *
#*************   chi**2/iteration =  3.643       ****************


#********** Integration by Vegas (iteration      14) ************
#                                                               *
#  integral  =  969.89636       accum. integral =  968.51457    *
#  std. dev. = 0.61968970       accum. std. dev = 0.32905640    *
#   min/max. wt. =    0.00000            0.161534               *
#                                                               *
#*************   chi**2/iteration =  3.691       ****************


#********** Integration by Vegas (iteration      15) ************
#                                                               *
#  integral  =  968.07746       accum. integral =  968.46844    *
#  std. dev. = 0.60755075       accum. std. dev = 0.30494431    *
#   min/max. wt. =  -0.267934E-11        0.181417E-01           *
#                                                               *
#*************   chi**2/iteration =  3.584       ****************

 ****************************************************
 * Writing out vegas grid to ./data/output.grid                                                      
 ****************************************************

  Input parameters for vegas:  ndim=  9   ncall= 99999999.
                              it=    0    itmx=    2
                              acc=-1.00    
                              mds=  0     nd=  50
                              (xl,xu)= (  0.00000     ,  1.00000     )
                                       (  0.00000     ,  1.00000     )
                                       (  0.00000     ,  1.00000     )
                                       (  0.00000     ,  1.00000     )
                                       (  0.00000     ,  1.00000     )
                                       (  0.00000     ,  1.00000     )
                                       (  0.00000     ,  1.00000     )
                                       (  0.00000     ,  1.00000     )
                                       (  0.00000     ,  1.00000     )

#********** Integration by Vegas (iteration       1) ************
#                                                               *
#  integral  =  967.90513       accum. integral =  967.90513    *
#  std. dev. = 0.60120449       accum. std. dev = 0.60120449    *
#   min/max. wt. =    0.00000            0.378140E-01           *
#                                                               *
#*************   chi**2/iteration = 0.3221E-06   ****************


#********** Integration by Vegas (iteration       2) ************
#                                                               *
#  integral  =  969.19501       accum. integral =  968.55214    *
#  std. dev. = 0.60007911       accum. std. dev = 0.42471680    *
#   min/max. wt. =    0.00000            0.296921E-01           *
#                                                               *
#*************   chi**2/iteration =  2.304       ****************

 Done
