SLURM job running in:  /work-zfs/lhc/heshy/JHUGen/xsecs_78TeV/JHUGen/JHUGenerator
  ****************************************
 
       NNPDFDriver version 1.0.3
   Grid: ./pdfs/NNPDF30_lo_as_0130.LHgrid                                                                    
  ****************************************
 extending no. of histograms for vbf tests
 
  
  ***************************************************************************************
  *                                JHU Generator v7.0.2                                 *
  ***************************************************************************************
  *                                                                                     *
  *   Spin and parity determination of single-produced resonances at hadron colliders   *
  *                                                                                     *
  *          I. Anderson, S. Bolognesi, F. Caola, Y. Gao, A. Gritsan, Z. Guo,           *
  *        C. Martin, K. Melnikov, R. Rontsch, H. Roskes, U. Sarica, M. Schulze,        *
  *                   N. Tran, A. Whitbeck, M. Xiao, C. You, Y. Zhou                    *
  *              Phys.Rev. D81 (2010) 075022;  arXiv:1001.3396  [hep-ph],               *
  *              Phys.Rev. D86 (2012) 095031;  arXiv:1208.4018  [hep-ph],               *
  *              Phys.Rev. D89 (2014) 035007;  arXiv:1309.4819  [hep-ph],               *
  *              Phys.Rev. D94 (2016) 055023;  arXiv:1606.03107 [hep-ph].               *
  *                                                                                     *
  ***************************************************************************************
  
   
   Command line: ./JHUGen PDFSet=3 MPhotonCutoff=0 ColliderEnergy=13 Process=60 ghz1_prime2=0,0 VegasNc1=99999999 VegasNc0=99999999 VegasNc2=99999999 Unweighted=0 ghz2=0,0 ghz1=0,0 pTjetcut=0 deltaRcut=0 ghz4=1,0
   
   Input Parameter:
    Collider: P-P, sqrt(s)=13000.00
    Resonance: spin=0, mass= 125.00 width=   0.00407
    Z-boson: mass=91.188, width=2.4952
    W-boson: mass=80.399, width=2.0850
    Jet cuts:
            pT >=     0.00 GeV
        DeltaR >=     0.00
           mJJ >=     0.00 GeV
    Random seed:   611029739
    To reproduce results using this seed, JHUGen should be compiled with the same compiler:
      GNU Fortran (GCC) 4.9.3
    
    WidthScheme:   2
    PDFSet:   3
    Unweighted: F
    Intermediate off-shell photons: F
    
    spin-0-VV couplings: 
      generate_as=F
      ghg2=  0.10000000E+01  0.00000000E+00i
      ghz4=  0.10000000E+01  0.00000000E+00i
      Lambda=  1000.0
    
    LHE output: ./data/output.lhe
    Histogram output: ./data/output.dat
    Log file: ./data/output.log
    
  Running

  Input parameters for vegas:  ndim=  9   ncall= 99999999.
                              it=    0    itmx=   15
                              acc=-1.00    
                              mds=  0     nd=  50
                              (xl,xu)= (  0.00000     ,  1.00000     )
                                       (  0.00000     ,  1.00000     )
                                       (  0.00000     ,  1.00000     )
                                       (  0.00000     ,  1.00000     )
                                       (  0.00000     ,  1.00000     )
                                       (  0.00000     ,  1.00000     )
                                       (  0.00000     ,  1.00000     )
                                       (  0.00000     ,  1.00000     )
                                       (  0.00000     ,  1.00000     )

#********** Integration by Vegas (iteration       1) ************
#                                                               *
#  integral  =  12635.951       accum. integral =  12635.951    *
#  std. dev. =  2995.3459       accum. std. dev =  2995.3459    *
#   min/max. wt. =    0.00000             2901.60               *
#                                                               *
#*************   chi**2/iteration =  0.000       ****************


#********** Integration by Vegas (iteration       2) ************
#                                                               *
#  integral  =  11048.298       accum. integral =  11096.868    *
#  std. dev. =  465.25457       accum. std. dev =  492.09802    *
#   min/max. wt. =    0.00000             294.054               *
#                                                               *
#*************   chi**2/iteration = 0.3084       ****************


#********** Integration by Vegas (iteration       3) ************
#                                                               *
#  integral  =  10837.008       accum. integral =  10838.568    *
#  std. dev. =  34.916906       accum. std. dev =  37.054322    *
#   min/max. wt. =    0.00000             6.72638               *
#                                                               *
#*************   chi**2/iteration = 0.3100       ****************


#********** Integration by Vegas (iteration       4) ************
#                                                               *
#  integral  =  10903.025       accum. integral =  10897.958    *
#  std. dev. =  10.230152       accum. std. dev =  10.249726    *
#   min/max. wt. =    0.00000             2.96647               *
#                                                               *
#*************   chi**2/iteration =  1.167       ****************


#********** Integration by Vegas (iteration       5) ************
#                                                               *
#  integral  =  10912.071       accum. integral =  10908.046    *
#  std. dev. =  6.2086460       accum. std. dev =  5.4299267    *
#   min/max. wt. =    0.00000            0.598987               *
#                                                               *
#*************   chi**2/iteration =  1.234       ****************


#********** Integration by Vegas (iteration       6) ************
#                                                               *
#  integral  =  10908.781       accum. integral =  10908.447    *
#  std. dev. =  4.7818044       accum. std. dev =  3.6371518    *
#   min/max. wt. =    0.00000            0.204898               *
#                                                               *
#*************   chi**2/iteration =  1.000       ****************


#********** Integration by Vegas (iteration       7) ************
#                                                               *
#  integral  =  10910.614       accum. integral =  10909.263    *
#  std. dev. =  4.5488397       accum. std. dev =  2.8605231    *
#   min/max. wt. =    0.00000            0.441066               *
#                                                               *
#*************   chi**2/iteration = 0.8625       ****************


#********** Integration by Vegas (iteration       8) ************
#                                                               *
#  integral  =  10913.300       accum. integral =  10910.407    *
#  std. dev. =  4.4400913       accum. std. dev =  2.4143909    *
#   min/max. wt. =    0.00000            0.274482               *
#                                                               *
#*************   chi**2/iteration = 0.8248       ****************


#********** Integration by Vegas (iteration       9) ************
#                                                               *
#  integral  =  10909.219       accum. integral =  10910.149    *
#  std. dev. =  4.4916334       accum. std. dev =  2.1317694    *
#   min/max. wt. =    0.00000            0.411413               *
#                                                               *
#*************   chi**2/iteration = 0.7317       ****************


#********** Integration by Vegas (iteration      10) ************
#                                                               *
#  integral  =  10912.120       accum. integral =  10910.508    *
#  std. dev. =  4.4378216       accum. std. dev =  1.9247274    *
#   min/max. wt. =    0.00000            0.256384               *
#                                                               *
#*************   chi**2/iteration = 0.6702       ****************


#********** Integration by Vegas (iteration      11) ************
#                                                               *
#  integral  =  10907.614       accum. integral =  10910.061    *
#  std. dev. =  4.4253757       accum. std. dev =  1.7671042    *
#   min/max. wt. =    0.00000            0.136390               *
#                                                               *
#*************   chi**2/iteration = 0.6401       ****************


#********** Integration by Vegas (iteration      12) ************
#                                                               *
#  integral  =  10916.898       accum. integral =  10910.969    *
#  std. dev. =  4.4459516       accum. std. dev =  1.6434541    *
#   min/max. wt. =    0.00000            0.184106               *
#                                                               *
#*************   chi**2/iteration = 0.7646       ****************


#********** Integration by Vegas (iteration      13) ************
#                                                               *
#  integral  =  10908.595       accum. integral =  10910.692    *
#  std. dev. =  4.4529095       accum. std. dev =  1.5427580    *
#   min/max. wt. =    0.00000            0.116958               *
#                                                               *
#*************   chi**2/iteration = 0.7229       ****************


#********** Integration by Vegas (iteration      14) ************
#                                                               *
#  integral  =  10906.712       accum. integral =  10910.287    *
#  std. dev. =  4.5182885       accum. std. dev =  1.4606501    *
#   min/max. wt. =    0.00000            0.356462               *
#                                                               *
#*************   chi**2/iteration = 0.7208       ****************


#********** Integration by Vegas (iteration      15) ************
#                                                               *
#  integral  =  10914.204       accum. integral =  10910.637    *
#  std. dev. =  4.6025465       accum. std. dev =  1.3926360    *
#   min/max. wt. =    0.00000            0.769237               *
#                                                               *
#*************   chi**2/iteration = 0.7165       ****************

 ****************************************************
 * Writing out vegas grid to ./data/output.grid                                                      
 ****************************************************

  Input parameters for vegas:  ndim=  9   ncall= 99999999.
                              it=    0    itmx=    2
                              acc=-1.00    
                              mds=  0     nd=  50
                              (xl,xu)= (  0.00000     ,  1.00000     )
                                       (  0.00000     ,  1.00000     )
                                       (  0.00000     ,  1.00000     )
                                       (  0.00000     ,  1.00000     )
                                       (  0.00000     ,  1.00000     )
                                       (  0.00000     ,  1.00000     )
                                       (  0.00000     ,  1.00000     )
                                       (  0.00000     ,  1.00000     )
                                       (  0.00000     ,  1.00000     )

#********** Integration by Vegas (iteration       1) ************
#                                                               *
#  integral  =  10909.436       accum. integral =  10909.436    *
#  std. dev. =  4.5357981       accum. std. dev =  4.5357981    *
#   min/max. wt. =    0.00000            0.113121               *
#                                                               *
#*************   chi**2/iteration = -.7243E-06   ****************


#********** Integration by Vegas (iteration       2) ************
#                                                               *
#  integral  =  10909.563       accum. integral =  10909.500    *
#  std. dev. =  4.5410905       accum. std. dev =  3.2091631    *
#   min/max. wt. =    0.00000            0.224905               *
#                                                               *
#*************   chi**2/iteration = 0.3862E-03   ****************

 Done
