SLURM job running in:  /work-zfs/lhc/heshy/JHUGen/xsecs_78TeV/JHUGen/JHUGenerator
  ****************************************
 
       NNPDFDriver version 1.0.3
   Grid: ./pdfs/NNPDF30_lo_as_0130.LHgrid                                                                    
  ****************************************
 
  
  ***************************************************************************************
  *                                JHU Generator v7.0.2                                 *
  ***************************************************************************************
  *                                                                                     *
  *   Spin and parity determination of single-produced resonances at hadron colliders   *
  *                                                                                     *
  *          I. Anderson, S. Bolognesi, F. Caola, Y. Gao, A. Gritsan, Z. Guo,           *
  *        C. Martin, K. Melnikov, R. Rontsch, H. Roskes, U. Sarica, M. Schulze,        *
  *                   N. Tran, A. Whitbeck, M. Xiao, C. You, Y. Zhou                    *
  *              Phys.Rev. D81 (2010) 075022;  arXiv:1001.3396  [hep-ph],               *
  *              Phys.Rev. D86 (2012) 095031;  arXiv:1208.4018  [hep-ph],               *
  *              Phys.Rev. D89 (2014) 035007;  arXiv:1309.4819  [hep-ph],               *
  *              Phys.Rev. D94 (2016) 055023;  arXiv:1606.03107 [hep-ph].               *
  *                                                                                     *
  ***************************************************************************************
  
   
   Command line: ./JHUGen PDFSet=3 MPhotonCutoff=0 ColliderEnergy=8 Process=50 ghz1_prime2=0,0 VegasNc1=99999999 VegasNc0=99999999 VegasNc2=99999999 Unweighted=0 ghz2=0,0 ghz1=1,0 pTjetcut=0 deltaRcut=0 DecayMode1=11 ghz4=0,0
   
   Input Parameter:
    Collider: P-P, sqrt(s)= 8000.00
    Resonance: spin=0, mass= 125.00 width=   0.00407
    DecayMode1:11
    W-boson: mass=80.399, width=2.0850
    Jet cuts:
            pT >=     0.00 GeV
        DeltaR >=     0.00
           mJJ >=     0.00 GeV
    Random seed:   867309031
    To reproduce results using this seed, JHUGen should be compiled with the same compiler:
      GNU Fortran (GCC) 4.9.3
    
    WidthScheme:   2
    PDFSet:   3
    Unweighted: F
    
    spin-0-VV couplings: 
      generate_as=F
      ghg2=  0.10000000E+01  0.00000000E+00i
      ghz1=  0.10000000E+01  0.00000000E+00i
      Lambda=  1000.0
    
    LHE output: ./data/output.lhe
    Histogram output: ./data/output.dat
    Log file: ./data/output.log
    
  Running

  Input parameters for vegas:  ndim= 19   ncall= 99999999.
                              it=    0    itmx=    5
                              acc=-1.00    
                              mds=  0     nd=  50
                              (xl,xu)= (  0.00000     ,  1.00000     )
                                       (  0.00000     ,  1.00000     )
                                       (  0.00000     ,  1.00000     )
                                       (  0.00000     ,  1.00000     )
                                       (  0.00000     ,  1.00000     )
                                       (  0.00000     ,  1.00000     )
                                       (  0.00000     ,  1.00000     )
                                       (  0.00000     ,  1.00000     )
                                       (  0.00000     ,  1.00000     )
                                       (  0.00000     ,  1.00000     )
                                       (  0.00000     ,  1.00000     )
                                       (  0.00000     ,  1.00000     )
                                       (  0.00000     ,  1.00000     )
                                       (  0.00000     ,  1.00000     )
                                       (  0.00000     ,  1.00000     )
                                       (  0.00000     ,  1.00000     )
                                       (  0.00000     ,  1.00000     )
                                       (  0.00000     ,  1.00000     )
                                       (  0.00000     ,  1.00000     )

#********** Integration by Vegas (iteration       1) ************
#                                                               *
#  integral  =  7757713.4       accum. integral =  7757713.4    *
#  std. dev. =  2979.9410       accum. std. dev =  2979.9410    *
#   min/max. wt. =    0.00000             4.44744               *
#                                                               *
#*************   chi**2/iteration =  0.000       ****************


#********** Integration by Vegas (iteration       2) ************
#                                                               *
#  integral  =  7756416.6       accum. integral =  7756644.8    *
#  std. dev. =  1376.9032       accum. std. dev =  1249.9931    *
#   min/max. wt. =    0.00000             1.75084               *
#                                                               *
#*************   chi**2/iteration = 0.1559       ****************


#********** Integration by Vegas (iteration       3) ************
#                                                               *
#  integral  =  7759514.7       accum. integral =  7758123.6    *
#  std. dev. =  1212.7867       accum. std. dev =  870.37613    *
#   min/max. wt. =    0.00000             2.39028               *
#                                                               *
#*************   chi**2/iteration =  1.435       ****************


#********** Integration by Vegas (iteration       4) ************
#                                                               *
#  integral  =  7759672.1       accum. integral =  7758659.6    *
#  std. dev. =  1196.4356       accum. std. dev =  703.82149    *
#   min/max. wt. =    0.00000             3.29278               *
#                                                               *
#*************   chi**2/iteration =  1.322       ****************


#********** Integration by Vegas (iteration       5) ************
#                                                               *
#  integral  =  7756511.9       accum. integral =  7758105.5    *
#  std. dev. =  1193.2381       accum. std. dev =  606.23008    *
#   min/max. wt. =    0.00000             4.40809               *
#                                                               *
#*************   chi**2/iteration =  1.592       ****************


  Input parameters for vegas:  ndim= 19   ncall= 99999999.
                              it=    0    itmx=    1
                              acc=-1.00    
                              mds=  0     nd=  50
                              (xl,xu)= (  0.00000     ,  1.00000     )
                                       (  0.00000     ,  1.00000     )
                                       (  0.00000     ,  1.00000     )
                                       (  0.00000     ,  1.00000     )
                                       (  0.00000     ,  1.00000     )
                                       (  0.00000     ,  1.00000     )
                                       (  0.00000     ,  1.00000     )
                                       (  0.00000     ,  1.00000     )
                                       (  0.00000     ,  1.00000     )
                                       (  0.00000     ,  1.00000     )
                                       (  0.00000     ,  1.00000     )
                                       (  0.00000     ,  1.00000     )
                                       (  0.00000     ,  1.00000     )
                                       (  0.00000     ,  1.00000     )
                                       (  0.00000     ,  1.00000     )
                                       (  0.00000     ,  1.00000     )
                                       (  0.00000     ,  1.00000     )
                                       (  0.00000     ,  1.00000     )
                                       (  0.00000     ,  1.00000     )

#********** Integration by Vegas (iteration       1) ************
#                                                               *
#  integral  =  7759401.3       accum. integral =  7759401.3    *
#  std. dev. =  1194.1915       accum. std. dev =  1194.1915    *
#   min/max. wt. =    0.00000             7.93044               *
#                                                               *
#*************   chi**2/iteration = -.1096E-04   ****************

 Done
