SLURM job running in:  /work-zfs/lhc/heshy/JHUGen/xsecs_78TeV/JHUGen/JHUGenerator
  ****************************************
 
       NNPDFDriver version 1.0.3
   Grid: ./pdfs/NNPDF30_lo_as_0130.LHgrid                                                                    
  ****************************************
 
  
  ***************************************************************************************
  *                                JHU Generator v7.0.2                                 *
  ***************************************************************************************
  *                                                                                     *
  *   Spin and parity determination of single-produced resonances at hadron colliders   *
  *                                                                                     *
  *          I. Anderson, S. Bolognesi, F. Caola, Y. Gao, A. Gritsan, Z. Guo,           *
  *        C. Martin, K. Melnikov, R. Rontsch, H. Roskes, U. Sarica, M. Schulze,        *
  *                   N. Tran, A. Whitbeck, M. Xiao, C. You, Y. Zhou                    *
  *              Phys.Rev. D81 (2010) 075022;  arXiv:1001.3396  [hep-ph],               *
  *              Phys.Rev. D86 (2012) 095031;  arXiv:1208.4018  [hep-ph],               *
  *              Phys.Rev. D89 (2014) 035007;  arXiv:1309.4819  [hep-ph],               *
  *              Phys.Rev. D94 (2016) 055023;  arXiv:1606.03107 [hep-ph].               *
  *                                                                                     *
  ***************************************************************************************
  
   
   Command line: ./JHUGen PDFSet=3 MPhotonCutoff=0 ColliderEnergy=8 Process=50 ghz1_prime2=-12110.2,0 VegasNc1=99999999 VegasNc0=99999999 VegasNc2=99999999 Unweighted=0 ghz2=0,0 ghz1=1,0 pTjetcut=0 deltaRcut=0 DecayMode1=11 ghz4=0,0
   
   Input Parameter:
    Collider: P-P, sqrt(s)= 8000.00
    Resonance: spin=0, mass= 125.00 width=   0.00407
    DecayMode1:11
    W-boson: mass=80.399, width=2.0850
    Jet cuts:
            pT >=     0.00 GeV
        DeltaR >=     0.00
           mJJ >=     0.00 GeV
    Random seed:   423183940
    To reproduce results using this seed, JHUGen should be compiled with the same compiler:
      GNU Fortran (GCC) 4.9.3
    
    WidthScheme:   2
    PDFSet:   3
    Unweighted: F
    
    spin-0-VV couplings: 
      generate_as=F
      ghg2=  0.10000000E+01  0.00000000E+00i
      ghz1=  0.10000000E+01  0.00000000E+00i
      ghz1_prime2= -0.12110200E+05  0.00000000E+00i,    Lambda_z1=  1.0000E+04
      Lambda=  1000.0
    
    LHE output: ./data/output.lhe
    Histogram output: ./data/output.dat
    Log file: ./data/output.log
    
  Running

  Input parameters for vegas:  ndim= 19   ncall= 99999999.
                              it=    0    itmx=    5
                              acc=-1.00    
                              mds=  0     nd=  50
                              (xl,xu)= (  0.00000     ,  1.00000     )
                                       (  0.00000     ,  1.00000     )
                                       (  0.00000     ,  1.00000     )
                                       (  0.00000     ,  1.00000     )
                                       (  0.00000     ,  1.00000     )
                                       (  0.00000     ,  1.00000     )
                                       (  0.00000     ,  1.00000     )
                                       (  0.00000     ,  1.00000     )
                                       (  0.00000     ,  1.00000     )
                                       (  0.00000     ,  1.00000     )
                                       (  0.00000     ,  1.00000     )
                                       (  0.00000     ,  1.00000     )
                                       (  0.00000     ,  1.00000     )
                                       (  0.00000     ,  1.00000     )
                                       (  0.00000     ,  1.00000     )
                                       (  0.00000     ,  1.00000     )
                                       (  0.00000     ,  1.00000     )
                                       (  0.00000     ,  1.00000     )
                                       (  0.00000     ,  1.00000     )

#********** Integration by Vegas (iteration       1) ************
#                                                               *
#  integral  = 0.25481833E+10   accum. integral = 0.25481833E+10*
#  std. dev. =  1056667.6       accum. std. dev =  1056667.6    *
#   min/max. wt. =    0.00000             9103.04               *
#                                                               *
#*************   chi**2/iteration =  0.000       ****************


#********** Integration by Vegas (iteration       2) ************
#                                                               *
#  integral  = 0.25497052E+10   accum. integral = 0.25494515E+10*
#  std. dev. =  472894.65       accum. std. dev =  431554.40    *
#   min/max. wt. =    0.00000             2309.16               *
#                                                               *
#*************   chi**2/iteration =  1.726       ****************


#********** Integration by Vegas (iteration       3) ************
#                                                               *
#  integral  = 0.25495026E+10   accum. integral = 0.25494776E+10*
#  std. dev. =  422260.47       accum. std. dev =  301803.76    *
#   min/max. wt. =    0.00000             2153.97               *
#                                                               *
#*************   chi**2/iteration = 0.8668       ****************


#********** Integration by Vegas (iteration       4) ************
#                                                               *
#  integral  = 0.25499608E+10   accum. integral = 0.25496433E+10*
#  std. dev. =  417931.68       accum. std. dev =  244668.59    *
#   min/max. wt. =    0.00000             1902.49               *
#                                                               *
#*************   chi**2/iteration = 0.8708       ****************


#********** Integration by Vegas (iteration       5) ************
#                                                               *
#  integral  = 0.25496054E+10   accum. integral = 0.25496336E+10*
#  std. dev. =  416827.07       accum. std. dev =  211002.77    *
#   min/max. wt. =    0.00000             2840.67               *
#                                                               *
#*************   chi**2/iteration = 0.6546       ****************


  Input parameters for vegas:  ndim= 19   ncall= 99999999.
                              it=    0    itmx=    1
                              acc=-1.00    
                              mds=  0     nd=  50
                              (xl,xu)= (  0.00000     ,  1.00000     )
                                       (  0.00000     ,  1.00000     )
                                       (  0.00000     ,  1.00000     )
                                       (  0.00000     ,  1.00000     )
                                       (  0.00000     ,  1.00000     )
                                       (  0.00000     ,  1.00000     )
                                       (  0.00000     ,  1.00000     )
                                       (  0.00000     ,  1.00000     )
                                       (  0.00000     ,  1.00000     )
                                       (  0.00000     ,  1.00000     )
                                       (  0.00000     ,  1.00000     )
                                       (  0.00000     ,  1.00000     )
                                       (  0.00000     ,  1.00000     )
                                       (  0.00000     ,  1.00000     )
                                       (  0.00000     ,  1.00000     )
                                       (  0.00000     ,  1.00000     )
                                       (  0.00000     ,  1.00000     )
                                       (  0.00000     ,  1.00000     )
                                       (  0.00000     ,  1.00000     )

#********** Integration by Vegas (iteration       1) ************
#                                                               *
#  integral  = 0.25496808E+10   accum. integral = 0.25496808E+10*
#  std. dev. =  417025.65       accum. std. dev =  417025.65    *
#   min/max. wt. =    0.00000             2233.57               *
#                                                               *
#*************   chi**2/iteration =  0.000       ****************

 Done
