SLURM job running in:  /work-zfs/lhc/heshy/JHUGen/xsecs_78TeV/JHUGen/JHUGenerator
  ****************************************
 
       NNPDFDriver version 1.0.3
   Grid: ./pdfs/NNPDF30_lo_as_0130.LHgrid                                                                    
  ****************************************
 
  
  ***************************************************************************************
  *                                JHU Generator v7.0.2                                 *
  ***************************************************************************************
  *                                                                                     *
  *   Spin and parity determination of single-produced resonances at hadron colliders   *
  *                                                                                     *
  *          I. Anderson, S. Bolognesi, F. Caola, Y. Gao, A. Gritsan, Z. Guo,           *
  *        C. Martin, K. Melnikov, R. Rontsch, H. Roskes, U. Sarica, M. Schulze,        *
  *                   N. Tran, A. Whitbeck, M. Xiao, C. You, Y. Zhou                    *
  *              Phys.Rev. D81 (2010) 075022;  arXiv:1001.3396  [hep-ph],               *
  *              Phys.Rev. D86 (2012) 095031;  arXiv:1208.4018  [hep-ph],               *
  *              Phys.Rev. D89 (2014) 035007;  arXiv:1309.4819  [hep-ph],               *
  *              Phys.Rev. D94 (2016) 055023;  arXiv:1606.03107 [hep-ph].               *
  *                                                                                     *
  ***************************************************************************************
  
   
   Command line: ./JHUGen PDFSet=3 MPhotonCutoff=0 ColliderEnergy=8 Process=50 ghz1_prime2=0,0 VegasNc1=99999999 VegasNc0=99999999 VegasNc2=99999999 Unweighted=0 ghz2=0,0 ghz1=0,0 pTjetcut=0 deltaRcut=0 DecayMode1=9 ghz4=1,0
   
   Input Parameter:
    Collider: P-P, sqrt(s)= 8000.00
    Resonance: spin=0, mass= 125.00 width=   0.00407
    DecayMode1: 9
    Z-boson: mass=91.188, width=2.4952
    Jet cuts:
            pT >=     0.00 GeV
        DeltaR >=     0.00
           mJJ >=     0.00 GeV
    Random seed:    70596203
    To reproduce results using this seed, JHUGen should be compiled with the same compiler:
      GNU Fortran (GCC) 4.9.3
    
    WidthScheme:   2
    PDFSet:   3
    Unweighted: F
    
    spin-0-VV couplings: 
      generate_as=F
      ghg2=  0.10000000E+01  0.00000000E+00i
      ghz4=  0.10000000E+01  0.00000000E+00i
      Lambda=  1000.0
    
    LHE output: ./data/output.lhe
    Histogram output: ./data/output.dat
    Log file: ./data/output.log
    
  Running

  Input parameters for vegas:  ndim= 19   ncall= 99999999.
                              it=    0    itmx=    5
                              acc=-1.00    
                              mds=  0     nd=  50
                              (xl,xu)= (  0.00000     ,  1.00000     )
                                       (  0.00000     ,  1.00000     )
                                       (  0.00000     ,  1.00000     )
                                       (  0.00000     ,  1.00000     )
                                       (  0.00000     ,  1.00000     )
                                       (  0.00000     ,  1.00000     )
                                       (  0.00000     ,  1.00000     )
                                       (  0.00000     ,  1.00000     )
                                       (  0.00000     ,  1.00000     )
                                       (  0.00000     ,  1.00000     )
                                       (  0.00000     ,  1.00000     )
                                       (  0.00000     ,  1.00000     )
                                       (  0.00000     ,  1.00000     )
                                       (  0.00000     ,  1.00000     )
                                       (  0.00000     ,  1.00000     )
                                       (  0.00000     ,  1.00000     )
                                       (  0.00000     ,  1.00000     )
                                       (  0.00000     ,  1.00000     )
                                       (  0.00000     ,  1.00000     )

#********** Integration by Vegas (iteration       1) ************
#                                                               *
#  integral  =  31031751.       accum. integral =  31031751.    *
#  std. dev. =  11092.929       accum. std. dev =  11092.929    *
#   min/max. wt. =    0.00000             179.585               *
#                                                               *
#*************   chi**2/iteration =  0.000       ****************


#********** Integration by Vegas (iteration       2) ************
#                                                               *
#  integral  =  31015269.       accum. integral =  31019915.    *
#  std. dev. =  6946.2755       accum. std. dev =  5887.9634    *
#   min/max. wt. =    0.00000             73.0184               *
#                                                               *
#*************   chi**2/iteration =  1.585       ****************


#********** Integration by Vegas (iteration       3) ************
#                                                               *
#  integral  =  31017431.       accum. integral =  31018779.    *
#  std. dev. =  6414.9889       accum. std. dev =  4337.8957    *
#   min/max. wt. =    0.00000             87.6869               *
#                                                               *
#*************   chi**2/iteration = 0.8335       ****************


#********** Integration by Vegas (iteration       4) ************
#                                                               *
#  integral  =  31014973.       accum. integral =  31017562.    *
#  std. dev. =  6323.0817       accum. std. dev =  3577.0945    *
#   min/max. wt. =    0.00000             132.015               *
#                                                               *
#*************   chi**2/iteration = 0.6379       ****************


#********** Integration by Vegas (iteration       5) ************
#                                                               *
#  integral  =  31015768.       accum. integral =  31017126.    *
#  std. dev. =  6313.9983       accum. std. dev =  3112.3464    *
#   min/max. wt. =    0.00000             97.8551               *
#                                                               *
#*************   chi**2/iteration = 0.4938       ****************


  Input parameters for vegas:  ndim= 19   ncall= 99999999.
                              it=    0    itmx=    1
                              acc=-1.00    
                              mds=  0     nd=  50
                              (xl,xu)= (  0.00000     ,  1.00000     )
                                       (  0.00000     ,  1.00000     )
                                       (  0.00000     ,  1.00000     )
                                       (  0.00000     ,  1.00000     )
                                       (  0.00000     ,  1.00000     )
                                       (  0.00000     ,  1.00000     )
                                       (  0.00000     ,  1.00000     )
                                       (  0.00000     ,  1.00000     )
                                       (  0.00000     ,  1.00000     )
                                       (  0.00000     ,  1.00000     )
                                       (  0.00000     ,  1.00000     )
                                       (  0.00000     ,  1.00000     )
                                       (  0.00000     ,  1.00000     )
                                       (  0.00000     ,  1.00000     )
                                       (  0.00000     ,  1.00000     )
                                       (  0.00000     ,  1.00000     )
                                       (  0.00000     ,  1.00000     )
                                       (  0.00000     ,  1.00000     )
                                       (  0.00000     ,  1.00000     )

#********** Integration by Vegas (iteration       1) ************
#                                                               *
#  integral  =  31011615.       accum. integral =  31011615.    *
#  std. dev. =  6301.9090       accum. std. dev =  6301.9090    *
#   min/max. wt. =    0.00000             146.787               *
#                                                               *
#*************   chi**2/iteration =  0.000       ****************

 Done
