SLURM job running in:  /work-zfs/lhc/heshy/JHUGen/xsecs_78TeV/JHUGen/JHUGenerator
  ****************************************
 
       NNPDFDriver version 1.0.3
   Grid: ./pdfs/NNPDF30_lo_as_0130.LHgrid                                                                    
  ****************************************
 
  
  ***************************************************************************************
  *                                JHU Generator v7.0.2                                 *
  ***************************************************************************************
  *                                                                                     *
  *   Spin and parity determination of single-produced resonances at hadron colliders   *
  *                                                                                     *
  *          I. Anderson, S. Bolognesi, F. Caola, Y. Gao, A. Gritsan, Z. Guo,           *
  *        C. Martin, K. Melnikov, R. Rontsch, H. Roskes, U. Sarica, M. Schulze,        *
  *                   N. Tran, A. Whitbeck, M. Xiao, C. You, Y. Zhou                    *
  *              Phys.Rev. D81 (2010) 075022;  arXiv:1001.3396  [hep-ph],               *
  *              Phys.Rev. D86 (2012) 095031;  arXiv:1208.4018  [hep-ph],               *
  *              Phys.Rev. D89 (2014) 035007;  arXiv:1309.4819  [hep-ph],               *
  *              Phys.Rev. D94 (2016) 055023;  arXiv:1606.03107 [hep-ph].               *
  *                                                                                     *
  ***************************************************************************************
  
   
   Command line: ./JHUGen PDFSet=3 MPhotonCutoff=4 ColliderEnergy=8 Process=50 ghz1_prime2=0,0 VegasNc1=99999999 VegasNc0=99999999 VegasNc2=99999999 Unweighted=0 ghz2=0,0 ghz1=0,0 pTjetcut=0 deltaRcut=0 DecayMode1=9 ghz4=0,0 ghzgs1_prime2=1,0
   
   Input Parameter:
    Collider: P-P, sqrt(s)= 8000.00
    Resonance: spin=0, mass= 125.00 width=   0.00407
    DecayMode1: 9
    Z-boson: mass=91.188, width=2.4952
    Jet cuts:
            pT >=     0.00 GeV
        DeltaR >=     0.00
           mJJ >=     0.00 GeV
    Random seed:   834271814
    To reproduce results using this seed, JHUGen should be compiled with the same compiler:
      GNU Fortran (GCC) 4.9.3
    
    WidthScheme:   2
    PDFSet:   3
    Unweighted: F
    
    spin-0-VV couplings: 
      generate_as=F
      ghg2=  0.10000000E+01  0.00000000E+00i
      m(gammastar) >=     4.00 GeV
      ghzgs1_prime2=  0.10000000E+01  0.00000000E+00i,  Lambda_zgs1=  1.0000E+04
      Lambda=  1000.0
    
    LHE output: ./data/output.lhe
    Histogram output: ./data/output.dat
    Log file: ./data/output.log
    
  Running

  Input parameters for vegas:  ndim= 19   ncall= 99999999.
                              it=    0    itmx=    5
                              acc=-1.00    
                              mds=  0     nd=  50
                              (xl,xu)= (  0.00000     ,  1.00000     )
                                       (  0.00000     ,  1.00000     )
                                       (  0.00000     ,  1.00000     )
                                       (  0.00000     ,  1.00000     )
                                       (  0.00000     ,  1.00000     )
                                       (  0.00000     ,  1.00000     )
                                       (  0.00000     ,  1.00000     )
                                       (  0.00000     ,  1.00000     )
                                       (  0.00000     ,  1.00000     )
                                       (  0.00000     ,  1.00000     )
                                       (  0.00000     ,  1.00000     )
                                       (  0.00000     ,  1.00000     )
                                       (  0.00000     ,  1.00000     )
                                       (  0.00000     ,  1.00000     )
                                       (  0.00000     ,  1.00000     )
                                       (  0.00000     ,  1.00000     )
                                       (  0.00000     ,  1.00000     )
                                       (  0.00000     ,  1.00000     )
                                       (  0.00000     ,  1.00000     )

#********** Integration by Vegas (iteration       1) ************
#                                                               *
#  integral  =  1.1767297       accum. integral =  1.1767297    *
#  std. dev. = 0.38688207E-03   accum. std. dev = 0.38688207E-03*
#   min/max. wt. =    0.00000            0.216522E-05           *
#                                                               *
#*************   chi**2/iteration =  0.000       ****************


#********** Integration by Vegas (iteration       2) ************
#                                                               *
#  integral  =  1.1766555       accum. integral =  1.1766735    *
#  std. dev. = 0.21858165E-03   accum. std. dev = 0.19031129E-03*
#   min/max. wt. =    0.00000            0.822803E-06           *
#                                                               *
#*************   chi**2/iteration = 0.2785E-01   ****************


#********** Integration by Vegas (iteration       3) ************
#                                                               *
#  integral  =  1.1767045       accum. integral =  1.1766882    *
#  std. dev. = 0.20048533E-03   accum. std. dev = 0.13802686E-03*
#   min/max. wt. =    0.00000            0.993209E-06           *
#                                                               *
#*************   chi**2/iteration = 0.2022E-01   ****************


#********** Integration by Vegas (iteration       4) ************
#                                                               *
#  integral  =  1.1768155       accum. integral =  1.1767300    *
#  std. dev. = 0.19761481E-03   accum. std. dev = 0.11315671E-03*
#   min/max. wt. =    0.00000            0.919221E-06           *
#                                                               *
#*************   chi**2/iteration = 0.1065       ****************


#********** Integration by Vegas (iteration       5) ************
#                                                               *
#  integral  =  1.1765828       accum. integral =  1.1766935    *
#  std. dev. = 0.19727315E-03   accum. std. dev = 0.98155982E-04*
#   min/max. wt. =    0.00000            0.700217E-06           *
#                                                               *
#*************   chi**2/iteration = 0.1845       ****************


  Input parameters for vegas:  ndim= 19   ncall= 99999999.
                              it=    0    itmx=    1
                              acc=-1.00    
                              mds=  0     nd=  50
                              (xl,xu)= (  0.00000     ,  1.00000     )
                                       (  0.00000     ,  1.00000     )
                                       (  0.00000     ,  1.00000     )
                                       (  0.00000     ,  1.00000     )
                                       (  0.00000     ,  1.00000     )
                                       (  0.00000     ,  1.00000     )
                                       (  0.00000     ,  1.00000     )
                                       (  0.00000     ,  1.00000     )
                                       (  0.00000     ,  1.00000     )
                                       (  0.00000     ,  1.00000     )
                                       (  0.00000     ,  1.00000     )
                                       (  0.00000     ,  1.00000     )
                                       (  0.00000     ,  1.00000     )
                                       (  0.00000     ,  1.00000     )
                                       (  0.00000     ,  1.00000     )
                                       (  0.00000     ,  1.00000     )
                                       (  0.00000     ,  1.00000     )
                                       (  0.00000     ,  1.00000     )
                                       (  0.00000     ,  1.00000     )

#********** Integration by Vegas (iteration       1) ************
#                                                               *
#  integral  =  1.1767648       accum. integral =  1.1767648    *
#  std. dev. = 0.19696330E-03   accum. std. dev = 0.19696330E-03*
#   min/max. wt. =    0.00000            0.731526E-06           *
#                                                               *
#*************   chi**2/iteration =  0.000       ****************

 Done
